/!\ WARNING /!\

You have security/openssl installed but do not have
DEFAULT_VERSIONS+=ssl=openssl set in your make.conf

===>   NOTICE:

The zen-browser port currently does not have a maintainer. As a result, it is
more likely to have unresolved issues, not be up-to-date, or even be removed in
the future. To volunteer to maintain this port, please create an issue at:

https://bugs.freebsd.org/bugzilla

More information about port maintainership is available at:

https://docs.freebsd.org/en/articles/contributing/#ports-contributing

===>  License MPL20 accepted by the user
===>   zen-browser-1.17.12.b depends on file: /usr/local/sbin/pkg - found
===> Fetching all distfiles required by zen-browser-1.17.12.b for building
===>  Extracting for zen-browser-1.17.12.b
=> SHA256 Checksum OK for zen.source.tar.zst.
===>  Patching for zen-browser-1.17.12.b
===>  Applying FreeBSD patches for zen-browser-1.17.12.b from /home/berke/workdir/www/zen-browser/files
===>   zen-browser-1.17.12.b depends on package: nspr>=4.32 - found
===>   zen-browser-1.17.12.b depends on package: nss>=3.118 - found
===>   zen-browser-1.17.12.b depends on package: icu>=76.1 - found
===>   zen-browser-1.17.12.b depends on package: libevent>=2.1.8 - found
===>   zen-browser-1.17.12.b depends on package: harfbuzz>=10.1.0 - found
===>   zen-browser-1.17.12.b depends on package: graphite2>=1.3.14 - found
===>   zen-browser-1.17.12.b depends on package: png>=1.6.45 - found
===>   zen-browser-1.17.12.b depends on package: dav1d>=1.0.0 - found
===>   zen-browser-1.17.12.b depends on package: libvpx>=1.15.0 - found
===>   zen-browser-1.17.12.b depends on package: py311-sqlite3>0 - found
===>   zen-browser-1.17.12.b depends on package: v4l_compat>0 - found
===>   zen-browser-1.17.12.b depends on executable: nasm - found
===>   zen-browser-1.17.12.b depends on executable: yasm - found
===>   zen-browser-1.17.12.b depends on executable: zip - found
===>   zen-browser-1.17.12.b depends on package: alsa-lib>=1.2.14 - found
===>   zen-browser-1.17.12.b depends on package: rust-cbindgen>=0.29.1 - found
===>   zen-browser-1.17.12.b depends on package: rust>=1.91.0 - found
===>   zen-browser-1.17.12.b depends on package: gmake>=4.4.1 - found
===>   zen-browser-1.17.12.b depends on file: /usr/local/bin/python3.11 - found
===>   zen-browser-1.17.12.b depends on executable: update-desktop-database - found
===>   zen-browser-1.17.12.b depends on package: pkgconf>=1.3.0_1 - found
===>   zen-browser-1.17.12.b depends on package: libiconv>=1.14_11 - found
===>   zen-browser-1.17.12.b depends on executable: llvm-config19 - found
===>   zen-browser-1.17.12.b depends on executable: node - found
===>   zen-browser-1.17.12.b depends on package: xorgproto>=0 - found
===>   zen-browser-1.17.12.b depends on file: /usr/local/libdata/pkgconfig/x11.pc - found
===>   zen-browser-1.17.12.b depends on file: /usr/local/libdata/pkgconfig/xcb.pc - found
===>   zen-browser-1.17.12.b depends on file: /usr/local/libdata/pkgconfig/xcomposite.pc - found
===>   zen-browser-1.17.12.b depends on file: /usr/local/libdata/pkgconfig/xdamage.pc - found
===>   zen-browser-1.17.12.b depends on file: /usr/local/libdata/pkgconfig/xext.pc - found
===>   zen-browser-1.17.12.b depends on file: /usr/local/libdata/pkgconfig/xfixes.pc - found
===>   zen-browser-1.17.12.b depends on file: /usr/local/libdata/pkgconfig/xrandr.pc - found
===>   zen-browser-1.17.12.b depends on file: /usr/local/libdata/pkgconfig/xrender.pc - found
===>   zen-browser-1.17.12.b depends on file: /usr/local/libdata/pkgconfig/xt.pc - found
===>   zen-browser-1.17.12.b depends on file: /usr/local/libdata/pkgconfig/xtst.pc - found
===>   zen-browser-1.17.12.b depends on file: /usr/local/bin/ccache - found
===>   zen-browser-1.17.12.b depends on shared library: libdrm.so - found (/usr/local/lib/libdrm.so)
===>   zen-browser-1.17.12.b depends on shared library: libepoll-shim.so - found (/usr/local/lib/libepoll-shim.so)
===>   zen-browser-1.17.12.b depends on shared library: libfontconfig.so - found (/usr/local/lib/libfontconfig.so)
===>   zen-browser-1.17.12.b depends on shared library: libfreetype.so - found (/usr/local/lib/libfreetype.so)
===>   zen-browser-1.17.12.b depends on shared library: libevent.so - found (/usr/local/lib/libevent.so)
===>   zen-browser-1.17.12.b depends on shared library: libffi.so - found (/usr/local/lib/libffi.so)
===>   zen-browser-1.17.12.b depends on shared library: libicui18n.so - found (/usr/local/lib/libicui18n.so)
===>   zen-browser-1.17.12.b depends on shared library: libnspr4.so - found (/usr/local/lib/libnspr4.so)
===>   zen-browser-1.17.12.b depends on shared library: libnss3.so - found (/usr/local/lib/libnss3.so)
===>   zen-browser-1.17.12.b depends on shared library: libpng.so - found (/usr/local/lib/libpng.so)
===>   zen-browser-1.17.12.b depends on shared library: libpixman-1.so - found (/usr/local/lib/libpixman-1.so)
===>   zen-browser-1.17.12.b depends on shared library: libvpx.so - found (/usr/local/lib/libvpx.so)
===>   zen-browser-1.17.12.b depends on shared library: libwebp.so - found (/usr/local/lib/libwebp.so)
===>   zen-browser-1.17.12.b depends on shared library: libGL.so - found (/usr/local/lib/libGL.so)
===>   zen-browser-1.17.12.b depends on shared library: libatk-1.0.so - found (/usr/local/lib/libatk-1.0.so)
===>   zen-browser-1.17.12.b depends on shared library: libcairo.so - found (/usr/local/lib/libcairo.so)
===>   zen-browser-1.17.12.b depends on shared library: libgdk_pixbuf-2.0.so - found (/usr/local/lib/libgdk_pixbuf-2.0.so)
===>   zen-browser-1.17.12.b depends on shared library: libglib-2.0.so - found (/usr/local/lib/libglib-2.0.so)
===>   zen-browser-1.17.12.b depends on shared library: libintl.so - found (/usr/local/lib/libintl.so)
===>   zen-browser-1.17.12.b depends on shared library: libgtk-3.so - found (/usr/local/lib/libgtk-3.so)
===>   zen-browser-1.17.12.b depends on shared library: libharfbuzz.so - found (/usr/local/lib/libharfbuzz.so)
===>   zen-browser-1.17.12.b depends on shared library: libpango-1.0.so - found (/usr/local/lib/libpango-1.0.so)
===>   zen-browser-1.17.12.b depends on shared library: libjpeg.so - found (/usr/local/lib/libjpeg.so)
===>  Configuring for zen-browser-1.17.12.b
cd /home/berke/workdir/www/zen-browser/work && ./mach configure
 0:00.81 Using Python 3.11.13 from /root/.mozbuild/srcdirs/work-19357a123b84/_virtualenvs/build/bin/python
 0:00.82 Adding configure options from /home/berke/workdir/www/zen-browser/work/.mozconfig
 0:00.82   --without-wasm-sandboxed-libraries
 0:00.82   --prefix=/usr/local
 0:00.82   --with-libclang-path=/usr/local/llvm19/lib
 0:00.82   --with-system-libevent
 0:00.82   --enable-system-ffi
 0:00.82   --with-system-icu
 0:00.82   --with-intl-api
 0:00.82   --with-system-jpeg=/usr/local
 0:00.82   --with-system-nspr
 0:00.82   --with-system-nss
 0:00.82   --with-system-png
 0:00.82   --enable-system-pixman
 0:00.82   --with-system-libvpx
 0:00.82   --with-system-webp
 0:00.82   --enable-update-channel=release
 0:00.82   --disable-updater
 0:00.82   --with-system-zlib
 0:00.82   --disable-optimize
 0:00.82   --disable-dbus
 0:00.82   --disable-libproxy
 0:00.82   --disable-pulseaudio
 0:00.82   --disable-sndio
 0:00.82   --disable-debug
 0:00.82   --disable-debug-symbols
 0:00.82   --enable-release
 0:00.82   --enable-rust-simd
 0:00.82   --disable-profiling
 0:00.82   --disable-tests
 0:00.82   --enable-strip
 0:00.82   --enable-install-strip
 0:00.82   RUSTFLAGS=
 0:00.82   XDG_CACHE_HOME=/home/berke/workdir/www/zen-browser/work/.cache
 0:00.82   RUSTC=/usr/local/bin/rustc
 0:00.82   MOZ_GOOGLE_LOCATION_SERVICE_API_KEY=AIzaSyBsp9n41JLW8jCokwn7vhoaMejDFRd1mp8
 0:00.82   XDG_DATA_HOME=/home/berke/workdir/www/zen-browser/work
 0:00.82   MOZ_GOOGLE_SAFEBROWSING_API_KEY=AIzaSyBsp9n41JLW8jCokwn7vhoaMejDFRd1mp8
 0:00.82   XDG_CONFIG_HOME=/home/berke/workdir/www/zen-browser/work
 0:00.82   PKG_CONFIG=pkgconf
 0:00.82   PYTHON3=/usr/local/bin/python3.11
 0:00.82   CARGO=/usr/local/bin/cargo
 0:00.82   MAKE=/usr/local/bin/gmake
 0:00.82   PYTHON=/usr/local/bin/python3.11
 0:00.82   PKG_CONFIG_LIBDIR=/home/berke/workdir/www/zen-browser/work/.pkgconfig:/usr/local/libdata/pkgconfig:/usr/local/share/pkgconfig:/usr/libdata/pkgconfig
 0:00.82   CONFIG_SHELL=/bin/sh
 0:00.82   HOME=/home/berke/workdir/www/zen-browser/work
 0:00.82 checking for vcs source checkout... no
 0:00.90 checking for a shell... /bin/sh
 0:00.92 checking for host system type... x86_64-unknown-freebsd15.0
 0:00.92 checking for target system type... x86_64-unknown-freebsd15.0
 0:01.48 checking whether cross compiling... no
 0:01.62 checking if configuration file confvars.sh exists... /home/berke/workdir/www/zen-browser/work/browser/confvars.sh
 0:01.62 checking if configuration file configure.sh exists... /home/berke/workdir/www/zen-browser/work/browser/branding/unofficial/configure.sh
 0:01.73 checking for Python 3... /root/.mozbuild/srcdirs/work-19357a123b84/_virtualenvs/build/bin/python (3.11.13)
 0:01.73 checking for ccache... not found
 0:01.74 checking for the target C compiler... /usr/local/bin/clang
 0:01.88 checking whether the target C compiler can be used... yes
 0:01.88 checking the target C compiler version... 19.1.7
 0:01.96 checking the target C compiler works... yes
 0:01.96 checking for the target C++ compiler... /usr/local/bin/clang++
 0:02.10 checking whether the target C++ compiler can be used... yes
 0:02.10 checking the target C++ compiler version... 19.1.7
 0:02.18 checking the target C++ compiler works... yes
 0:02.18 checking for the host C compiler... /usr/local/bin/clang
 0:02.18 checking whether the host C compiler can be used... yes
 0:02.18 checking the host C compiler version... 19.1.7
 0:02.18 checking the host C compiler works... yes
 0:02.19 checking for the host C++ compiler... /usr/local/bin/clang++
 0:02.19 checking whether the host C++ compiler can be used... yes
 0:02.19 checking the host C++ compiler version... 19.1.7
 0:02.19 checking the host C++ compiler works... yes
 0:02.28 checking for target linker... lld
 0:02.38 checking for host linker... lld
 0:02.80 checking for 64-bit OS... yes
 0:02.96 checking for __thread keyword for TLS variables... yes
 0:03.07 checking for unwind.h... yes
 0:03.27 checking for _Unwind_Backtrace... yes
 0:03.27 checking for the assembler... /usr/local/bin/clang
 0:03.37 checking for llvm-objdump... /usr/local/llvm19/bin/llvm-objdump
 0:03.48 checking for ar... /usr/local/llvm19/bin/llvm-ar
 0:03.62 checking whether ar supports response files... yes
 0:03.70 checking for host_ar... /usr/local/llvm19/bin/llvm-ar
 0:03.84 checking for -mavxvnni support... yes
 0:03.92 checking for -mavx512bw support... yes
 0:04.00 checking for -mavx512vnni support... yes
 0:04.00 checking for pkg_config... /usr/local/bin/pkgconf
 0:04.01 checking for pkg-config version... 2.4.3
 0:04.02 checking whether pkg-config is pkgconf... yes
 0:04.03 WARNING: When not building jemalloc, you need to build with --with-redist or set WIN32_REDIST_DIR.
 0:04.21 checking for strndup... yes
 0:04.38 checking for posix_memalign... yes
 0:04.62 checking for memalign... yes
 0:04.83 checking for malloc_usable_size... yes
 0:04.93 checking for malloc.h... yes
 0:05.02 checking whether malloc_usable_size definition can use const argument... yes
 0:05.11 checking for stdint.h... yes
 0:05.20 checking for inttypes.h... yes
 0:05.28 checking for alloca.h... no
 0:05.36 checking for sys/byteorder.h... no
 0:05.45 checking for getopt.h... yes
 0:05.54 checking for unistd.h... yes
 0:05.62 checking for nl_types.h... yes
 0:05.69 checking for cpuid.h... yes
 0:05.77 checking for fts.h... yes
 0:05.84 checking for sys/statvfs.h... yes
 0:05.95 checking for sys/statfs.h... no
 0:06.15 checking for sys/vfs.h... no
 0:06.26 checking for sys/mount.h... yes
 0:06.35 checking for sys/quota.h... no
 0:06.43 checking for sys/queue.h... yes
 0:06.55 checking for sys/types.h... yes
 0:06.63 checking for netinet/in.h... yes
 0:06.71 checking for byteswap.h... yes
 0:06.79 checking for memfd_create in sys/mman.h... yes
 0:06.94 checking for clock_gettime(CLOCK_MONOTONIC)... yes
 0:07.11 checking for res_ninit()... yes
 0:07.32 checking for dladdr... yes
 0:07.46 checking for dlfcn.h... yes
 0:07.61 checking for dlopen in -ldl... yes
 0:07.75 checking for gethostbyname_r in -lc_r... no
 0:07.89 checking for socket in -lsocket... no
 0:08.03 checking for pthread_create... no
 0:08.17 checking for pthread_create in -lpthread... yes
 0:08.33 checking for pthread.h... yes
 0:08.46 checking whether the C compiler supports -pthread... yes
 0:08.97 checking whether 64-bits std::atomic requires -latomic... no
 0:09.10 checking whether the C compiler supports -Wbitfield-enum-conversion... yes
 0:09.29 checking whether the C++ compiler supports -Wbitfield-enum-conversion... yes
 0:09.47 checking whether the C compiler supports -Wformat-type-confusion... yes
 0:09.64 checking whether the C++ compiler supports -Wformat-type-confusion... yes
 0:09.73 checking whether the C compiler supports -Wshadow-field-in-constructor-modified... yes
 0:09.82 checking whether the C++ compiler supports -Wshadow-field-in-constructor-modified... yes
 0:09.90 checking whether the C compiler supports -Wtautological-constant-in-range-compare... yes
 0:09.99 checking whether the C++ compiler supports -Wtautological-constant-in-range-compare... yes
 0:10.07 checking whether the C compiler supports -Wno-error=tautological-type-limit-compare... yes
 0:10.16 checking whether the C++ compiler supports -Wno-error=tautological-type-limit-compare... yes
 0:10.25 checking whether the C compiler supports -Wunreachable-code-return... yes
 0:10.34 checking whether the C++ compiler supports -Wunreachable-code-return... yes
 0:10.43 checking whether the C compiler supports -Wunused-but-set-parameter... yes
 0:10.52 checking whether the C++ compiler supports -Wunused-but-set-parameter... yes
 0:10.60 checking whether the C compiler supports -Wclass-varargs... yes
 0:10.69 checking whether the C++ compiler supports -Wclass-varargs... yes
 0:10.78 checking whether the C++ compiler supports -Wempty-init-stmt... yes
 0:10.87 checking whether the C compiler supports -Wfloat-overflow-conversion... yes
 0:10.96 checking whether the C++ compiler supports -Wfloat-overflow-conversion... yes
 0:11.04 checking whether the C compiler supports -Wfloat-zero-conversion... yes
 0:11.13 checking whether the C++ compiler supports -Wfloat-zero-conversion... yes
 0:11.22 checking whether the C compiler supports -Wloop-analysis... yes
 0:11.33 checking whether the C++ compiler supports -Wloop-analysis... yes
 0:11.41 checking whether the C compiler supports -Wno-range-loop-analysis... yes
 0:11.49 checking whether the C++ compiler supports -Wno-range-loop-analysis... yes
 0:11.58 checking whether the C++ compiler supports -Wcomma-subscript... no
 0:11.66 checking whether the C compiler supports -Wenum-compare-conditional... yes
 0:11.75 checking whether the C++ compiler supports -Wenum-compare-conditional... yes
 0:11.82 checking whether the C compiler supports -Wenum-float-conversion... yes
 0:11.91 checking whether the C++ compiler supports -Wenum-float-conversion... yes
 0:12.00 checking whether the C++ compiler supports -Wvolatile... no
 0:12.08 checking whether the C++ compiler supports -Wno-deprecated-anon-enum-enum-conversion... yes
 0:12.16 checking whether the C++ compiler supports -Wno-deprecated-enum-enum-conversion... yes
 0:12.24 checking whether the C++ compiler supports -Wno-deprecated-this-capture... yes
 0:12.33 checking whether the C++ compiler supports -Wcomma... yes
 0:12.41 checking whether the C compiler supports -Wduplicated-cond... no
 0:12.49 checking whether the C++ compiler supports -Wduplicated-cond... no
 0:12.59 checking whether the C++ compiler supports -Wimplicit-fallthrough... yes
 0:12.73 checking whether the C compiler supports -Wlogical-op... no
 0:12.81 checking whether the C++ compiler supports -Wlogical-op... no
 0:12.92 checking whether the C compiler supports -Wstring-conversion... yes
 0:13.01 checking whether the C++ compiler supports -Wstring-conversion... yes
 0:13.11 checking whether the C++ compiler supports -Wno-inline-new-delete... yes
 0:13.22 checking whether the C compiler supports -Wno-error=maybe-uninitialized... no
 0:13.33 checking whether the C++ compiler supports -Wno-error=maybe-uninitialized... no
 0:13.44 checking whether the C compiler supports -Wno-error=deprecated-declarations... yes
 0:13.56 checking whether the C++ compiler supports -Wno-error=deprecated-declarations... yes
 0:13.67 checking whether the C compiler supports -Wno-error=array-bounds... yes
 0:13.77 checking whether the C++ compiler supports -Wno-error=array-bounds... yes
 0:13.86 checking whether the C compiler supports -Wno-error=free-nonheap-object... yes
 0:13.95 checking whether the C++ compiler supports -Wno-error=free-nonheap-object... yes
 0:14.04 checking whether the C compiler supports -Wno-multistatement-macros... no
 0:14.12 checking whether the C++ compiler supports -Wno-multistatement-macros... no
 0:14.21 checking whether the C compiler supports -Wno-error=class-memaccess... no
 0:14.29 checking whether the C++ compiler supports -Wno-error=class-memaccess... no
 0:14.38 checking whether the C compiler supports -Wno-error=atomic-alignment... yes
 0:14.47 checking whether the C++ compiler supports -Wno-error=atomic-alignment... yes
 0:14.56 checking whether the C compiler supports -Wno-error=deprecated-builtins... yes
 0:14.64 checking whether the C++ compiler supports -Wno-error=deprecated-builtins... yes
 0:14.73 checking whether the C compiler supports -Wformat... yes
 0:14.82 checking whether the C++ compiler supports -Wformat... yes
 0:14.91 checking whether the C compiler supports -Wformat-security... yes
 0:14.99 checking whether the C++ compiler supports -Wformat-security... yes
 0:15.07 checking whether the C compiler supports -Wformat-overflow=2... no
 0:15.15 checking whether the C++ compiler supports -Wformat-overflow=2... no
 0:15.25 checking whether the C compiler supports -Werror=implicit-function-declaration... yes
 0:15.34 checking whether the C compiler supports -Wno-psabi... yes
 0:15.41 checking whether the C++ compiler supports -Wno-psabi... yes
 0:15.51 checking whether the C compiler supports -Wthread-safety... yes
 0:15.59 checking whether the C++ compiler supports -Wthread-safety... yes
 0:15.67 checking whether the C compiler supports -Wno-error=builtin-macro-redefined... yes
 0:15.82 checking whether the C++ compiler supports -Wno-error=builtin-macro-redefined... yes
 0:15.90 checking whether the C++ compiler supports -Wno-vla-cxx-extension... yes
 0:15.99 checking whether the C compiler supports -Wno-unknown-warning-option... yes
 0:16.07 checking whether the C++ compiler supports -Wno-unknown-warning-option... yes
 0:16.16 checking whether the C compiler supports -Wno-character-conversion... no
 0:16.23 checking whether the C++ compiler supports -Wno-character-conversion... no
 0:16.32 checking whether the C++ compiler supports -fno-sized-deallocation... yes
 0:16.40 checking whether the C++ compiler supports -fno-aligned-new... yes
 0:17.35 checking whether the linker supports Identical Code Folding... yes
 0:17.49 checking whether the C linker supports -Wl,--build-id=sha1... yes
 0:17.56 checking whether the C assembler supports -Wa,--noexecstack... yes
 0:17.68 checking whether the C linker supports -Wl,-z,noexecstack... yes
 0:17.83 checking whether the C linker supports -Wl,-z,text... yes
 0:17.96 checking whether the C linker supports -Wl,-z,relro... yes
 0:18.09 checking whether the C linker supports -Wl,-z,now... yes
 0:18.22 checking whether the C linker supports -Wl,-z,nocopyreloc... yes
 0:18.30 checking whether the C assembler supports -fPIC... yes
 0:18.38 checking whether the C compiler supports -fPIC... yes
 0:18.46 checking whether the C++ compiler supports -fPIC... yes
 0:18.59 checking for --ignore-unresolved-symbol option to the linker... no
 0:18.74 checking what kind of list files are supported by the linker... linkerlist
 0:18.80 checking for llvm_profdata... /usr/local/bin/llvm-profdata
 0:19.29 checking for readelf... /usr/local/llvm19/bin/llvm-readelf
 0:19.45 checking for objcopy... /usr/local/llvm19/bin/llvm-objcopy
 0:19.64 checking for nspr >= 4.32... yes
 0:19.65 checking NSPR_CFLAGS... -I/usr/local/include/nspr
 0:19.65 checking NSPR_LIBS... -L/usr/local/lib -lplds4 -lplc4 -lnspr4 -pthread -ldl
 0:19.66 checking for rustc... /usr/local/bin/rustc
 0:19.66 checking for cargo... /usr/local/bin/cargo
 0:23.06 checking rustc version... 1.91.1
 0:23.20 checking cargo version... 1.91.1
 0:25.84 checking for rust host triplet... x86_64-unknown-freebsd
 0:25.95 checking for rust target triplet... x86_64-unknown-freebsd
 0:26.06 checking for rustdoc... /root/.cargo/bin/rustdoc
 0:26.44 checking for cbindgen... /usr/local/bin/cbindgen
 0:26.44 checking for rustfmt... /root/.cargo/bin/rustfmt
 0:26.44 checking for clang for bindgen... /usr/local/bin/clang++
 0:26.44 checking for libclang for bindgen... /usr/local/llvm19/lib/libclang.so
 0:26.69 checking that libclang is new enough... yes
 0:26.69 checking bindgen cflags... ['-x', 'c++', '-fno-sized-deallocation', '-fno-aligned-new', '-DTRACING=1', '-DIMPL_LIBXUL', '-DMOZILLA_INTERNAL_API', '-DRUST_BINDGEN']
 0:26.71 checking for libffi > 3.0.9... yes
 0:26.72 checking MOZ_FFI_CFLAGS... -I/usr/local/include
 0:26.75 checking MOZ_FFI_LIBS... -L/usr/local/lib -lffi
 0:26.81 checking for icu-uc icu-i18n >= 76.1... yes
 0:26.82 checking MOZ_ICU_CFLAGS... -I/usr/local/include
 0:26.89 checking MOZ_ICU_LIBS... -L/usr/local/lib -licui18n -licuuc
 0:26.98 checking for tm_zone and tm_gmtoff in struct tm... yes
 0:27.13 checking for getpagesize... yes
 0:27.28 checking for gmtime_r... yes
 0:27.42 checking for localtime_r... yes
 0:27.57 checking for gettid... no
 0:27.72 checking for setpriority... yes
 0:27.86 checking for syscall... yes
 0:28.07 checking for getc_unlocked... yes
 0:28.23 checking for pthread_getname_np... yes
 0:28.40 checking for pthread_get_name_np... no
 0:28.55 checking for strerror... yes
 0:28.70 checking for nl_langinfo and CODESET... yes
 0:28.85 checking for __cxa_demangle... yes
 0:28.99 checking for _getc_nolock... no
 0:29.14 checking for localeconv... yes
 0:29.23 checking for nodejs... /usr/local/bin/node (24.7.0)
 0:29.29 checking for gtk+-wayland-3.0 >= 3.14 xkbcommon >= 0.4.1... yes
 0:29.33 checking MOZ_WAYLAND_CFLAGS... -I/usr/local/include/gtk-3.0 -I/usr/local/include/pango-1.0 -I/usr/local/include -I/usr/local/include/cairo -I/usr/local/include/gdk-pixbuf-2.0 -I/usr/local/include/at-spi2-atk/2.0 -I/usr/local/include/at-spi-2.0 -I/usr/local/include/atk-1.0 -I/usr/local/libdata/pkgconfig/../../include/dbus-1.0 -I/usr/local/libdata/pkgconfig/../../lib/dbus-1.0/include -I/usr/local/include/libepoll-shim -I/usr/local/include/fribidi -D_THREAD_SAFE -I/usr/local/include/pixman-1 -I/usr/local/include/harfbuzz -I/usr/local/include/freetype2 -I/usr/local/include/libpng16 -I/usr/local/include/gio-unix-2.0 -pthread -I/usr/local/include/glib-2.0 -I/usr/local/lib/glib-2.0/include
 0:29.35 checking MOZ_WAYLAND_LIBS... -L/usr/local/lib -lgtk-3 -lgdk-3 -lz -lpangocairo-1.0 -lcairo-gobject -lgdk_pixbuf-2.0 -latk-1.0 -lpango-1.0 -lcairo -lharfbuzz -lgio-2.0 -lgobject-2.0 -lglib-2.0 -lintl -lxkbcommon
 0:29.40 checking for pango >= 1.22.0... yes
 0:29.46 checking MOZ_PANGO_CFLAGS... -I/usr/local/include/pango-1.0 -I/usr/local/include/harfbuzz -I/usr/local/include -pthread -I/usr/local/include/glib-2.0 -I/usr/local/lib/glib-2.0/include -I/usr/local/include/fribidi -I/usr/local/include/cairo -I/usr/local/include/freetype2 -I/usr/local/include/libpng16 -D_THREAD_SAFE -I/usr/local/include/pixman-1
 0:29.47 checking MOZ_PANGO_LIBS... -L/usr/local/lib -lpango-1.0 -lharfbuzz -lgobject-2.0 -lglib-2.0 -lintl
 0:29.53 checking for fontconfig >= 2.7.0... yes
 0:29.59 checking _FONTCONFIG_CFLAGS... -I/usr/local/include -I/usr/local/include/freetype2 -I/usr/local/include/libpng16
 0:29.62 checking _FONTCONFIG_LIBS... -L/usr/local/lib -lfontconfig -lfreetype
 0:29.67 checking for freetype2 >= 9.10.3... yes
 0:29.73 checking _FT2_CFLAGS... -I/usr/local/include/freetype2 -I/usr/local/include/libpng16 -I/usr/local/include
 0:29.79 checking _FT2_LIBS... -L/usr/local/lib -lfreetype
 0:29.80 checking for tar... /usr/local/bin/gtar
 0:29.80 checking for unzip... /usr/local/bin/unzip
 0:29.80 checking for the Mozilla API key... no
 0:29.80 checking for the Google Location Service API key... no
 0:29.80 checking for the Google Safebrowsing API key... no
 0:29.80 checking for the Bing API key... no
 0:29.80 checking for the Adjust SDK key... no
 0:29.80 checking for the Leanplum SDK key... no
 0:29.80 checking for the Pocket API key... no
 0:29.82 checking for libwebp >= 1.0.2 libwebpdemux >= 1.0.2... yes
 0:29.86 checking MOZ_WEBP_CFLAGS... -I/usr/local/include -I/usr/local/include/webp
 0:29.91 checking MOZ_WEBP_LIBS... -L/usr/local/lib -lwebpdemux -lwebp
 0:29.98 checking for x11 xcb xcb-shm x11-xcb xext xrandr >= 1.4.0 xcomposite xcursor xdamage xfixes xi... yes
 0:30.06 checking MOZ_X11_CFLAGS... -I/usr/local/include -D_THREAD_SAFE
 0:30.07 checking MOZ_X11_LIBS... -L/usr/local/lib -lxcb-shm -lX11-xcb -lXrandr -lXcomposite -lXcursor -lXdamage -lXi -lXext -lXfixes -lX11 -lxcb
 0:30.12 checking for ice sm... yes
 0:30.17 checking MOZ_X11_SM_CFLAGS... -I/usr/local/include
 0:30.37 checking for stat64... no
 0:30.52 checking for lstat64... no
 0:30.68 checking for truncate64... no
 0:30.83 checking for statvfs64... no
 0:30.98 checking for statvfs... yes
 0:31.13 checking for statfs64... no
 0:31.46 checking for statfs... yes
 0:31.64 checking for lutimes... yes
 0:31.78 checking for posix_fadvise... yes
 0:31.91 checking for posix_fallocate... yes
 0:32.05 checking for eventfd... yes
 0:32.19 checking for arc4random... yes
 0:32.32 checking for arc4random_buf... yes
 0:32.45 checking for mallinfo... no
 0:32.59 checking for sys/ioccom.h... yes
 0:32.66 checking for vpx >= 1.10.0... yes
 0:32.66 checking MOZ_LIBVPX_CFLAGS... -I/usr/local/include
 0:32.69 checking MOZ_LIBVPX_LIBS... -L/usr/local/lib -lvpx -lm
 0:32.97 checking for vpx/vpx_decoder.h... yes
 0:33.13 checking for vpx_codec_dec_init_ver... yes
 0:33.30 checking for jpeg_destroy_compress... yes
 0:33.52 checking for sufficient jpeg library version... yes
 0:33.61 checking for sufficient libjpeg-turbo JCS_EXTENSIONS... yes
 0:33.63 checking for libpng >= 1.6.45... yes
 0:33.64 checking MOZ_PNG_CFLAGS... -I/usr/local/include/libpng16
 0:33.67 checking MOZ_PNG_LIBS... -L/usr/local/lib -lpng16
 0:33.84 checking for png_get_acTL... yes
 0:33.84 checking for nasm... /usr/local/bin/nasm
 0:34.01 checking nasm version... 2.16.03
 0:34.01 checking for dump_syms... not found
 0:34.08 checking for nss >= 3.117... yes
 0:34.09 checking NSS_CFLAGS... -I/usr/local/include -I/usr/local/include/nss -I/usr/local/include/nspr
 0:34.12 checking NSS_LIBS... -L/usr/local/lib -lnss3 -lsmime3 -lssl3 -lnssutil3 -lplds4 -lplc4 -lnspr4 -pthread -ldl
 0:34.18 checking for libevent... yes
 0:34.19 checking MOZ_LIBEVENT_CFLAGS... -I/usr/local/include
 0:34.20 checking MOZ_LIBEVENT_LIBS... -L/usr/local/lib -levent
 0:34.37 checking for gtk+-3.0 >= 3.14.0 gtk+-unix-print-3.0 glib-2.0 gobject-2.0 gio-unix-2.0... yes
 0:34.39 checking MOZ_GTK3_CFLAGS... -I/usr/local/include/gtk-3.0/unix-print -I/usr/local/include/gtk-3.0 -I/usr/local/include/pango-1.0 -I/usr/local/include -I/usr/local/include/at-spi2-atk/2.0 -I/usr/local/include/at-spi-2.0 -I/usr/local/libdata/pkgconfig/../../include/dbus-1.0 -I/usr/local/libdata/pkgconfig/../../lib/dbus-1.0/include -I/usr/local/include/libepoll-shim -I/usr/local/include/fribidi -I/usr/local/include/harfbuzz -I/usr/local/include/atk-1.0 -I/usr/local/include/cairo -I/usr/local/include/freetype2 -I/usr/local/include/libpng16 -D_THREAD_SAFE -I/usr/local/include/pixman-1 -I/usr/local/include/gdk-pixbuf-2.0 -I/usr/local/include/gio-unix-2.0 -pthread -I/usr/local/include/glib-2.0 -I/usr/local/lib/glib-2.0/include
 0:34.47 checking MOZ_GTK3_LIBS... -L/usr/local/lib -lgtk-3 -lgdk-3 -lz -lpangocairo-1.0 -lpango-1.0 -lharfbuzz -latk-1.0 -lcairo-gobject -lcairo -lgdk_pixbuf-2.0 -lgio-2.0 -lgobject-2.0 -lglib-2.0 -lintl
 0:34.48 checking for glib-2.0 >= 2.42 gobject-2.0... yes
 0:34.51 checking GLIB_CFLAGS... -I/usr/local/include -I/usr/local/include/glib-2.0 -I/usr/local/lib/glib-2.0/include
 0:34.59 checking GLIB_LIBS... -L/usr/local/lib -lgobject-2.0 -lglib-2.0 -lintl
 0:34.60 checking for pixman-1 >= 0.40.0... yes
 0:34.63 checking MOZ_PIXMAN_CFLAGS... -I/usr/local/include/pixman-1
 0:34.67 checking MOZ_PIXMAN_LIBS... -L/usr/local/lib -lpixman-1
 0:34.86 checking for sin_len in struct sockaddr_in... yes
 0:34.96 checking for sin_len6 in struct sockaddr_in6... yes
 0:35.06 checking for sa_len in struct sockaddr... no
 0:35.28 checking for pthread_cond_timedwait_monotonic_np... no
 0:35.28 checking ONNX install path... no
 0:35.56 checking for valid C compiler optimization flags... yes
 0:35.56 checking for awk... /usr/bin/nawk
 0:35.56 checking for gmake... /usr/local/bin/gmake
 0:35.56 checking for watchman... not found
 0:35.63 checking for xargs... /usr/local/bin/xargs
 0:35.84 checking for strip... /usr/local/llvm19/bin/llvm-strip
 0:35.85 checking for zlib >= 1.2.3... yes
 0:35.86 checking MOZ_ZLIB_CFLAGS...
 0:35.89 checking MOZ_ZLIB_LIBS... -L/lib -lz
 0:35.92 Creating config.status
 0:40.72 Reticulating splines...
 1:43.98 Finished reading 2221 moz.build files in 51.50s
 1:43.98 Read 13 gyp files in parallel contributing 0.00s to total wall time
 1:43.98 Processed into 16157 build config descriptors in 3.39s
 1:43.98 RecursiveMake backend executed in 7.52s
 1:43.98   4724 total backend files; 3601 created; 0 updated; 1123 unchanged; 0 deleted; 17 -> 1780 Makefile
 1:43.98 FasterMake backend executed in 0.00s
 1:43.98   0 total backend files; 0 created; 0 updated; 0 unchanged; 0 deleted
 1:43.98 Clangd backend executed in 0.00s
 1:43.98   0 total backend files; 0 created; 0 updated; 0 unchanged; 0 deleted
 1:43.98 Total wall time: 63.81s; CPU time: 14.08s; Efficiency: 22%; Untracked: 1.40s
Configure complete!
Be sure to run |mach build| to pick up any changes
===>  Building for zen-browser-1.17.12.b
cd /home/berke/workdir/www/zen-browser/work && /usr/bin/env RUSTC=/usr/local/bin/rustc  CARGO=/usr/local/bin/cargo  RUSTUP_HOME=nonexistent  CARGO_HOME=nonexistent  PATH=/usr/local/bin:/usr/local/sbin:/bin:/sbin:/usr/bin:/usr/sbin XDG_DATA_HOME=/home/berke/workdir/www/zen-browser/work  XDG_CONFIG_HOME=/home/berke/workdir/www/zen-browser/work  XDG_CACHE_HOME=/home/berke/workdir/www/zen-browser/work/.cache  HOME=/home/berke/workdir/www/zen-browser/work PKG_CONFIG_LIBDIR=/home/berke/workdir/www/zen-browser/work/.pkgconfig:/usr/local/libdata/pkgconfig:/usr/local/share/pkgconfig:/usr/libdata/pkgconfig MK_DEBUG_FILES=no MK_KERNEL_SYMBOLS=no SHELL=/bin/sh NO_LINT=YES PREFIX=/usr/local  LOCALBASE=/usr/local  CC="/usr/local/bin/clang19" CFLAGS="-O2 -pipe  -DLIBICONV_PLUG -fstack-protector-strong -isystem /usr/local/include -fno-strict-aliasing "  CPP="/usr/local/bin/clang-cpp19" CPPFLAGS="-I/home/berke/workdir/www/zen-browser/files -DLIBICONV_PLUG -isystem /usr/local/include"  LDFLAGS=" -Wl,--as-needed -Wl,--undefined-version -L/usr/local/lib " LIBS=""  CXX="/usr/local/bin/clang++19" CXXFLAGS="-O2 -pipe -DLIBICONV_PLUG -fstack-protector-strong -isystem /usr/local/include -fno-strict-aliasing   -DLIBICONV_PLUG -isystem /usr/local/include " CCACHE_DIR="/root/.ccache" BSD_INSTALL_PROGRAM="install  -s -m 555"  BSD_INSTALL_LIB="install  -s -m 0644"  BSD_INSTALL_SCRIPT="install  -m 555"  BSD_INSTALL_DATA="install  -m 0644"  BSD_INSTALL_MAN="install  -m 444" ./mach build
WARNING: Retrying (Retry(total=4, connect=None, read=None, redirect=None, status=None)) after connection broken by 'ProtocolError('Connection aborted.', RemoteDisconnected('Remote end closed connection without response'))': /simple/semver/
  WARNING: Retrying (Retry(total=4, connect=None, read=None, redirect=None, status=None)) after connection broken by 'ProtocolError('Connection aborted.', RemoteDisconnected('Remote end closed connection without response'))': /packages/a6/24/4d91e05817e92e3a61c8a21e08fd0f390f5301f1c448b137c57c4bc6e543/semver-3.0.4-py3-none-any.whl.metadata
  error: subprocess-exited-with-error
  
  Ã— Building wheel for glean-sdk (pyproject.toml) did not run successfully.
  â”‚ exit code: 1
  â•°â”€> [161 lines of output]
      Running `maturin pep517 build-wheel -i /home/berke/workdir/www/zen-browser/work/.mozbuild/srcdirs/work-19357a123b84/_virtualenvs/mach/bin/python --compatibility off`
      ðŸ¹ Building a mixed python/rust project
      ðŸ”— Found uniffi bindings
      ðŸ“¡ Using build options bindings from pyproject.toml
         Compiling proc-macro2 v1.0.93
         Compiling unicode-ident v1.0.16
         Compiling libc v0.2.149
         Compiling anyhow v1.0.95
         Compiling rustix v0.38.20
         Compiling autocfg v1.4.0
         Compiling serde v1.0.217
         Compiling equivalent v1.0.2
         Compiling hashbrown v0.15.4
         Compiling bitflags v2.4.1
         Compiling fastrand v2.0.0
         Compiling memchr v2.7.4
         Compiling cfg-if v1.0.0
         Compiling heck v0.5.0
         Compiling siphasher v0.3.11
         Compiling camino v1.1.9
         Compiling once_cell v1.20.2
         Compiling minimal-lexical v0.2.1
         Compiling winnow v0.7.10
         Compiling fs-err v2.11.0
         Compiling rustc-hash v2.1.1
         Compiling smawk v0.3.2
         Compiling plain v0.2.3
         Compiling nom v7.1.3
         Compiling textwrap v0.16.1
         Compiling log v0.4.25
         Compiling indexmap v2.9.0
         Compiling itoa v1.0.14
         Compiling num-traits v0.2.15
         Compiling tinyvec_macros v0.1.0
         Compiling quote v1.0.38
         Compiling glob v0.3.2
         Compiling tinyvec v1.6.0
         Compiling static_assertions v1.1.0
         Compiling syn v2.0.98
         Compiling bytes v1.9.0
         Compiling crc32fast v1.3.2
         Compiling crossbeam-utils v0.8.19
         Compiling percent-encoding v2.2.0
         Compiling uniffi_core v0.29.4
         Compiling thiserror v2.0.12
         Compiling errno v0.3.3
         Compiling unicode-bidi v0.3.8
         Compiling getrandom v0.2.8
         Compiling unicode-normalization v0.1.22
         Compiling form_urlencoded v1.1.0
         Compiling adler2 v2.0.0
         Compiling serde_json v1.0.138
         Compiling miniz_oxide v0.8.2
         Compiling ordered-float v3.2.0
         Compiling uuid v1.4.1
         Compiling weedle2 v5.0.0
         Compiling idna v0.3.0
         Compiling wr_malloc_size_of v0.2.2
         Compiling iana-time-zone v0.1.63
         Compiling ryu v1.0.19
         Compiling arrayref v0.3.6
         Compiling lazy_static v1.4.0
         Compiling id-arena v2.2.1
         Compiling tempfile v3.8.0
         Compiling flate2 v1.0.35
         Compiling url v2.3.1
         Compiling crossbeam-channel v0.5.15
         Compiling zeitstempel v0.1.2
         Compiling synstructure v0.13.1
         Compiling serde_derive v1.0.217
         Compiling uniffi_internal_macros v0.29.4
         Compiling scroll_derive v0.12.0
         Compiling thiserror-impl v2.0.12
         Compiling malloc_size_of_derive v0.1.3
         Compiling scroll v0.12.0
         Compiling uniffi_pipeline v0.29.4
         Compiling goblin v0.8.2
         Compiling uniffi_meta v0.29.4
         Compiling uniffi_udl v0.29.4
         Compiling toml v0.5.11
         Compiling askama_parser v0.13.0
         Compiling basic-toml v0.1.9
         Compiling bincode v1.3.3
         Compiling chrono v0.4.41
         Compiling rkv v0.20.0
         Compiling uniffi_macros v0.29.4
         Compiling askama_derive v0.13.1
         Compiling uniffi v0.29.4
         Compiling askama v0.13.1
         Compiling uniffi_bindgen v0.29.4
         Compiling uniffi_build v0.29.4
         Compiling glean-core v65.2.3 (/tmp/pip-install-she9g0ri/glean-sdk_fb86ed46b6ff48b48b52216447bae544/glean-core)
         Compiling glean-bundle v1.0.0 (/tmp/pip-install-she9g0ri/glean-sdk_fb86ed46b6ff48b48b52216447bae544/glean-core/bundle)
          Finished `release` profile [optimized] target(s) in 1m 51s
         Compiling proc-macro2 v1.0.93
         Compiling unicode-ident v1.0.16
         Compiling serde v1.0.217
         Compiling libc v0.2.149
         Compiling rustix v0.38.20
         Compiling anyhow v1.0.95
         Compiling fastrand v2.0.0
         Compiling equivalent v1.0.2
         Compiling hashbrown v0.15.4
         Compiling cfg-if v1.0.0
         Compiling heck v0.5.0
         Compiling memchr v2.7.4
         Compiling bitflags v2.4.1
         Compiling autocfg v1.4.0
         Compiling siphasher v0.3.11
         Compiling thiserror v2.0.12
         Compiling camino v1.1.9
         Compiling semver v1.0.25
         Compiling serde_json v1.0.138
         Compiling winnow v0.7.10
         Compiling minimal-lexical v0.2.1
         Compiling fs-err v2.11.0
         Compiling indexmap v2.9.0
         Compiling itoa v1.0.14
         Compiling once_cell v1.20.2
         Compiling quote v1.0.38
         Compiling nom v7.1.3
         Compiling ryu v1.0.19
         Compiling smawk v0.3.2
         Compiling rustc-hash v2.1.1
         Compiling textwrap v0.16.1
         Compiling syn v2.0.98
         Compiling log v0.4.25
         Compiling plain v0.2.3
         Compiling bytes v1.9.0
         Compiling static_assertions v1.1.0
         Compiling glob v0.3.2
         Compiling uniffi_core v0.29.4
         Compiling errno v0.3.3
         Compiling weedle2 v5.0.0
         Compiling tempfile v3.8.0
         Compiling serde_derive v1.0.217
         Compiling uniffi_internal_macros v0.29.4
         Compiling scroll_derive v0.12.0
         Compiling thiserror-impl v2.0.12
         Compiling scroll v0.12.0
         Compiling uniffi_pipeline v0.29.4
         Compiling goblin v0.8.2
         Compiling uniffi_meta v0.29.4
         Compiling askama_parser v0.13.0
         Compiling basic-toml v0.1.9
         Compiling toml v0.5.11
         Compiling cargo-platform v0.1.3
         Compiling cargo_metadata v0.19.2
         Compiling uniffi_macros v0.29.4
         Compiling askama_derive v0.13.1
         Compiling uniffi_udl v0.29.4
         Compiling askama v0.13.1
         Compiling uniffi_bindgen v0.29.4
         Compiling uniffi v0.29.4
         Compiling uniffi-bindgen v0.1.0 (/tmp/pip-install-she9g0ri/glean-sdk_fb86ed46b6ff48b48b52216447bae544/tools/embedded-uniffi-bindgen)
          Finished `dev` profile [unoptimized + debuginfo] target(s) in 1m 09s
           Running `target/debug/uniffi-bindgen generate --no-format --language python --out-dir /tmp/pip-install-she9g0ri/glean-sdk_fb86ed46b6ff48b48b52216447bae544/target/maturin/uniffi/glean._uniffi --config /tmp/pip-install-she9g0ri/glean-sdk_fb86ed46b6ff48b48b52216447bae544/glean-core/bundle/uniffi.toml --library /tmp/pip-install-she9g0ri/glean-sdk_fb86ed46b6ff48b48b52216447bae544/target/maturin/libglean_ffi.so`
      Error: Unsupported option: library
      ðŸ’¥ maturin failed
        Caused by: Command cd "/tmp/pip-install-she9g0ri/glean-sdk_fb86ed46b6ff48b48b52216447bae544" && env -u CARGO_BUILD_TARGET "cargo" "run" "--bin" "uniffi-bindgen" "generate" "--no-format" "--language" "python" "--out-dir" "/tmp/pip-install-she9g0ri/glean-sdk_fb86ed46b6ff48b48b52216447bae544/target/maturin/uniffi/glean._uniffi" "--config" "/tmp/pip-install-she9g0ri/glean-sdk_fb86ed46b6ff48b48b52216447bae544/glean-core/bundle/uniffi.toml" "--library" "/tmp/pip-install-she9g0ri/glean-sdk_fb86ed46b6ff48b48b52216447bae544/target/maturin/libglean_ffi.so" failed
      Error: command ['maturin', 'pep517', 'build-wheel', '-i', '/home/berke/workdir/www/zen-browser/work/.mozbuild/srcdirs/work-19357a123b84/_virtualenvs/mach/bin/python', '--compatibility', 'off'] returned non-zero exit status 1
      [end of output]
  
  note: This error originates from a subprocess, and is likely not a problem with pip.
  ERROR: Failed building wheel for glean-sdk
ERROR: Failed to build installable wheels for some pyproject.toml based projects (glean-sdk)

  error: subprocess-exited-with-error
  
  Ã— Building wheel for psutil (pyproject.toml) did not run successfully.
  â”‚ exit code: 1
  â•°â”€> [77 lines of output]
      /tmp/pip-build-env-3qzklqs2/overlay/lib/python3.11/site-packages/setuptools/dist.py:759: SetuptoolsDeprecationWarning: License classifiers are deprecated.
      !!
      
              ********************************************************************************
              Please consider removing the following classifiers in favor of a SPDX license expression:
      
              License :: OSI Approved :: BSD License
      
              See https://packaging.python.org/en/latest/guides/writing-pyproject-toml/#license for details.
              ********************************************************************************
      
      !!
        self._finalize_license_expression()
      running bdist_wheel
      running build
      running build_py
      creating build/lib.freebsd-15.0-RELEASE-amd64-cpython-311/psutil
      copying psutil/_psosx.py -> build/lib.freebsd-15.0-RELEASE-amd64-cpython-311/psutil
      copying psutil/_pssunos.py -> build/lib.freebsd-15.0-RELEASE-amd64-cpython-311/psutil
      copying psutil/_pswindows.py -> build/lib.freebsd-15.0-RELEASE-amd64-cpython-311/psutil
      copying psutil/_common.py -> build/lib.freebsd-15.0-RELEASE-amd64-cpython-311/psutil
      copying psutil/_psposix.py -> build/lib.freebsd-15.0-RELEASE-amd64-cpython-311/psutil
      copying psutil/_psbsd.py -> build/lib.freebsd-15.0-RELEASE-amd64-cpython-311/psutil
      copying psutil/_psaix.py -> build/lib.freebsd-15.0-RELEASE-amd64-cpython-311/psutil
      copying psutil/_compat.py -> build/lib.freebsd-15.0-RELEASE-amd64-cpython-311/psutil
      copying psutil/__init__.py -> build/lib.freebsd-15.0-RELEASE-amd64-cpython-311/psutil
      copying psutil/_pslinux.py -> build/lib.freebsd-15.0-RELEASE-amd64-cpython-311/psutil
      creating build/lib.freebsd-15.0-RELEASE-amd64-cpython-311/psutil/tests
      copying psutil/tests/test_linux.py -> build/lib.freebsd-15.0-RELEASE-amd64-cpython-311/psutil/tests
      copying psutil/tests/test_memleaks.py -> build/lib.freebsd-15.0-RELEASE-amd64-cpython-311/psutil/tests
      copying psutil/tests/__init__.py -> build/lib.freebsd-15.0-RELEASE-amd64-cpython-311/psutil/tests
      copying psutil/tests/test_aix.py -> build/lib.freebsd-15.0-RELEASE-amd64-cpython-311/psutil/tests
      copying psutil/tests/test_connections.py -> build/lib.freebsd-15.0-RELEASE-amd64-cpython-311/psutil/tests
      copying psutil/tests/test_testutils.py -> build/lib.freebsd-15.0-RELEASE-amd64-cpython-311/psutil/tests
      copying psutil/tests/test_process.py -> build/lib.freebsd-15.0-RELEASE-amd64-cpython-311/psutil/tests
      copying psutil/tests/test_bsd.py -> build/lib.freebsd-15.0-RELEASE-amd64-cpython-311/psutil/tests
      copying psutil/tests/test_contracts.py -> build/lib.freebsd-15.0-RELEASE-amd64-cpython-311/psutil/tests
      copying psutil/tests/runner.py -> build/lib.freebsd-15.0-RELEASE-amd64-cpython-311/psutil/tests
      copying psutil/tests/test_sunos.py -> build/lib.freebsd-15.0-RELEASE-amd64-cpython-311/psutil/tests
      copying psutil/tests/test_posix.py -> build/lib.freebsd-15.0-RELEASE-amd64-cpython-311/psutil/tests
      copying psutil/tests/__main__.py -> build/lib.freebsd-15.0-RELEASE-amd64-cpython-311/psutil/tests
      copying psutil/tests/test_unicode.py -> build/lib.freebsd-15.0-RELEASE-amd64-cpython-311/psutil/tests
      copying psutil/tests/test_system.py -> build/lib.freebsd-15.0-RELEASE-amd64-cpython-311/psutil/tests
      copying psutil/tests/test_windows.py -> build/lib.freebsd-15.0-RELEASE-amd64-cpython-311/psutil/tests
      copying psutil/tests/test_misc.py -> build/lib.freebsd-15.0-RELEASE-amd64-cpython-311/psutil/tests
      copying psutil/tests/test_osx.py -> build/lib.freebsd-15.0-RELEASE-amd64-cpython-311/psutil/tests
      running build_ext
      building 'psutil._psutil_bsd' extension
      creating build/temp.freebsd-15.0-RELEASE-amd64-cpython-311/psutil
      creating build/temp.freebsd-15.0-RELEASE-amd64-cpython-311/psutil/arch/freebsd
      /usr/local/bin/clang19 -O2 -pipe -DLIBICONV_PLUG -fstack-protector-strong -isystem /usr/local/include -fno-strict-aliasing -I/home/berke/workdir/www/zen-browser/files -DLIBICONV_PLUG -isystem /usr/local/include -fPIC -DPSUTIL_POSIX=1 -DPSUTIL_BSD=1 -DPSUTIL_SIZEOF_PID_T=4 -DPSUTIL_VERSION=594 -DPSUTIL_FREEBSD=1 -I/home/berke/workdir/www/zen-browser/work/.mozbuild/srcdirs/work-19357a123b84/_virtualenvs/mach/include -I/usr/local/include/python3.11 -c psutil/_psutil_bsd.c -o build/temp.freebsd-15.0-RELEASE-amd64-cpython-311/psutil/_psutil_bsd.o
      /usr/local/bin/clang19 -O2 -pipe -DLIBICONV_PLUG -fstack-protector-strong -isystem /usr/local/include -fno-strict-aliasing -I/home/berke/workdir/www/zen-browser/files -DLIBICONV_PLUG -isystem /usr/local/include -fPIC -DPSUTIL_POSIX=1 -DPSUTIL_BSD=1 -DPSUTIL_SIZEOF_PID_T=4 -DPSUTIL_VERSION=594 -DPSUTIL_FREEBSD=1 -I/home/berke/workdir/www/zen-browser/work/.mozbuild/srcdirs/work-19357a123b84/_virtualenvs/mach/include -I/usr/local/include/python3.11 -c psutil/_psutil_common.c -o build/temp.freebsd-15.0-RELEASE-amd64-cpython-311/psutil/_psutil_common.o
      /usr/local/bin/clang19 -O2 -pipe -DLIBICONV_PLUG -fstack-protector-strong -isystem /usr/local/include -fno-strict-aliasing -I/home/berke/workdir/www/zen-browser/files -DLIBICONV_PLUG -isystem /usr/local/include -fPIC -DPSUTIL_POSIX=1 -DPSUTIL_BSD=1 -DPSUTIL_SIZEOF_PID_T=4 -DPSUTIL_VERSION=594 -DPSUTIL_FREEBSD=1 -I/home/berke/workdir/www/zen-browser/work/.mozbuild/srcdirs/work-19357a123b84/_virtualenvs/mach/include -I/usr/local/include/python3.11 -c psutil/_psutil_posix.c -o build/temp.freebsd-15.0-RELEASE-amd64-cpython-311/psutil/_psutil_posix.o
      /usr/local/bin/clang19 -O2 -pipe -DLIBICONV_PLUG -fstack-protector-strong -isystem /usr/local/include -fno-strict-aliasing -I/home/berke/workdir/www/zen-browser/files -DLIBICONV_PLUG -isystem /usr/local/include -fPIC -DPSUTIL_POSIX=1 -DPSUTIL_BSD=1 -DPSUTIL_SIZEOF_PID_T=4 -DPSUTIL_VERSION=594 -DPSUTIL_FREEBSD=1 -I/home/berke/workdir/www/zen-browser/work/.mozbuild/srcdirs/work-19357a123b84/_virtualenvs/mach/include -I/usr/local/include/python3.11 -c psutil/arch/freebsd/cpu.c -o build/temp.freebsd-15.0-RELEASE-amd64-cpython-311/psutil/arch/freebsd/cpu.o
      /usr/local/bin/clang19 -O2 -pipe -DLIBICONV_PLUG -fstack-protector-strong -isystem /usr/local/include -fno-strict-aliasing -I/home/berke/workdir/www/zen-browser/files -DLIBICONV_PLUG -isystem /usr/local/include -fPIC -DPSUTIL_POSIX=1 -DPSUTIL_BSD=1 -DPSUTIL_SIZEOF_PID_T=4 -DPSUTIL_VERSION=594 -DPSUTIL_FREEBSD=1 -I/home/berke/workdir/www/zen-browser/work/.mozbuild/srcdirs/work-19357a123b84/_virtualenvs/mach/include -I/usr/local/include/python3.11 -c psutil/arch/freebsd/disk.c -o build/temp.freebsd-15.0-RELEASE-amd64-cpython-311/psutil/arch/freebsd/disk.o
      /usr/local/bin/clang19 -O2 -pipe -DLIBICONV_PLUG -fstack-protector-strong -isystem /usr/local/include -fno-strict-aliasing -I/home/berke/workdir/www/zen-browser/files -DLIBICONV_PLUG -isystem /usr/local/include -fPIC -DPSUTIL_POSIX=1 -DPSUTIL_BSD=1 -DPSUTIL_SIZEOF_PID_T=4 -DPSUTIL_VERSION=594 -DPSUTIL_FREEBSD=1 -I/home/berke/workdir/www/zen-browser/work/.mozbuild/srcdirs/work-19357a123b84/_virtualenvs/mach/include -I/usr/local/include/python3.11 -c psutil/arch/freebsd/mem.c -o build/temp.freebsd-15.0-RELEASE-amd64-cpython-311/psutil/arch/freebsd/mem.o
      /usr/local/bin/clang19 -O2 -pipe -DLIBICONV_PLUG -fstack-protector-strong -isystem /usr/local/include -fno-strict-aliasing -I/home/berke/workdir/www/zen-browser/files -DLIBICONV_PLUG -isystem /usr/local/include -fPIC -DPSUTIL_POSIX=1 -DPSUTIL_BSD=1 -DPSUTIL_SIZEOF_PID_T=4 -DPSUTIL_VERSION=594 -DPSUTIL_FREEBSD=1 -I/home/berke/workdir/www/zen-browser/work/.mozbuild/srcdirs/work-19357a123b84/_virtualenvs/mach/include -I/usr/local/include/python3.11 -c psutil/arch/freebsd/proc.c -o build/temp.freebsd-15.0-RELEASE-amd64-cpython-311/psutil/arch/freebsd/proc.o
      /usr/local/bin/clang19 -O2 -pipe -DLIBICONV_PLUG -fstack-protector-strong -isystem /usr/local/include -fno-strict-aliasing -I/home/berke/workdir/www/zen-browser/files -DLIBICONV_PLUG -isystem /usr/local/include -fPIC -DPSUTIL_POSIX=1 -DPSUTIL_BSD=1 -DPSUTIL_SIZEOF_PID_T=4 -DPSUTIL_VERSION=594 -DPSUTIL_FREEBSD=1 -I/home/berke/workdir/www/zen-browser/work/.mozbuild/srcdirs/work-19357a123b84/_virtualenvs/mach/include -I/usr/local/include/python3.11 -c psutil/arch/freebsd/proc_socks.c -o build/temp.freebsd-15.0-RELEASE-amd64-cpython-311/psutil/arch/freebsd/proc_socks.o
      /usr/local/bin/clang19 -O2 -pipe -DLIBICONV_PLUG -fstack-protector-strong -isystem /usr/local/include -fno-strict-aliasing -I/home/berke/workdir/www/zen-browser/files -DLIBICONV_PLUG -isystem /usr/local/include -fPIC -DPSUTIL_POSIX=1 -DPSUTIL_BSD=1 -DPSUTIL_SIZEOF_PID_T=4 -DPSUTIL_VERSION=594 -DPSUTIL_FREEBSD=1 -I/home/berke/workdir/www/zen-browser/work/.mozbuild/srcdirs/work-19357a123b84/_virtualenvs/mach/include -I/usr/local/include/python3.11 -c psutil/arch/freebsd/sensors.c -o build/temp.freebsd-15.0-RELEASE-amd64-cpython-311/psutil/arch/freebsd/sensors.o
      /usr/local/bin/clang19 -O2 -pipe -DLIBICONV_PLUG -fstack-protector-strong -isystem /usr/local/include -fno-strict-aliasing -I/home/berke/workdir/www/zen-browser/files -DLIBICONV_PLUG -isystem /usr/local/include -fPIC -DPSUTIL_POSIX=1 -DPSUTIL_BSD=1 -DPSUTIL_SIZEOF_PID_T=4 -DPSUTIL_VERSION=594 -DPSUTIL_FREEBSD=1 -I/home/berke/workdir/www/zen-browser/work/.mozbuild/srcdirs/work-19357a123b84/_virtualenvs/mach/include -I/usr/local/include/python3.11 -c psutil/arch/freebsd/sys_socks.c -o build/temp.freebsd-15.0-RELEASE-amd64-cpython-311/psutil/arch/freebsd/sys_socks.o
      psutil/arch/freebsd/sys_socks.c:70:25: warning: comparison between pointer and integer ('kvaddr_t' (aka 'unsigned long') and 'void *') [-Wpointer-integer-compare]
         70 |         if (xf->xf_data == sock)
            |             ~~~~~~~~~~~ ^  ~~~~
      psutil/arch/freebsd/sys_socks.c:182:40: error: incompatible integer to pointer conversion passing 'kvaddr_t' (aka 'unsigned long') to parameter of type 'void *' [-Wint-conversion]
        182 |         xf = psutil_get_file_from_sock(so->xso_so);
            |                                        ^~~~~~~~~~
      psutil/arch/freebsd/sys_socks.c:65:33: note: passing argument to parameter 'sock' here
         65 | psutil_get_file_from_sock(void *sock) {
            |                                 ^
      psutil/arch/freebsd/sys_socks.c:303:40: error: incompatible integer to pointer conversion passing 'kvaddr_t' (aka 'unsigned long') to parameter of type 'void *' [-Wint-conversion]
        303 |         xf = psutil_get_file_from_sock(xup->xu_socket.xso_so);
            |                                        ^~~~~~~~~~~~~~~~~~~~~
      psutil/arch/freebsd/sys_socks.c:65:33: note: passing argument to parameter 'sock' here
         65 | psutil_get_file_from_sock(void *sock) {
            |                                 ^
      1 warning and 2 errors generated.
      error: command '/usr/local/bin/clang19' failed with exit code 1
      [end of output]
  
  note: This error originates from a subprocess, and is likely not a problem with pip.
  ERROR: Failed building wheel for psutil
ERROR: Failed to build installable wheels for some pyproject.toml based projects (psutil)

Mach and the build system store shared state in a common directory
on the filesystem. The following directory will be created:

  /home/berke/workdir/www/zen-browser/work/.mozbuild

If you would like to use a different directory, rename or move it to your
desired location, and set the MOZBUILD_STATE_PATH environment variable
accordingly.
Creating default state directory: /home/berke/workdir/www/zen-browser/work/.mozbuild
Creating local state directory: /home/berke/workdir/www/zen-browser/work/.mozbuild/srcdirs/work-19357a123b84
Creating the 'mach' site at /home/berke/workdir/www/zen-browser/work/.mozbuild/srcdirs/work-19357a123b84/_virtualenvs/mach
Collecting glean-sdk==65.2.3
  Downloading glean_sdk-65.2.3.tar.gz (260 kB)
  Installing build dependencies: started
  Installing build dependencies: still running...
  Installing build dependencies: still running...
  Installing build dependencies: still running...
  Installing build dependencies: still running...
  Installing build dependencies: still running...
  Installing build dependencies: still running...
  Installing build dependencies: still running...
  Installing build dependencies: finished with status 'done'
  Getting requirements to build wheel: started
  Getting requirements to build wheel: finished with status 'done'
  Preparing metadata (pyproject.toml): started
  Preparing metadata (pyproject.toml): still running...
  Preparing metadata (pyproject.toml): finished with status 'done'
Collecting semver>=2.13.0 (from glean-sdk==65.2.3)
  Downloading semver-3.0.4-py3-none-any.whl.metadata (6.8 kB)
Requirement already satisfied: glean-parser~=17.2 in ./third_party/python/glean_parser (from glean-sdk==65.2.3) (17.2.0)
Requirement already satisfied: click>=7 in ./third_party/python/click (from glean-parser~=17.2->glean-sdk==65.2.3) (8.1.7)
Requirement already satisfied: diskcache>=4 in ./third_party/python/diskcache (from glean-parser~=17.2->glean-sdk==65.2.3) (5.6.3)
Requirement already satisfied: jinja2>=2.10.1 in ./third_party/python/jinja2 (from glean-parser~=17.2->glean-sdk==65.2.3) (3.1.6)
Requirement already satisfied: jsonschema>=3.0.2 in ./third_party/python/jsonschema (from glean-parser~=17.2->glean-sdk==65.2.3) (4.17.3)
Requirement already satisfied: platformdirs>=2.4.0 in ./third_party/python/platformdirs (from glean-parser~=17.2->glean-sdk==65.2.3) (4.3.8)
Collecting pyyaml>=5.3.1 (from glean-parser~=17.2->glean-sdk==65.2.3)
  Downloading pyyaml-6.0.3.tar.gz (130 kB)
  Installing build dependencies: started
  Installing build dependencies: finished with status 'done'
  Getting requirements to build wheel: started
  Getting requirements to build wheel: finished with status 'done'
  Preparing metadata (pyproject.toml): started
  Preparing metadata (pyproject.toml): finished with status 'done'
Requirement already satisfied: MarkupSafe>=2.0 in ./third_party/python/markupsafe/src (from jinja2>=2.10.1->glean-parser~=17.2->glean-sdk==65.2.3) (3.0.2)
Requirement already satisfied: attrs>=17.4.0 in ./third_party/python/attrs (from jsonschema>=3.0.2->glean-parser~=17.2->glean-sdk==65.2.3) (25.3.0)
Requirement already satisfied: pyrsistent!=0.17.0,!=0.17.1,!=0.17.2,>=0.14.0 in ./third_party/python/pyrsistent (from jsonschema>=3.0.2->glean-parser~=17.2->glean-sdk==65.2.3) (0.20.0)
Downloading semver-3.0.4-py3-none-any.whl (17 kB)
Building wheels for collected packages: glean-sdk, pyyaml
  Building wheel for glean-sdk (pyproject.toml): started
  Building wheel for glean-sdk (pyproject.toml): still running...
  Building wheel for glean-sdk (pyproject.toml): still running...
  Building wheel for glean-sdk (pyproject.toml): finished with status 'error'
  Building wheel for pyyaml (pyproject.toml): started
  Building wheel for pyyaml (pyproject.toml): finished with status 'done'
  Created wheel for pyyaml: filename=pyyaml-6.0.3-cp311-cp311-freebsd_15_0_release_amd64.whl size=141097 sha256=0b63d960267c019050a806fc3d98d3fc72ab0cd2727482bdfc523e0c53143c6a
  Stored in directory: /home/berke/workdir/www/zen-browser/work/.cache/pip/wheels/e8/9f/d3/2d6eb93833b0a52fc31426cf77766abb2a66e04402a1646f2c
Successfully built pyyaml
Failed to build glean-sdk

Could not install glean-sdk, so telemetry will not be collected. Continuing.
Collecting psutil<=5.9.4,>=5.4.2
  Downloading psutil-5.9.4.tar.gz (485 kB)
  Installing build dependencies: started
  Installing build dependencies: finished with status 'done'
  Getting requirements to build wheel: started
  Getting requirements to build wheel: finished with status 'done'
  Preparing metadata (pyproject.toml): started
  Preparing metadata (pyproject.toml): finished with status 'done'
Building wheels for collected packages: psutil
  Building wheel for psutil (pyproject.toml): started
  Building wheel for psutil (pyproject.toml): finished with status 'error'
Failed to build psutil

Could not install psutil, so telemetry will be missing some data. Continuing.
Creating the 'build' site at /home/berke/workdir/www/zen-browser/work/.mozbuild/srcdirs/work-19357a123b84/_virtualenvs/build
 0:00.34 W Clobber not needed.
 0:06.05 Using Python 3.11.13 from /home/berke/workdir/www/zen-browser/work/.mozbuild/srcdirs/work-19357a123b84/_virtualenvs/build/bin/python
 0:06.05 Adding configure options from /home/berke/workdir/www/zen-browser/work/.mozconfig
 0:06.05   --without-wasm-sandboxed-libraries
 0:06.05   --prefix=/usr/local
 0:06.05   --with-libclang-path=/usr/local/llvm19/lib
 0:06.05   --with-system-libevent
 0:06.05   --enable-system-ffi
 0:06.05   --with-system-icu
 0:06.05   --with-intl-api
 0:06.05   --with-system-jpeg=/usr/local
 0:06.05   --with-system-nspr
 0:06.05   --with-system-nss
 0:06.05   --with-system-png
 0:06.05   --enable-system-pixman
 0:06.05   --with-system-libvpx
 0:06.05   --with-system-webp
 0:06.05   --enable-update-channel=release
 0:06.05   --disable-updater
 0:06.05   --with-system-zlib
 0:06.05   --disable-optimize
 0:06.05   --disable-dbus
 0:06.05   --disable-libproxy
 0:06.05   --disable-pulseaudio
 0:06.05   --disable-sndio
 0:06.05   --disable-debug
 0:06.05   --disable-debug-symbols
 0:06.05   --enable-release
 0:06.05   --enable-rust-simd
 0:06.05   --disable-profiling
 0:06.05   --disable-tests
 0:06.05   --enable-strip
 0:06.05   --enable-install-strip
 0:06.05   PYTHON3=/usr/local/bin/python3.11
 0:06.05   MOZ_GOOGLE_LOCATION_SERVICE_API_KEY=AIzaSyBsp9n41JLW8jCokwn7vhoaMejDFRd1mp8
 0:06.05   CONFIG_SHELL=/bin/sh
 0:06.05   PKG_CONFIG=pkgconf
 0:06.05   MOZ_GOOGLE_SAFEBROWSING_API_KEY=AIzaSyBsp9n41JLW8jCokwn7vhoaMejDFRd1mp8
 0:06.05   PYTHON=/usr/local/bin/python3.11
 0:06.05   RUSTFLAGS=
 0:06.05   MAKE=/usr/local/bin/gmake
 0:06.05 checking for vcs source checkout... no
 0:06.59 checking for a shell... /bin/sh
 0:06.60 checking for host system type... x86_64-unknown-freebsd15.0
 0:06.60 checking for target system type... x86_64-unknown-freebsd15.0
 0:08.93 checking whether cross compiling... no
 0:09.23 checking if configuration file confvars.sh exists... /home/berke/workdir/www/zen-browser/work/browser/confvars.sh
 0:09.33 checking if configuration file configure.sh exists... /home/berke/workdir/www/zen-browser/work/browser/branding/unofficial/configure.sh
 0:09.55 checking for Python 3... /home/berke/workdir/www/zen-browser/work/.mozbuild/srcdirs/work-19357a123b84/_virtualenvs/build/bin/python (3.11.13)
 0:09.56 checking for ccache... not found
 0:09.56 checking for the target C compiler... /usr/local/bin/clang19
 0:09.67 checking whether the target C compiler can be used... yes
 0:09.67 checking the target C compiler version... 19.1.7
 0:09.77 checking the target C compiler works... yes
 0:09.78 checking for the target C++ compiler... /usr/local/bin/clang++19
 0:09.89 checking whether the target C++ compiler can be used... yes
 0:09.89 checking the target C++ compiler version... 19.1.7
 0:09.94 checking the target C++ compiler works... yes
 0:09.94 checking for the host C compiler... /usr/local/bin/clang19
 0:09.95 checking whether the host C compiler can be used... yes
 0:09.95 checking the host C compiler version... 19.1.7
 0:09.95 checking the host C compiler works... yes
 0:09.95 checking for the host C++ compiler... /usr/local/bin/clang++19
 0:09.95 checking whether the host C++ compiler can be used... yes
 0:09.95 checking the host C++ compiler version... 19.1.7
 0:09.95 checking the host C++ compiler works... yes
 0:10.02 checking for target linker... lld
 0:10.08 checking for host linker... lld
 0:15.05 checking for 64-bit OS... yes
 0:15.18 checking for __thread keyword for TLS variables... yes
 0:15.30 checking for unwind.h... yes
 0:15.55 checking for _Unwind_Backtrace... yes
 0:15.55 checking for the assembler... /usr/local/bin/clang19
 0:15.64 checking for llvm-objdump... /usr/local/llvm19/bin/llvm-objdump
 0:15.70 checking for ar... /usr/local/llvm19/bin/llvm-ar
 0:15.78 checking whether ar supports response files... yes
 0:15.83 checking for host_ar... /usr/local/llvm19/bin/llvm-ar
 0:16.02 checking for -mavxvnni support... yes
 0:16.08 checking for -mavx512bw support... yes
 0:16.14 checking for -mavx512vnni support... yes
 0:16.14 checking for pkg_config... /usr/local/bin/pkgconf
 0:16.14 checking for pkg-config version... 2.4.3
 0:16.15 checking whether pkg-config is pkgconf... yes
 0:16.15 WARNING: When not building jemalloc, you need to build with --with-redist or set WIN32_REDIST_DIR.
 0:16.29 checking for strndup... yes
 0:16.39 checking for posix_memalign... yes
 0:16.49 checking for memalign... yes
 0:16.59 checking for malloc_usable_size... yes
 0:16.75 checking for malloc.h... yes
 0:16.82 checking whether malloc_usable_size definition can use const argument... yes
 0:16.88 checking for stdint.h... yes
 0:16.94 checking for inttypes.h... yes
 0:16.99 checking for alloca.h... no
 0:17.02 checking for sys/byteorder.h... no
 0:17.17 checking for getopt.h... yes
 0:17.23 checking for unistd.h... yes
 0:17.39 checking for nl_types.h... yes
 0:17.46 checking for cpuid.h... yes
 0:17.58 checking for fts.h... yes
 0:17.66 checking for sys/statvfs.h... yes
 0:17.71 checking for sys/statfs.h... no
 0:17.76 checking for sys/vfs.h... no
 0:17.82 checking for sys/mount.h... yes
 0:17.87 checking for sys/quota.h... no
 0:17.92 checking for sys/queue.h... yes
 0:17.98 checking for sys/types.h... yes
 0:18.04 checking for netinet/in.h... yes
 0:18.18 checking for byteswap.h... yes
 0:18.24 checking for memfd_create in sys/mman.h... yes
 0:18.35 checking for clock_gettime(CLOCK_MONOTONIC)... yes
 0:18.63 checking for res_ninit()... yes
 0:18.73 checking for dladdr... yes
 0:18.79 checking for dlfcn.h... yes
 0:18.89 checking for dlopen in -ldl... yes
 0:18.99 checking for gethostbyname_r in -lc_r... no
 0:19.14 checking for socket in -lsocket... no
 0:19.25 checking for pthread_create... no
 0:19.35 checking for pthread_create in -lpthread... yes
 0:19.41 checking for pthread.h... yes
 0:19.47 checking whether the C compiler supports -pthread... yes
 0:24.72 checking whether 64-bits std::atomic requires -latomic... no
 0:24.78 checking whether the C compiler supports -Wbitfield-enum-conversion... yes
 0:24.83 checking whether the C++ compiler supports -Wbitfield-enum-conversion... yes
 0:24.89 checking whether the C compiler supports -Wformat-type-confusion... yes
 0:24.95 checking whether the C++ compiler supports -Wformat-type-confusion... yes
 0:25.01 checking whether the C compiler supports -Wshadow-field-in-constructor-modified... yes
 0:25.07 checking whether the C++ compiler supports -Wshadow-field-in-constructor-modified... yes
 0:25.15 checking whether the C compiler supports -Wtautological-constant-in-range-compare... yes
 0:25.27 checking whether the C++ compiler supports -Wtautological-constant-in-range-compare... yes
 0:25.34 checking whether the C compiler supports -Wno-error=tautological-type-limit-compare... yes
 0:25.40 checking whether the C++ compiler supports -Wno-error=tautological-type-limit-compare... yes
 0:25.47 checking whether the C compiler supports -Wunreachable-code-return... yes
 0:25.53 checking whether the C++ compiler supports -Wunreachable-code-return... yes
 0:25.60 checking whether the C compiler supports -Wunused-but-set-parameter... yes
 0:25.66 checking whether the C++ compiler supports -Wunused-but-set-parameter... yes
 0:25.73 checking whether the C compiler supports -Wclass-varargs... yes
 0:25.80 checking whether the C++ compiler supports -Wclass-varargs... yes
 0:25.87 checking whether the C++ compiler supports -Wempty-init-stmt... yes
 0:25.94 checking whether the C compiler supports -Wfloat-overflow-conversion... yes
 0:26.00 checking whether the C++ compiler supports -Wfloat-overflow-conversion... yes
 0:26.07 checking whether the C compiler supports -Wfloat-zero-conversion... yes
 0:26.13 checking whether the C++ compiler supports -Wfloat-zero-conversion... yes
 0:26.20 checking whether the C compiler supports -Wloop-analysis... yes
 0:26.27 checking whether the C++ compiler supports -Wloop-analysis... yes
 0:26.33 checking whether the C compiler supports -Wno-range-loop-analysis... yes
 0:26.40 checking whether the C++ compiler supports -Wno-range-loop-analysis... yes
 0:26.47 checking whether the C++ compiler supports -Wcomma-subscript... no
 0:26.54 checking whether the C compiler supports -Wenum-compare-conditional... yes
 0:26.60 checking whether the C++ compiler supports -Wenum-compare-conditional... yes
 0:26.66 checking whether the C compiler supports -Wenum-float-conversion... yes
 0:26.72 checking whether the C++ compiler supports -Wenum-float-conversion... yes
 0:26.78 checking whether the C++ compiler supports -Wvolatile... no
 0:26.85 checking whether the C++ compiler supports -Wno-deprecated-anon-enum-enum-conversion... yes
 0:26.91 checking whether the C++ compiler supports -Wno-deprecated-enum-enum-conversion... yes
 0:26.98 checking whether the C++ compiler supports -Wno-deprecated-this-capture... yes
 0:27.14 checking whether the C++ compiler supports -Wcomma... yes
 0:27.20 checking whether the C compiler supports -Wduplicated-cond... no
 0:27.27 checking whether the C++ compiler supports -Wduplicated-cond... no
 0:27.35 checking whether the C++ compiler supports -Wimplicit-fallthrough... yes
 0:27.42 checking whether the C compiler supports -Wlogical-op... no
 0:27.48 checking whether the C++ compiler supports -Wlogical-op... no
 0:27.55 checking whether the C compiler supports -Wstring-conversion... yes
 0:27.61 checking whether the C++ compiler supports -Wstring-conversion... yes
 0:27.67 checking whether the C++ compiler supports -Wno-inline-new-delete... yes
 0:27.73 checking whether the C compiler supports -Wno-error=maybe-uninitialized... no
 0:27.79 checking whether the C++ compiler supports -Wno-error=maybe-uninitialized... no
 0:27.86 checking whether the C compiler supports -Wno-error=deprecated-declarations... yes
 0:27.92 checking whether the C++ compiler supports -Wno-error=deprecated-declarations... yes
 0:27.98 checking whether the C compiler supports -Wno-error=array-bounds... yes
 0:28.05 checking whether the C++ compiler supports -Wno-error=array-bounds... yes
 0:28.12 checking whether the C compiler supports -Wno-error=free-nonheap-object... yes
 0:28.18 checking whether the C++ compiler supports -Wno-error=free-nonheap-object... yes
 0:28.24 checking whether the C compiler supports -Wno-multistatement-macros... no
 0:28.30 checking whether the C++ compiler supports -Wno-multistatement-macros... no
 0:28.37 checking whether the C compiler supports -Wno-error=class-memaccess... no
 0:28.43 checking whether the C++ compiler supports -Wno-error=class-memaccess... no
 0:28.49 checking whether the C compiler supports -Wno-error=atomic-alignment... yes
 0:28.56 checking whether the C++ compiler supports -Wno-error=atomic-alignment... yes
 0:28.62 checking whether the C compiler supports -Wno-error=deprecated-builtins... yes
 0:28.80 checking whether the C++ compiler supports -Wno-error=deprecated-builtins... yes
 0:28.87 checking whether the C compiler supports -Wformat... yes
 0:28.94 checking whether the C++ compiler supports -Wformat... yes
 0:29.00 checking whether the C compiler supports -Wformat-security... yes
 0:29.07 checking whether the C++ compiler supports -Wformat-security... yes
 0:29.14 checking whether the C compiler supports -Wformat-overflow=2... no
 0:29.18 checking whether the C++ compiler supports -Wformat-overflow=2... no
 0:29.22 checking whether the C compiler supports -Werror=implicit-function-declaration... yes
 0:29.25 checking whether the C compiler supports -Wno-psabi... yes
 0:29.32 checking whether the C++ compiler supports -Wno-psabi... yes
 0:29.38 checking whether the C compiler supports -Wthread-safety... yes
 0:29.43 checking whether the C++ compiler supports -Wthread-safety... yes
 0:29.50 checking whether the C compiler supports -Wno-error=builtin-macro-redefined... yes
 0:29.56 checking whether the C++ compiler supports -Wno-error=builtin-macro-redefined... yes
 0:29.63 checking whether the C++ compiler supports -Wno-vla-cxx-extension... yes
 0:29.70 checking whether the C compiler supports -Wno-unknown-warning-option... yes
 0:29.76 checking whether the C++ compiler supports -Wno-unknown-warning-option... yes
 0:29.81 checking whether the C compiler supports -Wno-character-conversion... no
 0:29.88 checking whether the C++ compiler supports -Wno-character-conversion... no
 0:29.95 checking whether the C++ compiler supports -fno-sized-deallocation... yes
 0:30.01 checking whether the C++ compiler supports -fno-aligned-new... yes
 0:30.14 checking whether the linker supports Identical Code Folding... yes
 0:30.24 checking whether the C linker supports -Wl,--build-id=sha1... yes
 0:30.30 checking whether the C assembler supports -Wa,--noexecstack... yes
 0:30.41 checking whether the C linker supports -Wl,-z,noexecstack... yes
 0:30.52 checking whether the C linker supports -Wl,-z,text... yes
 0:30.62 checking whether the C linker supports -Wl,-z,relro... yes
 0:30.73 checking whether the C linker supports -Wl,-z,now... yes
 0:30.83 checking whether the C linker supports -Wl,-z,nocopyreloc... yes
 0:30.89 checking whether the C assembler supports -fPIC... yes
 0:30.95 checking whether the C compiler supports -fPIC... yes
 0:31.01 checking whether the C++ compiler supports -fPIC... yes
 0:31.12 checking for --ignore-unresolved-symbol option to the linker... no
 0:31.23 checking what kind of list files are supported by the linker... linkerlist
 0:31.23 checking for llvm_profdata... /usr/local/bin/llvm-profdata
 0:31.31 checking for readelf... /usr/local/llvm19/bin/llvm-readelf
 0:31.38 checking for objcopy... /usr/local/llvm19/bin/llvm-objcopy
 0:31.48 checking for nspr >= 4.32... yes
 0:31.53 checking NSPR_CFLAGS... -I/usr/local/include/nspr
 0:31.60 checking NSPR_LIBS... -L/usr/local/lib -lplds4 -lplc4 -lnspr4 -pthread -ldl
 0:31.60 checking for rustc... /usr/local/bin/rustc
 0:31.60 checking for cargo... /usr/local/bin/cargo
 0:31.76 checking rustc version... 1.91.1
 0:31.78 checking cargo version... 1.91.1
 0:32.06 checking for rust host triplet... x86_64-unknown-freebsd
 0:32.15 checking for rust target triplet... x86_64-unknown-freebsd
 0:32.15 checking for rustdoc... /usr/local/bin/rustdoc
 0:32.16 checking for cbindgen... /usr/local/bin/cbindgen
 0:32.23 checking for rustfmt... /usr/local/bin/rustfmt
 0:32.23 checking for clang for bindgen... /usr/local/bin/clang++19
 0:32.24 checking for libclang for bindgen... /usr/local/llvm19/lib/libclang.so
 0:32.28 checking that libclang is new enough... yes
 0:32.28 checking bindgen cflags... ['-x', 'c++', '-fno-sized-deallocation', '-fno-aligned-new', '-DTRACING=1', '-DIMPL_LIBXUL', '-DMOZILLA_INTERNAL_API', '-DRUST_BINDGEN']
 0:32.29 checking for libffi > 3.0.9... yes
 0:32.29 checking MOZ_FFI_CFLAGS... -I/usr/local/include
 0:32.31 checking MOZ_FFI_LIBS... -L/usr/local/lib -lffi
 0:32.45 checking for icu-uc icu-i18n >= 76.1... yes
 0:32.50 checking MOZ_ICU_CFLAGS... -I/usr/local/include
 0:32.59 checking MOZ_ICU_LIBS... -L/usr/local/lib -licui18n -licuuc
 0:32.72 checking for tm_zone and tm_gmtoff in struct tm... yes
 0:32.84 checking for getpagesize... yes
 0:32.94 checking for gmtime_r... yes
 0:33.05 checking for localtime_r... yes
 0:33.15 checking for gettid... no
 0:33.25 checking for setpriority... yes
 0:33.35 checking for syscall... yes
 0:33.45 checking for getc_unlocked... yes
 0:33.61 checking for pthread_getname_np... yes
 0:33.76 checking for pthread_get_name_np... no
 0:33.89 checking for strerror... yes
 0:34.23 checking for nl_langinfo and CODESET... yes
 0:34.33 checking for __cxa_demangle... yes
 0:34.44 checking for _getc_nolock... no
 0:34.54 checking for localeconv... yes
 0:34.62 checking for nodejs... /usr/local/bin/node (24.7.0)
 0:39.58 checking for gtk+-wayland-3.0 >= 3.14 xkbcommon >= 0.4.1... yes
 0:39.65 checking MOZ_WAYLAND_CFLAGS... -I/usr/local/include/gtk-3.0 -I/usr/local/include/pango-1.0 -I/usr/local/include -I/usr/local/include/cairo -I/usr/local/include/gdk-pixbuf-2.0 -I/usr/local/include/at-spi2-atk/2.0 -I/usr/local/include/at-spi-2.0 -I/usr/local/include/atk-1.0 -I/usr/local/libdata/pkgconfig/../../include/dbus-1.0 -I/usr/local/libdata/pkgconfig/../../lib/dbus-1.0/include -I/usr/local/include/libepoll-shim -I/usr/local/include/fribidi -D_THREAD_SAFE -I/usr/local/include/pixman-1 -I/usr/local/include/harfbuzz -I/usr/local/include/freetype2 -I/usr/local/include/libpng16 -I/usr/local/include/gio-unix-2.0 -pthread -I/usr/local/include/glib-2.0 -I/usr/local/lib/glib-2.0/include
 0:39.66 checking MOZ_WAYLAND_LIBS... -L/usr/local/lib -lgtk-3 -lgdk-3 -lz -lpangocairo-1.0 -lcairo-gobject -lgdk_pixbuf-2.0 -latk-1.0 -lpango-1.0 -lcairo -lharfbuzz -lgio-2.0 -lgobject-2.0 -lglib-2.0 -lintl -lxkbcommon
 0:39.70 checking for pango >= 1.22.0... yes
 0:39.77 checking MOZ_PANGO_CFLAGS... -I/usr/local/include/pango-1.0 -I/usr/local/include/harfbuzz -I/usr/local/include -pthread -I/usr/local/include/glib-2.0 -I/usr/local/lib/glib-2.0/include -I/usr/local/include/fribidi -I/usr/local/include/cairo -I/usr/local/include/freetype2 -I/usr/local/include/libpng16 -D_THREAD_SAFE -I/usr/local/include/pixman-1
 0:39.78 checking MOZ_PANGO_LIBS... -L/usr/local/lib -lpango-1.0 -lharfbuzz -lgobject-2.0 -lglib-2.0 -lintl
 0:39.79 checking for fontconfig >= 2.7.0... yes
 0:39.83 checking _FONTCONFIG_CFLAGS... -I/usr/local/include -I/usr/local/include/freetype2 -I/usr/local/include/libpng16
 0:39.86 checking _FONTCONFIG_LIBS... -L/usr/local/lib -lfontconfig -lfreetype
 0:39.89 checking for freetype2 >= 9.10.3... yes
 0:39.95 checking _FT2_CFLAGS... -I/usr/local/include/freetype2 -I/usr/local/include/libpng16 -I/usr/local/include
 0:39.96 checking _FT2_LIBS... -L/usr/local/lib -lfreetype
 0:39.96 checking for tar... /usr/local/bin/gtar
 0:39.96 checking for unzip... /usr/local/bin/unzip
 0:39.96 checking for the Mozilla API key... no
 0:39.96 checking for the Google Location Service API key... no
 0:39.96 checking for the Google Safebrowsing API key... no
 0:39.96 checking for the Bing API key... no
 0:39.96 checking for the Adjust SDK key... no
 0:39.96 checking for the Leanplum SDK key... no
 0:39.96 checking for the Pocket API key... no
 0:40.01 checking for libwebp >= 1.0.2 libwebpdemux >= 1.0.2... yes
 0:40.04 checking MOZ_WEBP_CFLAGS... -I/usr/local/include -I/usr/local/include/webp
 0:40.05 checking MOZ_WEBP_LIBS... -L/usr/local/lib -lwebpdemux -lwebp
 0:40.12 checking for x11 xcb xcb-shm x11-xcb xext xrandr >= 1.4.0 xcomposite xcursor xdamage xfixes xi... yes
 0:40.13 checking MOZ_X11_CFLAGS... -I/usr/local/include -D_THREAD_SAFE
 0:40.14 checking MOZ_X11_LIBS... -L/usr/local/lib -lxcb-shm -lX11-xcb -lXrandr -lXcomposite -lXcursor -lXdamage -lXi -lXext -lXfixes -lX11 -lxcb
 0:40.33 checking for ice sm... yes
 0:40.38 checking MOZ_X11_SM_CFLAGS... -I/usr/local/include
 0:40.59 checking for stat64... no
 0:40.69 checking for lstat64... no
 0:40.80 checking for truncate64... no
 0:40.91 checking for statvfs64... no
 0:41.14 checking for statvfs... yes
 0:41.24 checking for statfs64... no
 0:41.35 checking for statfs... yes
 0:41.47 checking for lutimes... yes
 0:41.58 checking for posix_fadvise... yes
 0:41.69 checking for posix_fallocate... yes
 0:41.80 checking for eventfd... yes
 0:41.91 checking for arc4random... yes
 0:42.01 checking for arc4random_buf... yes
 0:42.12 checking for mallinfo... no
 0:42.18 checking for sys/ioccom.h... yes
 0:42.22 checking for vpx >= 1.10.0... yes
 0:42.26 checking MOZ_LIBVPX_CFLAGS... -I/usr/local/include
 0:42.27 checking MOZ_LIBVPX_LIBS... -L/usr/local/lib -lvpx -lm
 0:42.35 checking for vpx/vpx_decoder.h... yes
 0:42.45 checking for vpx_codec_dec_init_ver... yes
 0:42.56 checking for jpeg_destroy_compress... yes
 0:42.63 checking for sufficient jpeg library version... yes
 0:42.71 checking for sufficient libjpeg-turbo JCS_EXTENSIONS... yes
 0:42.72 checking for libpng >= 1.6.45... yes
 0:42.74 checking MOZ_PNG_CFLAGS... -I/usr/local/include/libpng16
 0:42.75 checking MOZ_PNG_LIBS... -L/usr/local/lib -lpng16
 0:42.88 checking for png_get_acTL... yes
 0:42.88 checking for nasm... /usr/local/bin/nasm
 0:42.91 checking nasm version... 2.16.03
 0:42.92 checking for dump_syms... not found
 0:42.94 checking for nss >= 3.117... yes
 0:42.95 checking NSS_CFLAGS... -I/usr/local/include -I/usr/local/include/nss -I/usr/local/include/nspr
 0:42.98 checking NSS_LIBS... -L/usr/local/lib -lnss3 -lsmime3 -lssl3 -lnssutil3 -lplds4 -lplc4 -lnspr4 -pthread -ldl
 0:43.01 checking for libevent... yes
 0:43.02 checking MOZ_LIBEVENT_CFLAGS... -I/usr/local/include
 0:43.05 checking MOZ_LIBEVENT_LIBS... -L/usr/local/lib -levent
 0:43.11 checking for gtk+-3.0 >= 3.14.0 gtk+-unix-print-3.0 glib-2.0 gobject-2.0 gio-unix-2.0... yes
 0:43.14 checking MOZ_GTK3_CFLAGS... -I/usr/local/include/gtk-3.0/unix-print -I/usr/local/include/gtk-3.0 -I/usr/local/include/pango-1.0 -I/usr/local/include -I/usr/local/include/at-spi2-atk/2.0 -I/usr/local/include/at-spi-2.0 -I/usr/local/libdata/pkgconfig/../../include/dbus-1.0 -I/usr/local/libdata/pkgconfig/../../lib/dbus-1.0/include -I/usr/local/include/libepoll-shim -I/usr/local/include/fribidi -I/usr/local/include/harfbuzz -I/usr/local/include/atk-1.0 -I/usr/local/include/cairo -I/usr/local/include/freetype2 -I/usr/local/include/libpng16 -D_THREAD_SAFE -I/usr/local/include/pixman-1 -I/usr/local/include/gdk-pixbuf-2.0 -I/usr/local/include/gio-unix-2.0 -pthread -I/usr/local/include/glib-2.0 -I/usr/local/lib/glib-2.0/include
 0:43.19 checking MOZ_GTK3_LIBS... -L/usr/local/lib -lgtk-3 -lgdk-3 -lz -lpangocairo-1.0 -lpango-1.0 -lharfbuzz -latk-1.0 -lcairo-gobject -lcairo -lgdk_pixbuf-2.0 -lgio-2.0 -lgobject-2.0 -lglib-2.0 -lintl
 0:43.20 checking for glib-2.0 >= 2.42 gobject-2.0... yes
 0:43.24 checking GLIB_CFLAGS... -I/usr/local/include -I/usr/local/include/glib-2.0 -I/usr/local/lib/glib-2.0/include
 0:43.25 checking GLIB_LIBS... -L/usr/local/lib -lgobject-2.0 -lglib-2.0 -lintl
 0:43.29 checking for pixman-1 >= 0.40.0... yes
 0:43.30 checking MOZ_PIXMAN_CFLAGS... -I/usr/local/include/pixman-1
 0:43.34 checking MOZ_PIXMAN_LIBS... -L/usr/local/lib -lpixman-1
 0:43.42 checking for sin_len in struct sockaddr_in... yes
 0:43.52 checking for sin_len6 in struct sockaddr_in6... yes
 0:43.62 checking for sa_len in struct sockaddr... no
 0:43.73 checking for pthread_cond_timedwait_monotonic_np... no
 0:43.73 checking ONNX install path... no
 0:43.84 checking for valid C compiler optimization flags... yes
 0:43.84 checking for awk... /usr/bin/nawk
 0:43.84 checking for gmake... /usr/local/bin/gmake
 0:43.85 checking for watchman... not found
 0:43.85 checking for xargs... /usr/local/bin/xargs
 0:44.08 checking for strip... /usr/local/llvm19/bin/llvm-strip
 0:44.08 checking for zlib >= 1.2.3... yes
 0:44.11 checking MOZ_ZLIB_CFLAGS...
 0:44.12 checking MOZ_ZLIB_LIBS... -L/lib -lz
 0:44.15 Creating config.status
 0:44.36 Reticulating splines...
 0:56.72 Finished reading 2221 moz.build files in 4.30s
 0:56.72 Read 13 gyp files in parallel contributing 0.00s to total wall time
 0:56.72 Processed into 16157 build config descriptors in 2.29s
 0:56.72 RecursiveMake backend executed in 5.40s
 0:56.72   4723 total backend files; 0 created; 1156 updated; 3567 unchanged; 0 deleted; 17 -> 1780 Makefile
 0:56.72 FasterMake backend executed in 0.00s
 0:56.72   0 total backend files; 0 created; 0 updated; 0 unchanged; 0 deleted
 0:56.72 Clangd backend executed in 0.00s
 0:56.72   0 total backend files; 0 created; 0 updated; 0 unchanged; 0 deleted
 0:56.72 Total wall time: 12.37s; CPU time: 11.20s; Efficiency: 91%; Untracked: 0.38s
 0:57.89 W Adding make options from /home/berke/workdir/www/zen-browser/work/.mozconfig
    MOZ_OBJDIR=/home/berke/workdir/www/zen-browser/work/.build
    OBJDIR=/home/berke/workdir/www/zen-browser/work/.build
    FOUND_MOZCONFIG=/home/berke/workdir/www/zen-browser/work/.mozconfig
    export FOUND_MOZCONFIG
 0:57.89 /usr/local/bin/gmake -f client.mk -j12 -s
 0:58.48 Elapsed: 0.30s; From dist/xpi-stage: Kept 0 existing; Added/updated 502; Removed 0 files and 0 directories.
 0:58.77 Elapsed: 0.28s; From _tests: Kept 11 existing; Added/updated 694; Removed 0 files and 0 directories.
 0:58.94 Elapsed: 0.74s; From dist/bin: Kept 13 existing; Added/updated 2830; Removed 0 files and 0 directories.
 0:59.05 Elapsed: 0.89s; From dist/include: Kept 2978 existing; Added/updated 4796; Removed 0 files and 0 directories.
 0:59.19 ./mozilla-config.h.stub
 0:59.19 ./buildid.h.stub
 0:59.19 ./source-repo.h.stub
 0:59.19 ./RelationType.h.stub
 0:59.19 ./Role.h.stub
 0:59.19 ./stl.sentinel.stub
 0:59.19 ./system-header.sentinel.stub
 0:59.19 ./xpcAccEvents.h.stub
 0:59.19 ./buildconfig.rs.stub
 0:59.19 ./cbindgen-metadata.json.stub
 0:59.19 ./UseCounterList.h.stub
 0:59.19 ./UseCounterWorkerList.h.stub
 0:59.21 config
 0:59.83 ./ServoCSSPropList.py.stub
 1:00.13 ./BaseChars.h.stub
 1:00.13 ./IsCombiningDiacritic.h.stub
 1:00.14 ./js-confdefs.h.stub
 1:00.15 ./js-config.h.stub
 1:00.15 ./ProfilingCategoryList.h.stub
 1:00.19 ./PrefsGenerated.h.stub
 1:00.44 ./ReservedWordsGenerated.h.stub
 1:00.57 ./StatsPhasesGenerated.h.stub
 1:00.90 ./ABIFunctionTypeGenerated.h.stub
 1:00.99 ./MIROpsGenerated.h.stub
 1:01.08 ./LIROpsGenerated.h.stub
 1:01.23 ./CacheIROpsGenerated.h.stub
 1:01.38 ./AtomicOperationsGenerated.h.stub
 1:01.52 ./WasmBuiltinModuleGenerated.h.stub
 1:01.53 ./FrameIdList.h.stub
 1:01.68 ./FrameTypeList.h.stub
 1:02.14 ./CountedUnknownProperties.h.stub
 1:02.24 ./StaticPrefListAll.h.stub
 1:02.36 ./registered_field_trials.h.stub
 1:02.56 ./GeckoTraceEvents.h.stub
 1:02.70 ./glean_adapter.rs.stub
 1:02.91 ./metrics_yamls.cached.stub
 1:03.02 ./pings_yamls.cached.stub
 1:03.49 ./NimbusFeatureManifest.h.stub
 1:03.73 ./TelemetryHistogramEnums.h.stub
 1:03.74 ./TelemetryHistogramNameMap.h.stub
 1:04.20 ./TelemetryScalarData.h.stub
 1:04.80 ./TelemetryScalarEnums.h.stub
 1:04.91 ./TelemetryEventData.h.stub
 1:04.97 ./TelemetryEventEnums.h.stub
 1:05.08 ./TelemetryProcessEnums.h.stub
 1:05.52 ./TelemetryProcessData.h.stub
 1:05.76 ./TelemetryUserInteractionData.h.stub
 1:06.00 ./TelemetryUserInteractionNameMap.h.stub
 1:06.34 ./CrashAnnotations.h.stub
 1:06.49 ./profiling_categories.rs.stub
 1:06.82 ./ErrorList.h.stub
 1:06.93 ./ErrorNamesInternal.h.stub
 1:07.11 ./error_list.rs.stub
 1:07.28 ./Services.h.stub
 1:07.39 ./GeckoProcessTypes.h.stub
 1:07.51 ./Components.h.stub
 1:07.59 ./nsGkAtomList.h.stub
 1:07.68 ./nsGkAtomConsts.h.stub
 1:07.77 ./xpidl.stub.stub
 1:08.12 ./application.ini.stub
 1:08.18 config/nsinstall_real
 1:08.24 ./CSSStyleProperties.webidl.stub
 1:08.32 ./CSSPageDescriptors.webidl.stub
 1:08.45 ./CSSPositionTryDescriptors.webidl.stub
 1:08.45 ./selfhosted.out.h.stub
 1:08.62 ./nsCSSPropertyID.h.stub
 1:08.63 ./ServoCSSPropList.h.stub
 1:08.71 ./CompositorAnimatableProperties.h.stub
 1:08.71 ./GleanPings.h.stub
 1:08.98 ./application.ini.h.stub
 1:10.27 WARNING: mkdir -dot- requested by /usr/local/bin/gmake -C /home/berke/workdir/www/zen-browser/work/.build/config/makefiles/xpidl xpidl
 1:10.27 config/makefiles/xpidl/Bits.xpt
 1:10.27 config/makefiles/xpidl/accessibility.xpt
 1:10.54 config/makefiles/xpidl/alerts.xpt
 1:10.62 config/makefiles/xpidl/appshell.xpt
 1:10.78 config/makefiles/xpidl/appstartup.xpt
 1:10.89 config/makefiles/xpidl/autocomplete.xpt
 1:11.29 config/makefiles/xpidl/autoplay.xpt
 1:11.50 config/makefiles/xpidl/backgroundhangmonitor.xpt
 1:11.66 config/makefiles/xpidl/browsercompsbase.xpt
 1:11.82 config/makefiles/xpidl/caps.xpt
 1:11.83 config/makefiles/xpidl/captivedetect.xpt
 1:12.04 config/makefiles/xpidl/cascade_bindings.xpt
 1:12.20 config/makefiles/xpidl/chrome.xpt
 1:12.65 config/makefiles/xpidl/commandhandler.xpt
 1:12.66 config/makefiles/xpidl/commandlines.xpt
 1:12.74 config/makefiles/xpidl/composer.xpt
 1:12.85 config/makefiles/xpidl/content_events.xpt
 1:13.00 config/makefiles/xpidl/content_geckomediaplugins.xpt
 1:13.21 config/makefiles/xpidl/docshell.xpt
 1:13.21 config/makefiles/xpidl/dom.xpt
 1:13.44 config/makefiles/xpidl/dom_audiochannel.xpt
 1:13.76 config/makefiles/xpidl/dom_base.xpt
 1:13.84 config/makefiles/xpidl/dom_bindings.xpt
 1:13.95 config/makefiles/xpidl/dom_events.xpt
 1:13.96 config/makefiles/xpidl/dom_geolocation.xpt
 1:14.14 config/makefiles/xpidl/dom_identitycredential.xpt
 1:14.49 config/makefiles/xpidl/dom_indexeddb.xpt
 1:14.80 config/makefiles/xpidl/dom_localstorage.xpt
 1:14.89 config/makefiles/xpidl/dom_media.xpt
 1:15.01 config/makefiles/xpidl/dom_network.xpt
 1:15.12 config/makefiles/xpidl/dom_notification.xpt
 1:15.56 config/makefiles/xpidl/dom_payments.xpt
 1:15.64 config/makefiles/xpidl/dom_power.xpt
 1:15.73 config/makefiles/xpidl/dom_push.xpt
 1:15.81 config/makefiles/xpidl/dom_quota.xpt
 1:15.91 config/makefiles/xpidl/dom_security.xpt
 1:16.06 config/makefiles/xpidl/dom_serializers.xpt
 1:16.19 config/makefiles/xpidl/dom_sidebar.xpt
 1:16.45 config/makefiles/xpidl/dom_simpledb.xpt
 1:16.61 config/makefiles/xpidl/dom_storage.xpt
 1:16.73 config/makefiles/xpidl/dom_system.xpt
 1:16.86 config/makefiles/xpidl/dom_webauthn.xpt
 1:17.11 config/makefiles/xpidl/dom_webspeechrecognition.xpt
 1:17.13 config/makefiles/xpidl/dom_webspeechsynth.xpt
 1:17.27 config/makefiles/xpidl/dom_workers.xpt
 1:17.40 config/makefiles/xpidl/dom_xslt.xpt
 1:17.46 config/makefiles/xpidl/dom_xul.xpt
 1:17.64 config/makefiles/xpidl/downloads.xpt
 1:17.77 config/makefiles/xpidl/editor.xpt
 1:17.85 config/makefiles/xpidl/enterprisepolicies.xpt
 1:18.13 config/makefiles/xpidl/extensions.xpt
 1:18.31 config/makefiles/xpidl/exthandler.xpt
 1:18.40 config/makefiles/xpidl/fastfind.xpt
 1:18.48 config/makefiles/xpidl/fog.xpt
 1:18.48 config/makefiles/xpidl/gfx.xpt
 1:18.79 config/makefiles/xpidl/html5.xpt
 1:19.01 config/makefiles/xpidl/htmlparser.xpt
 1:19.25 config/makefiles/xpidl/http-sfv.xpt
 1:19.46 config/makefiles/xpidl/imglib2.xpt
 1:19.55 config/makefiles/xpidl/inspector.xpt
 1:19.60 config/makefiles/xpidl/intl.xpt
 1:19.72 config/makefiles/xpidl/jar.xpt
 1:19.77 config/makefiles/xpidl/jsdevtools.xpt
 1:19.87 config/makefiles/xpidl/kvstore.xpt
 1:20.04 config/makefiles/xpidl/layout_base.xpt
 1:20.21 config/makefiles/xpidl/layout_style.xpt
 1:20.49 config/makefiles/xpidl/layout_xul_tree.xpt
 1:20.56 config/makefiles/xpidl/locale.xpt
 1:20.68 config/makefiles/xpidl/loginmgr.xpt
 1:20.79 config/makefiles/xpidl/migration.xpt
 1:21.07 config/makefiles/xpidl/mimetype.xpt
 1:21.07 config/makefiles/xpidl/ml.xpt
 1:21.15 config/makefiles/xpidl/mozfind.xpt
 1:21.20 config/makefiles/xpidl/mozintl.xpt
 1:21.44 config/makefiles/xpidl/necko.xpt
 1:21.63 config/makefiles/xpidl/necko_about.xpt
 1:21.72 config/makefiles/xpidl/necko_cache2.xpt
 1:22.01 config/makefiles/xpidl/necko_cookie.xpt
 1:22.07 config/makefiles/xpidl/necko_dns.xpt
 1:22.07 config/makefiles/xpidl/necko_file.xpt
 1:22.20 config/makefiles/xpidl/necko_http.xpt
 1:22.22 config/makefiles/xpidl/necko_res.xpt
 1:22.40 config/makefiles/xpidl/necko_socket.xpt
 1:22.65 config/makefiles/xpidl/necko_strconv.xpt
 1:22.99 ./GeneratedElementDocumentState.h.stub
 1:22.99 config/makefiles/xpidl/necko_viewsource.xpt
 1:23.17 ./fragmentdirectives_ffi_generated.h.stub
 1:23.25 ./data_encoding_ffi_generated.h.stub
 1:23.39 ./mime_guess_ffi_generated.h.stub
 1:23.39 ./audioipc2_client_ffi_generated.h.stub
 1:23.61 ./audioipc2_server_ffi_generated.h.stub
 1:23.79 ./origin_trials_ffi_generated.h.stub
 1:24.37 ./webrender_ffi_generated.h.stub
 1:24.47 config/makefiles/xpidl/necko_websocket.xpt
 1:24.48 ./wgpu_ffi_generated.h.stub
 1:24.53 config/makefiles/xpidl/necko_webtransport.xpt
 1:24.63 config/makefiles/xpidl/necko_wifi.xpt
 1:24.83 config/makefiles/xpidl/parentalcontrols.xpt
 1:24.89 config/makefiles/xpidl/peerconnection.xpt
 1:25.27 config/makefiles/xpidl/permissions.xpt
 1:25.58 ./unicode_bidi_ffi_generated.h.stub
 1:25.63 ./mapped_hyph.h.stub
 1:25.71 ./fluent_ffi_generated.h.stub
 1:25.78 ./l10nregistry_ffi_generated.h.stub
 1:25.79 ./localization_ffi_generated.h.stub
 1:25.80 ./fluent_langneg_ffi_generated.h.stub
 1:26.25 ./oxilangtag_ffi_generated.h.stub
 1:26.55 config/makefiles/xpidl/pipnss.xpt
 1:26.62 config/makefiles/xpidl/places.xpt
 1:26.70 config/makefiles/xpidl/pref.xpt
 1:26.74 config/makefiles/xpidl/prefetch.xpt
 1:26.84 config/makefiles/xpidl/privateattribution.xpt
 1:27.10 config/makefiles/xpidl/profiler.xpt
 1:27.46 ./unic_langid_ffi_generated.h.stub
 1:27.79 ./ServoStyleConsts.h.stub
 1:27.94 ./mp4parse_ffi_generated.h.stub
 1:27.95 ./idna_glue.h.stub
 1:28.03 config/makefiles/xpidl/remote.xpt
 1:28.28 ./MozURL_ffi.h.stub
 1:28.37 config/makefiles/xpidl/reputationservice.xpt
 1:29.01 config/makefiles/xpidl/satchel.xpt
 1:29.22 config/makefiles/xpidl/services.xpt
 1:29.23 config/makefiles/xpidl/sessionstore.xpt
 1:29.28 config/makefiles/xpidl/shellservice.xpt
 1:29.34 config/makefiles/xpidl/shistory.xpt
 1:29.34 ./rust_helper.h.stub
 1:29.54 config/makefiles/xpidl/spellchecker.xpt
 1:29.70 config/makefiles/xpidl/startupcache.xpt
 1:30.15 config/makefiles/xpidl/storage.xpt
 1:30.15 ./uritemplate_glue.h.stub
 1:30.25 config/makefiles/xpidl/telemetry.xpt
 1:30.26 config/makefiles/xpidl/thumbnails.xpt
 1:30.42 ./urlpattern_glue.h.stub
 1:30.71 ./neqo_glue_ffi_generated.h.stub
 1:30.80 ./signature_cache_ffi.h.stub
 1:30.99 ./mozilla_abridged_certs_generated.h.stub
 1:31.09 ./mls_gk_ffi_generated.h.stub
 1:31.20 config/makefiles/xpidl/toolkit_antitracking.xpt
 1:31.47 ./fog_ffi_generated.h.stub
 1:31.57 ./jog_ffi_generated.h.stub
 1:31.77 config/makefiles/xpidl/toolkit_asyncshutdown.xpt
 1:31.81 config/makefiles/xpidl/toolkit_backgroundtasks.xpt
 1:31.94 ./GleanMetrics.h.stub
 1:32.02 config/makefiles/xpidl/toolkit_cleardata.xpt
 1:32.35 ./GleanJSMetricsLookup.cpp.stub
 1:32.81 config/makefiles/xpidl/toolkit_contentanalysis.xpt
 1:32.88 ./metrics.rs.stub
 1:32.88 config/makefiles/xpidl/toolkit_cookiebanners.xpt
 1:33.06 ./factory.rs.stub
 1:33.08 config/makefiles/xpidl/toolkit_crashservice.xpt
 1:33.29 ./dap_ffi_generated.h.stub
 1:34.41 config/makefiles/xpidl/toolkit_finalizationwitness.xpt
 1:34.75 ./profiler_ffi_generated.h.stub
 1:34.93 ./gk_rust_utils_ffi_generated.h.stub
 1:35.63 config/makefiles/xpidl/toolkit_media.xpt
 1:35.96 config/makefiles/xpidl/toolkit_modules.xpt
 1:36.35 config/makefiles/xpidl/toolkit_processtools.xpt
 1:36.50 config/makefiles/xpidl/toolkit_resistfingerprinting.xpt
 1:36.59 config/makefiles/xpidl/toolkit_search.xpt
 1:36.68 config/makefiles/xpidl/toolkit_shell.xpt
 1:37.03 config/makefiles/xpidl/toolkit_terminator.xpt
 1:37.20 config/makefiles/xpidl/toolkit_xulstore.xpt
 1:37.91 config/makefiles/xpidl/toolkitprofile.xpt
 1:38.03 config/makefiles/xpidl/toolkitremote.xpt
 1:38.09 config/makefiles/xpidl/txmgr.xpt
 1:38.09 config/makefiles/xpidl/txtsvc.xpt
 1:38.26 config/makefiles/xpidl/uconv.xpt
 1:38.44 config/makefiles/xpidl/update.xpt
 1:38.91 config/makefiles/xpidl/uriloader.xpt
 1:39.58 config/makefiles/xpidl/url-classifier.xpt
 1:39.65 config/makefiles/xpidl/urlformatter.xpt
 1:39.73 config/makefiles/xpidl/webBrowser_core.xpt
 1:39.79 config/makefiles/xpidl/webbrowserpersist.xpt
 1:39.88 config/makefiles/xpidl/webextensions.xpt
 1:40.27 config/makefiles/xpidl/webvtt.xpt
 1:40.59 config/makefiles/xpidl/widget.xpt
 1:40.83 config/makefiles/xpidl/windowcreator.xpt
 1:40.85 config/makefiles/xpidl/windowwatcher.xpt
 1:41.05 config/makefiles/xpidl/xpcom_base.xpt
 1:41.13 config/makefiles/xpidl/xpcom_components.xpt
 1:41.46 config/makefiles/xpidl/xpcom_ds.xpt
 1:41.73 config/makefiles/xpidl/xpcom_io.xpt
 1:41.87 config/makefiles/xpidl/xpcom_system.xpt
 1:42.07 config/makefiles/xpidl/xpcom_threads.xpt
 1:42.31 config/makefiles/xpidl/xpconnect.xpt
 1:42.65 config/makefiles/xpidl/xul.xpt
 1:42.79 config/makefiles/xpidl/xulapp.xpt
 1:43.14 config/makefiles/xpidl/zen.xpt
 1:43.64 config/makefiles/xpidl/zen_mods.xpt
 1:43.85 config/makefiles/xpidl/zipwriter.xpt
 1:45.23 config/makefiles/xpidl/xptdata.stub
 1:47.61 config/external/mozinference/libmozinference.so.symbols.stub
 1:47.61 build/pure_virtual
 1:47.61 browser/app
 1:47.61 mozglue/baseprofiler
 1:47.61 memory/build
 1:47.61 memory/mozalloc
 1:47.61 mfbt
 1:47.61 third_party/fmt
 1:47.61 mozglue/build
 1:47.61 xpcom/glue/standalone
 1:47.61 mozglue/misc
 1:48.34 third_party/llama.cpp
 1:50.21 warning: patch for `init_rust_components` uses the features mechanism. default-features and features will not take effect because the patch dependency does not support this mechanism
 1:50.22 warning: patch for `logins` uses the features mechanism. default-features and features will not take effect because the patch dependency does not support this mechanism
 1:56.26 /home/berke/workdir/www/zen-browser/work/mozglue/misc/ConditionVariable_posix.cpp:106:11: warning: calling function 'pthread_cond_wait' requires holding mutex 'ptMutex' exclusively [-Wthread-safety-analysis]
 1:56.26   106 |   int r = pthread_cond_wait(ptCond, ptMutex);
 1:56.26       |           ^
 1:56.27 /home/berke/workdir/www/zen-browser/work/mozglue/misc/ConditionVariable_posix.cpp:140:7: warning: calling function 'pthread_cond_timedwait' requires holding mutex 'ptMutex' exclusively [-Wthread-safety-analysis]
 1:56.27   140 |   r = pthread_cond_timedwait(ptCond, ptMutex, &abs_ts);
 1:56.27       |       ^
 1:56.37 In file included from Unified_cpp_memory_build0.cpp:2:
 1:56.38 /home/berke/workdir/www/zen-browser/work/memory/build/Fallback.cpp:13:9: warning: 'HAVE_MEMALIGN' macro redefined [-Wmacro-redefined]
 1:56.38    13 | #define HAVE_MEMALIGN 0
 1:56.38       |         ^
 1:56.38 /home/berke/workdir/www/zen-browser/work/.build/mozilla-config.h:64:9: note: previous definition is here
 1:56.38    64 | #define HAVE_MEMALIGN 1
 1:56.38       |         ^
 1:56.43 In file included from Unified_cpp_memory_build0.cpp:2:
 1:56.43 In file included from /home/berke/workdir/www/zen-browser/work/memory/build/Fallback.cpp:37:
 1:56.43 /home/berke/workdir/www/zen-browser/work/memory/build/malloc_decls.h:64:1: error: no member named 'memalign' in the global namespace; did you mean simply 'memalign'?
 1:56.43    64 | NOTHROW_MALLOC_DECL(memalign, void*, size_t, size_t)
 1:56.43       | ^~~~~~~~~~~~~~~~~~~~~~~~~~~~~~~~~~~~~~~~~~~~~~~~~~~~
 1:56.43 /home/berke/workdir/www/zen-browser/work/memory/build/malloc_decls.h:56:33: note: expanded from macro 'NOTHROW_MALLOC_DECL'
 1:56.43    56 | #    define NOTHROW_MALLOC_DECL MALLOC_DECL
 1:56.43       |                                 ^
 1:56.44 /home/berke/workdir/www/zen-browser/work/memory/build/Fallback.cpp:34:12: note: expanded from macro 'MALLOC_DECL'
 1:56.44    34 |     return ::name(ARGS_HELPER(ARGS, ##__VA_ARGS__));                       \
 1:56.44       |            ^~
 1:56.44 /home/berke/workdir/www/zen-browser/work/memory/build/malloc_decls.h:64:21: note: 'memalign' declared here
 1:56.44    64 | NOTHROW_MALLOC_DECL(memalign, void*, size_t, size_t)
 1:56.44       |                     ^
 1:56.44 /home/berke/workdir/www/zen-browser/work/memory/build/malloc_decls.h:56:33: note: expanded from macro 'NOTHROW_MALLOC_DECL'
 1:56.44    56 | #    define NOTHROW_MALLOC_DECL MALLOC_DECL
 1:56.44       |                                 ^
 1:56.55 2 warnings generated.
 1:56.61 1 warning and 1 error generated.
 1:56.65 gmake[5]: *** [/home/berke/workdir/www/zen-browser/work/config/rules.mk:670: Unified_cpp_memory_build0.o] Error 1
 1:56.65 gmake[4]: *** [/home/berke/workdir/www/zen-browser/work/config/recurse.mk:72: memory/build/target-objects] Error 2
 1:56.65 gmake[4]: *** Waiting for unfinished jobs....
 1:57.20    Compiling unicode-ident v1.0.6
 1:57.61    Compiling proc-macro2 v1.0.101
 1:58.58    Compiling serde_core v1.0.227
 1:58.85    Compiling serde v1.0.227
 2:00.55    Compiling libc v0.2.176
 2:00.56    Compiling cfg-if v1.0.0
 2:00.76    Compiling version_check v0.9.4
 2:00.86    Compiling bitflags v2.9.0
 2:02.55 /home/berke/workdir/www/zen-browser/work/mozglue/misc/Mutex_posix.cpp:97:1: warning: mutex 'platformData().ptMutex' is still held at the end of function [-Wthread-safety-analysis]
 2:02.55    97 | }
 2:02.55       | ^
 2:02.55 /home/berke/workdir/www/zen-browser/work/mozglue/misc/Mutex_posix.cpp:95:7: note: mutex acquired here
 2:02.55    95 |       pthread_mutex_lock(&platformData()->ptMutex),
 2:02.55       |       ^
 2:02.55 /home/berke/workdir/www/zen-browser/work/mozglue/misc/Mutex_posix.cpp:114:1: warning: mutex 'platformData().ptMutex' is not held on every path through here [-Wthread-safety-analysis]
 2:02.55   114 | }
 2:02.55       | ^
 2:02.56 /home/berke/workdir/www/zen-browser/work/mozglue/misc/Mutex_posix.cpp:102:16: note: mutex acquired here
 2:02.56   102 |   int result = pthread_mutex_trylock(&platformData()->ptMutex);
 2:02.56       |                ^
 2:02.56 /home/berke/workdir/www/zen-browser/work/mozglue/misc/Mutex_posix.cpp:120:7: warning: releasing mutex 'platformData().ptMutex' that was not held [-Wthread-safety-analysis]
 2:02.56   120 |       pthread_mutex_unlock(&platformData()->ptMutex),
 2:02.56       |       ^
 2:02.67 3 warnings generated.
 2:02.91    Compiling quote v1.0.40
 2:03.78 /home/berke/workdir/www/zen-browser/work/mozglue/misc/RWLock_posix.cpp:32:22: warning: mutex 'mRWLock' is not held on every path through here [-Wthread-safety-analysis]
 2:03.78    32 |   MOZ_RELEASE_ASSERT(rv == 0 || rv == EBUSY || rv == EDEADLK,
 2:03.78       |                      ^
 2:03.78 /home/berke/workdir/www/zen-browser/work/mozglue/misc/RWLock_posix.cpp:29:12: note: mutex acquired here
 2:03.78    29 |   int rv = pthread_rwlock_tryrdlock(&mRWLock);
 2:03.78       |            ^
 2:03.78 /home/berke/workdir/www/zen-browser/work/mozglue/misc/RWLock_posix.cpp:32:22: warning: mutex 'mRWLock' is not held on every path through here [-Wthread-safety-analysis]
 2:03.86    32 |   MOZ_RELEASE_ASSERT(rv == 0 || rv == EBUSY || rv == EDEADLK,
 2:03.86       |                      ^
 2:03.86 /home/berke/workdir/www/zen-browser/work/mozglue/misc/RWLock_posix.cpp:29:12: note: mutex acquired here
 2:03.86    29 |   int rv = pthread_rwlock_tryrdlock(&mRWLock);
 2:03.86       |            ^
 2:03.88 /home/berke/workdir/www/zen-browser/work/mozglue/misc/RWLock_posix.cpp:40:1: warning: mutex 'mRWLock' is still held at the end of function [-Wthread-safety-analysis]
 2:03.88    40 | }
 2:03.88       | ^
 2:03.88 /home/berke/workdir/www/zen-browser/work/mozglue/misc/RWLock_posix.cpp:38:22: note: mutex acquired here
 2:03.88    38 |   MOZ_RELEASE_ASSERT(pthread_rwlock_rdlock(&mRWLock) == 0,
 2:03.88       |                      ^
 2:03.88 /home/berke/workdir/www/zen-browser/work/mozglue/misc/RWLock_posix.cpp:43:22: warning: releasing mutex 'mRWLock' that was not held [-Wthread-safety-analysis]
 2:03.88    43 |   MOZ_RELEASE_ASSERT(pthread_rwlock_unlock(&mRWLock) == 0,
 2:03.88       |                      ^
 2:03.88 /home/berke/workdir/www/zen-browser/work/mozglue/misc/RWLock_posix.cpp:51:22: warning: mutex 'mRWLock' is not held on every path through here [-Wthread-safety-analysis]
 2:03.88    51 |   MOZ_RELEASE_ASSERT(rv == 0 || rv == EBUSY || rv == EDEADLK,
 2:03.88       |                      ^
 2:03.88 /home/berke/workdir/www/zen-browser/work/mozglue/misc/RWLock_posix.cpp:48:12: note: mutex acquired here
 2:03.88    48 |   int rv = pthread_rwlock_trywrlock(&mRWLock);
 2:03.89       |            ^
 2:03.89 /home/berke/workdir/www/zen-browser/work/mozglue/misc/RWLock_posix.cpp:51:22: warning: mutex 'mRWLock' is not held on every path through here [-Wthread-safety-analysis]
 2:03.89    51 |   MOZ_RELEASE_ASSERT(rv == 0 || rv == EBUSY || rv == EDEADLK,
 2:03.89       |                      ^
 2:03.89 /home/berke/workdir/www/zen-browser/work/mozglue/misc/RWLock_posix.cpp:48:12: note: mutex acquired here
 2:03.89    48 |   int rv = pthread_rwlock_trywrlock(&mRWLock);
 2:03.89       |            ^
 2:03.89 /home/berke/workdir/www/zen-browser/work/mozglue/misc/RWLock_posix.cpp:59:1: warning: mutex 'mRWLock' is still held at the end of function [-Wthread-safety-analysis]
 2:03.89    59 | }
 2:03.89       | ^
 2:03.89 /home/berke/workdir/www/zen-browser/work/mozglue/misc/RWLock_posix.cpp:57:22: note: mutex acquired here
 2:03.89    57 |   MOZ_RELEASE_ASSERT(pthread_rwlock_wrlock(&mRWLock) == 0,
 2:03.89       |                      ^
 2:03.90 /home/berke/workdir/www/zen-browser/work/mozglue/misc/RWLock_posix.cpp:62:22: warning: releasing mutex 'mRWLock' that was not held [-Wthread-safety-analysis]
 2:03.92    62 |   MOZ_RELEASE_ASSERT(pthread_rwlock_unlock(&mRWLock) == 0,
 2:03.92       |                      ^
 2:04.08 8 warnings generated.
 2:05.53    Compiling syn v2.0.106
 2:11.01    Compiling autocfg v1.1.0 (/home/berke/workdir/www/zen-browser/work/third_party/rust/autocfg)
 2:11.16    Compiling thiserror v2.0.12
 2:12.90    Compiling memchr v2.7.4
 2:12.92    Compiling shlex v1.3.0
 2:14.26    Compiling minimal-lexical v0.2.1
 2:14.52    Compiling log v0.4.26
 2:15.31    Compiling glob v0.3.1
 2:15.53    Compiling equivalent v1.0.1
 2:15.55    Compiling foldhash v0.2.0
 2:15.79    Compiling mozbuild v0.1.0 (/home/berke/workdir/www/zen-browser/work/build/rust/mozbuild)
 2:16.36    Compiling stable_deref_trait v1.2.0
 2:16.51    Compiling rustc-hash v2.1.1
 2:16.64    Compiling itoa v1.0.15
 2:17.07    Compiling siphasher v0.3.10
 2:17.13    Compiling once_cell v1.21.3
 2:17.45    Compiling nom v7.1.3
 2:17.72    Compiling semver v1.0.16
 2:17.99    Compiling getrandom v0.3.3
 2:18.05    Compiling anyhow v1.0.69
 2:18.22    Compiling either v1.8.1
 2:18.90    Compiling itertools v0.14.0
 2:19.14    Compiling rustix v0.38.39
 2:19.78    Compiling heck v0.5.0
 2:19.81    Compiling serde_json v1.0.140
 2:20.85    Compiling ryu v1.0.12
 2:21.25    Compiling libm v0.2.6
 2:21.50    Compiling any_all_workaround v0.1.0 (https://github.com/hsivonen/any_all_workaround?rev=7fb1b7034c9f172aade21ee1c8554e8d8a48af80#7fb1b703)
 2:21.91    Compiling jobserver v0.1.33
 2:22.37    Compiling hashbrown v0.16.0
 2:23.09    Compiling synstructure v0.13.1
 2:23.16    Compiling camino v1.1.2
 2:24.88    Compiling encoding_rs v0.8.35
 2:25.41    Compiling errno v0.3.8
 2:25.92    Compiling writeable v0.6.1
 2:26.20    Compiling indexmap v2.11.4
 2:26.67    Compiling cc v1.2.30
 2:26.79    Compiling fastrand v2.1.1
 2:26.90    Compiling litemap v0.8.0
 2:27.13    Compiling clang-sys v1.7.0
 2:27.53    Compiling num-traits v0.2.19
 2:27.74    Compiling aho-corasick v1.1.0
 2:28.08    Compiling regex-syntax v0.8.5
 2:28.42    Compiling fs-err v2.9.0
 2:29.15    Compiling libloading v0.8.6
 2:30.07    Compiling bindgen v0.72.0 (https://github.com/rust-lang/rust-bindgen?rev=9366e0af8da529c958b4cd4fcbe492d951c86f5c#9366e0af)
 2:30.33    Compiling tempfile v3.16.0
 2:31.16    Compiling cexpr v0.6.0
 2:31.58    Compiling lazy_static v1.4.0
 2:32.33    Compiling getrandom v0.2.999 (/home/berke/workdir/www/zen-browser/work/build/rust/getrandom)
 2:32.65    Compiling icu_properties_data v2.0.1
 2:33.04    Compiling static_assertions v1.1.0
 2:33.42    Compiling thin-vec v0.2.14 (/home/berke/workdir/www/zen-browser/work/third_party/rust/thin-vec)
 2:33.81    Compiling utf8_iter v1.0.4
 2:34.58    Compiling icu_normalizer_data v2.0.0
 2:34.89    Compiling typenum v1.16.0
 2:35.26    Compiling regex-automata v0.4.9
 2:35.55    Compiling scopeguard v1.1.0
 2:35.82    Compiling winnow v0.7.9
 2:40.62    Compiling plain v0.2.3
 2:42.00    Compiling smawk v0.3.2
 2:42.44    Compiling percent-encoding v2.3.2
 2:43.05    Compiling textwrap v0.16.1
 2:44.76    Compiling regex v1.11.1
 2:44.85    Compiling weedle2 v5.0.0
 2:49.22    Compiling form_urlencoded v1.2.2
 2:49.87    Compiling generic-array v0.14.6
 2:50.04    Compiling bytes v1.4.0
 2:51.08    Compiling fnv v1.0.7
 2:51.42    Compiling ident_case v1.0.1
 2:51.99    Compiling strsim v0.11.1
 2:53.63    Compiling uniffi_core v0.29.3
 2:55.94    Compiling darling_core v0.20.10
 2:56.83    Compiling crossbeam-utils v0.8.21
 2:56.88    Compiling cstr v0.2.11
 2:57.11    Compiling termcolor v1.4.1
 2:57.68    Compiling lock_api v0.4.9
 2:58.27    Compiling env_logger v0.10.0
 2:58.39    Compiling pin-project-lite v0.2.14
 2:58.48    Compiling parking_lot_core v0.9.10
 2:58.65    Compiling threadbound v0.1.5
 2:59.55    Compiling vcpkg v0.2.999 (/home/berke/workdir/www/zen-browser/work/build/rust/vcpkg)
 2:59.83    Compiling pkg-config v0.3.26
 2:59.94    Compiling base64 v0.22.1
 3:00.40    Compiling byteorder v1.5.0
 3:01.37    Compiling rand_core v0.6.4
 3:01.37    Compiling cfg_aliases v0.2.1
 3:01.71    Compiling tracing-core v0.1.33
 3:02.10    Compiling sharded-slab v0.1.7
 3:02.52    Compiling thread_local v1.1.8
 3:04.05    Compiling async-trait v0.1.68
 3:04.56    Compiling block-buffer v0.10.3
 3:04.92    Compiling crypto-common v0.1.6
 3:05.22    Compiling digest v0.10.7
 3:05.58    Compiling ppv-lite86 v0.2.17
 3:05.99    Compiling tracing-subscriber v0.3.20
 3:06.57    Compiling bindgen v0.69.999 (/home/berke/workdir/www/zen-browser/work/build/rust/bindgen)
 3:06.89    Compiling libsqlite3-sys v0.35.0
 3:07.11    Compiling rand_chacha v0.3.1
 3:08.88    Compiling rand v0.8.5
 3:09.24    Compiling fallible-iterator v0.3.0
 3:10.61    Compiling fallible-streaming-iterator v0.1.9
 3:11.05    Compiling ordered-float v3.4.0
 3:11.33    Compiling iana-time-zone v0.1.64
 3:11.65    Compiling cpufeatures v0.2.8
 3:11.66    Compiling base64 v0.21.999 (/home/berke/workdir/www/zen-browser/work/build/rust/base64)
 3:11.81    Compiling memoffset v0.9.0
 3:11.88    Compiling sha2 v0.10.8
 3:11.90    Compiling arrayref v0.3.6
 3:12.30    Compiling itertools v0.10.999 (/home/berke/workdir/www/zen-browser/work/build/rust/itertools)
 3:12.63    Compiling phf_shared v0.11.2
 3:13.69    Compiling adler v1.0.2
 3:14.34    Compiling id-arena v2.2.1
 3:14.45    Compiling miniz_oxide v0.7.1
 3:14.82    Compiling crossbeam-epoch v0.9.14
 3:15.00    Compiling crc32fast v1.4.2
 3:15.69    Compiling memoffset v0.8.999 (/home/berke/workdir/www/zen-browser/work/build/rust/memoffset)
 3:15.89    Compiling crossbeam-channel v0.5.15
 3:16.22    Compiling phf_generator v0.11.2
 3:16.61    Compiling flate2 v1.0.30
 3:16.75    Compiling whatsys v0.3.1
 3:16.99    Compiling zeitstempel v0.1.2
 3:17.05    Compiling slab v0.4.8
 3:17.44    Compiling num_cpus v1.16.0
 3:17.55    Compiling rayon-core v1.12.1
 3:18.01    Compiling ffi-support v0.4.4
 3:18.11    Compiling futures-core v0.3.31
 3:18.89    Compiling futures-sink v0.3.31
 3:18.93    Compiling pollster v0.3.0
 3:19.40    Compiling nss_build_common v0.1.0 (https://github.com/mozilla/application-services?rev=cd04a4d1a74294ab08434d7a5a8152d25d25e53c#cd04a4d1)
 3:19.54    Compiling futures-channel v0.3.31
 3:19.78    Compiling crossbeam-deque v0.8.2
 3:20.20    Compiling pin-utils v0.1.0
 3:20.45    Compiling nss_sys v0.1.0 (https://github.com/mozilla/application-services?rev=cd04a4d1a74294ab08434d7a5a8152d25d25e53c#cd04a4d1)
 3:20.53    Compiling futures-task v0.3.31
 3:20.55    Compiling futures-io v0.3.31
 3:20.90    Compiling icu_locale_data v2.0.0
 3:21.03    Compiling rustversion v1.0.19
 3:21.52    Compiling unicase v2.6.0
 3:22.02    Compiling type-map v0.5.1
 3:23.14    Compiling hawk v5.0.1
 3:23.28    Compiling khronos_api v3.1.0
 3:24.02    Compiling async-task v4.3.0
 3:24.51    Compiling rayon v1.10.0
 3:24.52    Compiling dtoa v0.4.8
 3:24.95    Compiling smallbitvec v2.5.1
 3:25.34    Compiling dtoa-short v0.3.3
 3:25.54    Compiling phf_codegen v0.11.2
 3:25.73    Compiling rustc-hash v1.999.999 (/home/berke/workdir/www/zen-browser/work/build/rust/rustc-hash)
 3:25.99    Compiling core_maths v0.1.0
 3:26.08    Compiling neqo-common v0.16.1 (https://github.com/mozilla/neqo?tag=v0.16.1#b3d8f0d2)
 3:26.75    Compiling self_cell v1.2.0
 3:27.05    Compiling selectors v0.26.0 (/home/berke/workdir/www/zen-browser/work/servo/components/selectors)
 3:27.25    Compiling lalrpop-util v0.19.12
 3:27.97    Compiling servo_arc v0.4.0 (/home/berke/workdir/www/zen-browser/work/servo/components/servo_arc)
 3:28.54    Compiling xml-rs v0.8.4
 3:29.02    Compiling jexl-parser v0.4.0
 3:30.50    Compiling naga v27.0.0 (https://github.com/gfx-rs/wgpu?rev=6beea7c20df563883848933f70cdd0ea99fc7144#6beea7c2)
 3:30.57    Compiling glslopt v0.1.11
 3:30.91    Compiling glsl v6.0.2
 3:31.63    Compiling paste v1.0.11
 3:32.66    Compiling gl_generator v0.14.0
 3:32.94    Compiling unicode-width v0.2.0
 3:33.12    Compiling icu_calendar_data v2.0.0
 3:33.98    Compiling bit-vec v0.8.0
 3:34.28    Compiling precomputed-hash v0.1.1
 3:34.53    Compiling new_debug_unreachable v1.0.4
 3:34.83    Compiling ref-cast v1.0.24
 3:34.98    Compiling ash v0.38.0+1.3.281
 3:35.66    Compiling bit-set v0.8.0
 3:36.12    Compiling codespan-reporting v0.12.0
 3:39.15    Compiling fluent-pseudo v0.3.3
 3:39.91    Compiling glsl-to-cxx v0.1.0 (/home/berke/workdir/www/zen-browser/work/gfx/wr/glsl-to-cxx)
 3:40.90    Compiling wgpu-hal v27.0.0 (https://github.com/gfx-rs/wgpu?rev=6beea7c20df563883848933f70cdd0ea99fc7144#6beea7c2)
 3:41.91    Compiling icu_segmenter_data v2.0.0 (/home/berke/workdir/www/zen-browser/work/intl/icu_segmenter_data)
 3:42.04    Compiling base16 v0.2.1
 3:42.06    Compiling gleam v0.15.1
 3:42.43    Compiling void v1.0.2
 3:42.57    Compiling hexf-parse v0.2.1
 3:42.73    Compiling same-file v1.0.6
 3:43.05    Compiling neqo-transport v0.16.1 (https://github.com/mozilla/neqo?tag=v0.16.1#b3d8f0d2)
 3:43.29    Compiling walkdir v2.3.2
 3:44.72    Compiling build-parallel v0.1.2
 3:47.03    Compiling md-5 v0.10.5
 3:47.30    Compiling quinn-udp v0.5.13
 3:47.58    Compiling socket2 v0.5.7
 3:49.76    Compiling strck v1.0.0
 3:50.21    Compiling num-conv v0.1.0
 3:50.73    Compiling atomic_refcell v0.1.9
 3:50.80    Compiling powerfmt v0.2.0
 3:51.14    Compiling raw-window-handle v0.6.2
 3:51.76    Compiling chunky-vec v0.1.0
 3:51.76    Compiling tinyvec_macros v0.1.1
 3:52.00    Compiling smallvec v1.15.1
 3:52.47    Compiling pin-cell v0.2.0
 3:52.75    Compiling time-core v0.1.4
 3:52.92    Compiling profiling v1.0.7
 3:53.22    Compiling time-macros v0.2.22
 4:00.23    Compiling tinyvec v1.9.0
 4:00.79    Compiling rmp v0.8.14
 4:03.20    Compiling mime_guess v2.0.4 (/home/berke/workdir/www/zen-browser/work/third_party/rust/mime_guess)
 4:03.45    Compiling neqo-udp v0.16.1 (https://github.com/mozilla/neqo?tag=v0.16.1#b3d8f0d2)
 4:04.16    Compiling wgpu-core v27.0.0 (https://github.com/gfx-rs/wgpu?rev=6beea7c20df563883848933f70cdd0ea99fc7144#6beea7c2)
 4:04.31 warning: unexpected `cfg` condition value: `phf`
 4:04.31  --> third_party/rust/mime_guess/build.rs:1:7
 4:04.31   |
 4:04.31 1 | #[cfg(feature = "phf")]
 4:04.31   |       ^^^^^^^^^^^^^^^
 4:04.31   |
 4:04.31   = note: expected values for `feature` are: `default` and `rev-mappings`
 4:04.31   = help: consider adding `phf` as a feature in `Cargo.toml`
 4:04.31   = note: see <https://doc.rust-lang.org/nightly/rustc/check-cfg/cargo-specifics.html> for more information about checking conditional configuration
 4:04.31   = note: `#[warn(unexpected_cfgs)]` on by default
 4:04.31 warning: unexpected `cfg` condition value: `phf`
 4:04.31   --> third_party/rust/mime_guess/build.rs:20:7
 4:04.31    |
 4:04.31 20 | #[cfg(feature = "phf")]
 4:04.31    |       ^^^^^^^^^^^^^^^
 4:04.31    |
 4:04.31    = note: expected values for `feature` are: `default` and `rev-mappings`
 4:04.31    = help: consider adding `phf` as a feature in `Cargo.toml`
 4:04.31    = note: see <https://doc.rust-lang.org/nightly/rustc/check-cfg/cargo-specifics.html> for more information about checking conditional configuration
 4:04.31 warning: unexpected `cfg` condition value: `phf`
 4:04.31   --> third_party/rust/mime_guess/build.rs:36:7
 4:04.31    |
 4:04.31 36 | #[cfg(feature = "phf")]
 4:04.31    |       ^^^^^^^^^^^^^^^
 4:04.31    |
 4:04.31    = note: expected values for `feature` are: `default` and `rev-mappings`
 4:04.31    = help: consider adding `phf` as a feature in `Cargo.toml`
 4:04.31    = note: see <https://doc.rust-lang.org/nightly/rustc/check-cfg/cargo-specifics.html> for more information about checking conditional configuration
 4:04.31 warning: unexpected `cfg` condition value: `phf`
 4:04.31   --> third_party/rust/mime_guess/build.rs:73:11
 4:04.31    |
 4:04.31 73 | #[cfg(all(feature = "phf", feature = "rev-mappings"))]
 4:04.31    |           ^^^^^^^^^^^^^^^
 4:04.31    |
 4:04.31    = note: expected values for `feature` are: `default` and `rev-mappings`
 4:04.31    = help: consider adding `phf` as a feature in `Cargo.toml`
 4:04.31    = note: see <https://doc.rust-lang.org/nightly/rustc/check-cfg/cargo-specifics.html> for more information about checking conditional configuration
 4:04.31 warning: unexpected `cfg` condition value: `phf`
 4:04.31    --> third_party/rust/mime_guess/build.rs:118:15
 4:04.31     |
 4:04.31 118 | #[cfg(all(not(feature = "phf"), feature = "rev-mappings"))]
 4:04.32     |               ^^^^^^^^^^^^^^^
 4:04.32     |
 4:04.32     = note: expected values for `feature` are: `default` and `rev-mappings`
 4:04.32     = help: consider adding `phf` as a feature in `Cargo.toml`
 4:04.32     = note: see <https://doc.rust-lang.org/nightly/rustc/check-cfg/cargo-specifics.html> for more information about checking conditional configuration
 4:04.32 warning: unexpected `cfg` condition value: `phf`
 4:04.32   --> third_party/rust/mime_guess/build.rs:28:11
 4:04.32    |
 4:04.32 28 |     #[cfg(feature = "phf")]
 4:04.32    |           ^^^^^^^^^^^^^^^
 4:04.32    |
 4:04.32    = note: expected values for `feature` are: `default` and `rev-mappings`
 4:04.32    = help: consider adding `phf` as a feature in `Cargo.toml`
 4:04.32    = note: see <https://doc.rust-lang.org/nightly/rustc/check-cfg/cargo-specifics.html> for more information about checking conditional configuration
 4:05.23    Compiling num-integer v0.1.46
 4:06.82    Compiling debug_tree v0.4.0
 4:08.47    Compiling freetype v0.7.0
 4:08.76    Compiling authenticator v0.4.1
 4:08.89 warning: `mime_guess` (build script) generated 6 warnings
 4:08.89    Compiling encoding_c v0.9.8
 4:09.54    Compiling litrs v0.4.1
 4:09.65    Compiling keccak v0.1.4
 4:09.99    Compiling svg_fmt v0.4.1
 4:10.72    Compiling tracy-rs v0.1.2
 4:10.92    Compiling replace_with v0.1.8
 4:11.13    Compiling cose v0.1.4 (https://github.com/franziskuskiefer/cose-rust?rev=43c22248d136c8b38fe42ea709d08da6355cf04b#43c22248)
 4:11.30    Compiling encoding_c_mem v0.2.6
 4:11.84    Compiling sha3 v0.10.8
 4:12.06    Compiling unicode-normalization v0.1.24
 4:13.28    Compiling devd-rs v0.3.6
 4:13.39    Compiling rand_distr v0.4.3
 4:13.52    Compiling object v0.36.4
 4:14.73    Compiling memmap2 v0.9.3
 4:14.94    Compiling dirs-sys v0.3.7
 4:15.42    Compiling qcms v0.3.0 (/home/berke/workdir/www/zen-browser/work/gfx/qcms)
 4:15.56    Compiling bitreader v0.3.6
 4:15.76    Compiling mime v0.3.16
 4:16.09    Compiling matches v0.1.10
 4:16.26    Compiling diplomat-runtime v0.11.0
 4:16.40    Compiling subtle v2.5.0
 4:16.56    Compiling topological-sort v0.1.0
 4:16.78    Compiling moz_cbor v0.1.2
 4:16.83    Compiling document-features v0.2.11
 4:16.90    Compiling runloop v0.1.0
 4:17.02    Compiling quick-error v1.2.3
 4:17.04    Compiling murmurhash3 v0.0.5
 4:17.31    Compiling dns-parser v0.8.0
 4:17.45    Compiling rust_cascade v1.5.0
 4:17.46 warning: unexpected `cfg` condition value: `phf`
 4:17.50   --> third_party/rust/mime_guess/src/lib.rs:32:7
 4:17.50    |
 4:17.50 32 | #[cfg(feature = "phf")]
 4:17.50    |       ^^^^^^^^^^^^^^^
 4:17.50    |
 4:17.50    = note: expected values for `feature` are: `default` and `rev-mappings`
 4:17.50    = help: consider adding `phf` as a feature in `Cargo.toml`
 4:17.50    = note: see <https://doc.rust-lang.org/nightly/rustc/check-cfg/cargo-specifics.html> for more information about checking conditional configuration
 4:17.50    = note: `#[warn(unexpected_cfgs)]` on by default
 4:17.50 warning: unexpected `cfg` condition value: `phf`
 4:17.50   --> third_party/rust/mime_guess/src/lib.rs:36:11
 4:17.50    |
 4:17.50 36 | #[cfg(not(feature = "phf"))]
 4:17.50    |           ^^^^^^^^^^^^^^^
 4:17.50    |
 4:17.50    = note: expected values for `feature` are: `default` and `rev-mappings`
 4:17.50    = help: consider adding `phf` as a feature in `Cargo.toml`
 4:17.50    = note: see <https://doc.rust-lang.org/nightly/rustc/check-cfg/cargo-specifics.html> for more information about checking conditional configuration
 4:18.01    Compiling dirs v4.0.0
 4:18.41    Compiling dogear v0.5.0
 4:18.74    Compiling uritemplate-next v0.2.0
 4:18.86    Compiling sha1 v0.10.5
 4:19.06 warning: `mime_guess` (lib) generated 2 warnings
 4:19.06    Compiling arraystring v0.3.0
 4:19.19    Compiling xmldecl v0.2.0
 4:19.55    Compiling chardetng v0.1.17 (https://github.com/hsivonen/chardetng?rev=a07d20273ce36146adaf76bd667dd57bd7b3508b#a07d2027)
 4:19.63    Compiling data-encoding v2.3.3
 4:19.84    Compiling serde_derive v1.0.227
 4:20.80    Compiling thiserror-impl v2.0.12
 4:21.00    Compiling zerofrom-derive v0.1.3
 4:22.34    Compiling yoke-derive v0.8.0
 4:22.36    Compiling displaydoc v0.2.4
 4:24.21    Compiling zerovec-derive v0.11.1
 4:29.25    Compiling uniffi_internal_macros v0.29.3
 4:30.56    Compiling scroll_derive v0.12.0
 4:35.65    Compiling darling_macro v0.20.10
 4:38.89    Compiling scroll v0.12.0
 4:40.16    Compiling goblin v0.9.2
 4:40.18    Compiling darling v0.20.10
 4:40.48    Compiling xpcom_macros v0.1.0 (/home/berke/workdir/www/zen-browser/work/xpcom/rust/xpcom/xpcom_macros)
 4:45.10    Compiling tracing-attributes v0.1.28
 4:49.89    Compiling uniffi_pipeline v0.29.3
 4:55.96    Compiling uniffi_meta v0.29.3
 4:56.04    Compiling goblin v0.8.999 (/home/berke/workdir/www/zen-browser/work/build/rust/goblin)
 4:56.50    Compiling thiserror v1.999.999 (/home/berke/workdir/www/zen-browser/work/build/rust/thiserror)
 4:56.75    Compiling error-support-macros v0.1.0 (https://github.com/mozilla/application-services?rev=cd04a4d1a74294ab08434d7a5a8152d25d25e53c#cd04a4d1)
 4:58.31    Compiling malloc_size_of_derive v0.1.3 (/home/berke/workdir/www/zen-browser/work/xpcom/rust/malloc_size_of_derive)
 5:02.72    Compiling uniffi_udl v0.29.3
 5:05.57    Compiling profiler-macros v0.1.0 (/home/berke/workdir/www/zen-browser/work/tools/profiler/rust-api/macros)
 5:06.39    Compiling zerofrom v0.1.4
 5:06.92    Compiling yoke v0.8.0
 5:07.27    Compiling gecko-profiler v0.1.0 (/home/berke/workdir/www/zen-browser/work/tools/profiler/rust-api)
 5:07.87    Compiling zerovec v0.11.4
 5:11.80    Compiling zerotrie v0.2.2
 5:12.49    Compiling tinystr v0.8.1
 5:12.69    Compiling potential_utf v0.1.2
 5:13.28    Compiling icu_locale_core v2.0.0
 5:13.36    Compiling icu_collections v2.0.0
 5:15.46    Compiling unic-langid-impl v0.9.6
 5:20.11    Compiling icu_provider v2.0.0
 5:21.36    Compiling prost-derive v0.12.1
 5:22.07    Compiling allocator-api2 v0.2.21 (https://github.com/glandium/allocator-api2?rev=ad5f3d56a5a4519eff52af4ff85293431466ef5c#ad5f3d56)
 5:22.74    Compiling nsstring v0.1.0 (/home/berke/workdir/www/zen-browser/work/xpcom/rust/nsstring)
 5:22.92    Compiling toml v0.5.11
 5:25.29    Compiling unicode-bidi v0.3.15 (https://github.com/servo/unicode-bidi?rev=ca612daf1c08c53abe07327cb3e6ef6e0a760f0c#ca612daf)
 5:25.80    Compiling icu_normalizer v2.0.0
 5:27.31    Compiling icu_properties v2.0.1
 5:27.82    Compiling basic-toml v0.1.2
 5:27.92    Compiling askama_parser v0.13.0
 5:32.13    Compiling nserror v0.1.0 (/home/berke/workdir/www/zen-browser/work/xpcom/rust/nserror)
 5:32.67    Compiling idna_adapter v1.2.1
 5:33.01    Compiling idna v1.1.0
 5:34.87    Compiling cargo-platform v0.1.2
 5:36.77    Compiling url v2.5.7
 5:37.81    Compiling cargo_metadata v0.19.2
 5:38.00    Compiling xpcom v0.1.0 (/home/berke/workdir/www/zen-browser/work/xpcom/rust/xpcom)
 5:38.81    Compiling euclid v0.22.10
 5:39.72    Compiling parking_lot v0.12.3
 5:40.28    Compiling bincode v1.3.3
 5:41.23    Compiling app_units v0.7.8
 5:41.60    Compiling hex v0.4.3
 5:42.05    Compiling hashlink v0.10.0 (https://github.com/erichdongubler-contrib/hashlink?rev=76dc47a12af5829c1e8bf4834e38b410dec2aeff#76dc47a1)
 5:42.83    Compiling tracing v0.1.41
 5:43.30    Compiling uuid v1.3.0
 5:43.39    Compiling rusqlite v0.37.0
 5:43.63    Compiling chrono v0.4.41
 5:44.12    Compiling uniffi_macros v0.29.3
 5:44.85    Compiling wr_malloc_size_of v0.2.2 (/home/berke/workdir/www/zen-browser/work/gfx/wr/wr_malloc_size_of)
 5:45.35    Compiling serde_bytes v0.11.9
 5:46.03    Compiling rkv v0.20.0
 5:46.95 warning: hiding a lifetime that's elided elsewhere is confusing
 5:46.96   --> tools/profiler/rust-api/src/label.rs:29:16
 5:46.96    |
 5:46.96 29 |         label: &mut std::mem::MaybeUninit<mozilla::AutoProfilerLabel>,
 5:46.96    |                ^^^^^^^^^^^^^^^^^^^^^^^^^^^^^^^^^^^^^^^^^^^^^^^^^^^^^^ the lifetime is elided here
 5:46.96 30 |         category_pair: ProfilingCategoryPair,
 5:46.96 31 |     ) -> AutoProfilerLabel {
 5:46.96    |          ^^^^^^^^^^^^^^^^^ the same lifetime is hidden here
 5:46.96    |
 5:46.96    = help: the same lifetime is referred to in inconsistent ways, making the signature confusing
 5:46.96    = note: `#[warn(mismatched_lifetime_syntaxes)]` on by default
 5:46.96 help: use `'_` for type paths
 5:46.96    |
 5:46.96 31 |     ) -> AutoProfilerLabel<'_> {
 5:46.96    |                           ++++
 5:47.66 warning: `gecko-profiler` (lib) generated 1 warning (run `cargo fix --lib -p gecko-profiler` to apply 1 suggestion)
 5:47.66    Compiling unic-langid v0.9.6
 5:47.85    Compiling hashbrown v0.15.999 (/home/berke/workdir/www/zen-browser/work/build/rust/hashbrown)
 5:48.05    Compiling arrayvec v0.7.6
 5:48.06    Compiling pkcs11-bindings v0.1.7
 5:48.95    Compiling inherent v1.0.7
 5:49.94    Compiling futures-macro v0.3.31
 5:50.67    Compiling mls-rs-codec-derive v0.2.0 (https://github.com/beurdouche/mls-rs?rev=b747d7efb85a776b97ad8afa8d1b32893fa5efa3#b747d7ef)
 5:51.21    Compiling phf_macros v0.11.2
 5:52.04    Compiling zeroize_derive v1.4.2
 5:55.29    Compiling prost v0.12.1
 5:57.54    Compiling fluent-langneg v0.13.0
 5:58.08    Compiling static_prefs v0.1.0 (/home/berke/workdir/www/zen-browser/work/modules/libpref/init/static_prefs)
 5:58.31    Compiling half v2.5.0
 6:00.05    Compiling serde_with_macros v3.12.0
 6:00.10    Compiling derive_more-impl v2.0.1
 6:00.71    Compiling maybe-async v0.2.10
 6:01.26    Compiling mls-rs-codec v0.6.0 (https://github.com/beurdouche/mls-rs?rev=b747d7efb85a776b97ad8afa8d1b32893fa5efa3#b747d7ef)
 6:02.26    Compiling intl_pluralrules v7.0.2
 6:04.67    Compiling intl-memoizer v0.5.3
 6:05.16    Compiling icu_locale v2.0.0
 6:06.15    Compiling phf v0.11.2
 6:06.84    Compiling fluent-syntax v0.12.0
 6:08.34    Compiling enum-map-derive v0.17.0
 6:09.67    Compiling strum_macros v0.27.1
 6:11.46    Compiling zeroize v1.8.1
 6:12.32    Compiling cssparser-macros v0.6.1 (https://github.com/servo/rust-cssparser?rev=958a3f098acb92ddacdce18a7ef2c4a87ac3326f#958a3f09)
 6:13.00    Compiling futures-util v0.3.31
 6:17.24    Compiling enum-map v2.7.3
 6:17.75    Compiling fluent-bundle v0.16.0
 6:19.16    Compiling cssparser v0.34.1 (https://github.com/servo/rust-cssparser?rev=958a3f098acb92ddacdce18a7ef2c4a87ac3326f#958a3f09)
 6:20.37    Compiling moz_task v0.1.0 (/home/berke/workdir/www/zen-browser/work/xpcom/rust/moz_task)
 6:20.54    Compiling nss-gk-api v0.3.0 (https://github.com/beurdouche/nss-gk-api?rev=e48a946811ffd64abc78de3ee284957d8d1c0d63#e48a9468)
 6:22.12    Compiling webrender_build v0.0.2 (/home/berke/workdir/www/zen-browser/work/gfx/wr/webrender_build)
 6:23.15    Compiling to_shmem v0.1.0 (/home/berke/workdir/www/zen-browser/work/servo/components/to_shmem)
 6:23.99    Compiling neqo-crypto v0.16.1 (https://github.com/mozilla/neqo?tag=v0.16.1#b3d8f0d2)
 6:24.94    Compiling askama_derive v0.13.1
 6:25.14    Compiling futures-executor v0.3.28
 6:26.69    Compiling futures v0.3.28
 6:26.95    Compiling serde_path_to_error v0.1.11
 6:27.99    Compiling mls-rs-core v0.21.0 (https://github.com/beurdouche/mls-rs?rev=b747d7efb85a776b97ad8afa8d1b32893fa5efa3#b747d7ef)
 6:28.20    Compiling mtu v0.2.9 (https://github.com/mozilla/neqo?tag=v0.16.1#b3d8f0d2)
 6:28.67    Compiling to_shmem_derive v0.1.0 (/home/berke/workdir/www/zen-browser/work/servo/components/to_shmem_derive)
 6:29.14    Compiling serde_with v3.12.0
 6:31.55    Compiling bytemuck_derive v1.9.3
 6:32.12    Compiling qlog v0.15.2
 6:33.87    Compiling sync-guid v0.1.0 (https://github.com/mozilla/application-services?rev=cd04a4d1a74294ab08434d7a5a8152d25d25e53c#cd04a4d1)
 6:34.60    Compiling firefox-versioning v0.1.0 (https://github.com/mozilla/application-services?rev=cd04a4d1a74294ab08434d7a5a8152d25d25e53c#cd04a4d1)
 6:35.21    Compiling payload-support v0.1.0 (https://github.com/mozilla/application-services?rev=cd04a4d1a74294ab08434d7a5a8152d25d25e53c#cd04a4d1)
 6:35.70    Compiling jexl-eval v0.4.0
 6:36.94    Compiling gpu-descriptor-types v0.2.0
 6:37.58    Compiling spirv v0.3.0+sdk-1.3.268.0
 6:39.75    Compiling gpu-alloc-types v0.3.0
 6:40.75    Compiling enumset_derive v0.8.1
 6:44.32    Compiling ref-cast-impl v1.0.24
 6:44.73    Compiling peek-poke-derive v0.3.0 (/home/berke/workdir/www/zen-browser/work/gfx/wr/peek-poke/peek-poke-derive)
 6:47.30    Compiling derive_more v2.0.1
 6:51.37    Compiling gpu-alloc v0.6.0
 6:52.04    Compiling peek-poke v0.3.0 (/home/berke/workdir/www/zen-browser/work/gfx/wr/peek-poke)
 6:52.41    Compiling malloc_size_of v0.0.1 (/home/berke/workdir/www/zen-browser/work/servo/components/malloc_size_of)
 6:52.80    Compiling enumset v1.1.2
 6:52.88    Compiling gpu-descriptor v0.3.2
 6:53.07    Compiling mls-rs-crypto-traits v0.15.0 (https://github.com/beurdouche/mls-rs?rev=b747d7efb85a776b97ad8afa8d1b32893fa5efa3#b747d7ef)
 6:53.38    Compiling swgl v0.1.0 (/home/berke/workdir/www/zen-browser/work/gfx/wr/swgl)
 6:53.60    Compiling storage_variant v0.1.0 (/home/berke/workdir/www/zen-browser/work/storage/variant)
 6:54.18    Compiling fluent v0.17.0
 6:54.38    Compiling icu_segmenter v2.0.0
 6:54.49    Compiling rusqlite v0.31.999 (/home/berke/workdir/www/zen-browser/work/build/rust/rusqlite)
 6:54.57    Compiling ohttp v0.6.1 (https://github.com/martinthomson/ohttp.git?rev=bf6a983845cc0b540effb3a615e92d914dfcfd0b#bf6a9838)
 6:54.72    Compiling rustc_version v0.4.0
 6:54.80    Compiling ron v0.11.0
 6:57.71    Compiling ixdtf v0.5.0
 6:59.09    Compiling calendrical_calculations v0.2.0
 6:59.28    Compiling mozglue-static v0.1.0 (/home/berke/workdir/www/zen-browser/work/mozglue/static/rust)
 7:00.48    Compiling mls-rs-provider-sqlite v0.15.0 (https://github.com/beurdouche/mls-rs?rev=b747d7efb85a776b97ad8afa8d1b32893fa5efa3#b747d7ef)
 7:00.90    Compiling mls-rs-crypto-hpke v0.14.0 (https://github.com/beurdouche/mls-rs?rev=b747d7efb85a776b97ad8afa8d1b32893fa5efa3#b747d7ef)
 7:01.38    Compiling icu_calendar v2.0.2
 7:02.09    Compiling webrender_api v0.62.0 (/home/berke/workdir/www/zen-browser/work/gfx/wr/webrender_api)
 7:02.25    Compiling sfv v0.14.0
 7:02.49    Compiling strum v0.27.1
 7:02.68    Compiling bytemuck v1.22.0
 7:04.01    Compiling wgpu-types v27.0.0 (https://github.com/gfx-rs/wgpu?rev=6beea7c20df563883848933f70cdd0ea99fc7144#6beea7c2)
 7:07.79    Compiling mls-rs-identity-x509 v0.15.0 (https://github.com/beurdouche/mls-rs?rev=b747d7efb85a776b97ad8afa8d1b32893fa5efa3#b747d7ef)
 7:08.43    Compiling fluent-fallback v0.7.2
 7:09.77    Compiling half v1.999.999 (/home/berke/workdir/www/zen-browser/work/build/rust/half)
 7:10.04    Compiling hashbrown v0.14.999 (/home/berke/workdir/www/zen-browser/work/build/rust/hashbrown-0.14)
 7:10.18    Compiling style v0.0.1 (/home/berke/workdir/www/zen-browser/work/servo/components/style)
 7:10.35    Compiling diplomat_core v0.11.0
 7:10.80    Compiling uniffi v0.29.3
 7:11.02    Compiling tracing-support v0.1.0 (https://github.com/mozilla/application-services?rev=cd04a4d1a74294ab08434d7a5a8152d25d25e53c#cd04a4d1)
 7:13.03    Compiling error-support v0.1.0 (https://github.com/mozilla/application-services?rev=cd04a4d1a74294ab08434d7a5a8152d25d25e53c#cd04a4d1)
 7:14.13    Compiling viaduct v0.1.0 (https://github.com/mozilla/application-services?rev=cd04a4d1a74294ab08434d7a5a8152d25d25e53c#cd04a4d1)
 7:17.63    Compiling nss v0.1.0 (https://github.com/mozilla/application-services?rev=cd04a4d1a74294ab08434d7a5a8152d25d25e53c#cd04a4d1)
 7:19.62    Compiling rc_crypto v0.1.0 (https://github.com/mozilla/application-services?rev=cd04a4d1a74294ab08434d7a5a8152d25d25e53c#cd04a4d1)
 7:21.91    Compiling deranged v0.4.0
 7:22.44    Compiling jwcrypto v0.1.0 (https://github.com/mozilla/application-services?rev=cd04a4d1a74294ab08434d7a5a8152d25d25e53c#cd04a4d1)
 7:24.87    Compiling askama v0.13.1
 7:25.07    Compiling time v0.3.41
 7:25.23    Compiling neqo-qpack v0.16.1 (https://github.com/mozilla/neqo?tag=v0.16.1#b3d8f0d2)
 7:26.37    Compiling fallible_collections v0.5.1
 7:26.85    Compiling uniffi_bindgen v0.29.3
 7:27.92    Compiling serde_cbor v0.11.2
 7:28.22    Compiling l10nregistry v0.3.0 (/home/berke/workdir/www/zen-browser/work/intl/l10n/rust/l10nregistry-rs)
 7:29.03    Compiling webrender v0.62.0 (/home/berke/workdir/www/zen-browser/work/gfx/wr/webrender)
 7:29.25    Compiling mls-rs v0.45.0 (https://github.com/beurdouche/mls-rs?rev=b747d7efb85a776b97ad8afa8d1b32893fa5efa3#b747d7ef)
 7:29.92 warning: hiding a lifetime that's elided elsewhere is confusing
 7:29.92    --> intl/l10n/rust/l10nregistry-rs/src/registry/mod.rs:216:35
 7:29.92     |
 7:29.92 216 |     pub fn try_borrow_metasources(&self) -> Result<Ref<MetaSources>, L10nRegistrySetupError> {
 7:29.92     |                                   ^^^^^            ^^^^^^^^^^^^^^^^ the same lifetime is hidden here
 7:29.92     |                                   |
 7:29.92     |                                   the lifetime is elided here
 7:29.92     |
 7:29.92     = help: the same lifetime is referred to in inconsistent ways, making the signature confusing
 7:29.92     = note: `#[warn(mismatched_lifetime_syntaxes)]` on by default
 7:29.92 help: use `'_` for type paths
 7:29.92     |
 7:29.92 216 |     pub fn try_borrow_metasources(&self) -> Result<Ref<'_, MetaSources>, L10nRegistrySetupError> {
 7:29.92     |                                                        +++
 7:29.92 warning: hiding a lifetime that's elided elsewhere is confusing
 7:29.92    --> intl/l10n/rust/l10nregistry-rs/src/registry/mod.rs:224:9
 7:29.92     |
 7:29.92 224 |         &self,
 7:29.92     |         ^^^^^ the lifetime is elided here
 7:29.92 225 |     ) -> Result<RefMut<MetaSources>, L10nRegistrySetupError> {
 7:29.92     |                 ^^^^^^^^^^^^^^^^^^^ the same lifetime is hidden here
 7:29.92     |
 7:29.92     = help: the same lifetime is referred to in inconsistent ways, making the signature confusing
 7:29.92 help: use `'_` for type paths
 7:29.92     |
 7:29.92 225 |     ) -> Result<RefMut<'_, MetaSources>, L10nRegistrySetupError> {
 7:29.92     |                        +++
 7:30.39    Compiling icu_time v2.0.0
 7:30.90 warning: `l10nregistry` (lib) generated 2 warnings (run `cargo fix --lib -p l10nregistry` to apply 2 suggestions)
 7:30.90    Compiling mls-rs-crypto-nss v0.1.0 (https://github.com/beurdouche/mls-rs?rev=b747d7efb85a776b97ad8afa8d1b32893fa5efa3#b747d7ef)
 7:32.69    Compiling fluent-ffi v0.1.0 (/home/berke/workdir/www/zen-browser/work/intl/l10n/rust/fluent-ffi)
 7:33.54 warning: hiding a lifetime that's elided elsewhere is confusing
 7:33.54   --> intl/l10n/rust/fluent-ffi/src/bundle.rs:35:26
 7:33.54    |
 7:33.55 35 | fn transform_accented(s: &str) -> Cow<str> {
 7:33.55    |                          ^^^^     ^^^^^^^^ the same lifetime is hidden here
 7:33.55    |                          |
 7:33.55    |                          the lifetime is elided here
 7:33.55    |
 7:33.55    = help: the same lifetime is referred to in inconsistent ways, making the signature confusing
 7:33.55    = note: `#[warn(mismatched_lifetime_syntaxes)]` on by default
 7:33.55 help: use `'_` for type paths
 7:33.55    |
 7:33.55 35 | fn transform_accented(s: &str) -> Cow<'_, str> {
 7:33.55    |                                       +++
 7:33.55 warning: hiding a lifetime that's elided elsewhere is confusing
 7:33.55   --> intl/l10n/rust/fluent-ffi/src/bundle.rs:39:22
 7:33.55    |
 7:33.55 39 | fn transform_bidi(s: &str) -> Cow<str> {
 7:33.55    |                      ^^^^     ^^^^^^^^ the same lifetime is hidden here
 7:33.55    |                      |
 7:33.55    |                      the lifetime is elided here
 7:33.55    |
 7:33.55    = help: the same lifetime is referred to in inconsistent ways, making the signature confusing
 7:33.55 help: use `'_` for type paths
 7:33.55    |
 7:33.55 39 | fn transform_bidi(s: &str) -> Cow<'_, str> {
 7:33.55    |                                   +++
 7:35.37 warning: `fluent-ffi` (lib) generated 2 warnings (run `cargo fix --lib -p fluent-ffi` to apply 2 suggestions)
 7:35.37    Compiling wgpu-core-deps-windows-linux-android v27.0.0 (https://github.com/gfx-rs/wgpu?rev=6beea7c20df563883848933f70cdd0ea99fc7144#6beea7c2)
 7:35.55    Compiling dom v0.1.0 (/home/berke/workdir/www/zen-browser/work/dom/base/rust)
 7:35.68 warning: mozglue-static@0.1.0: Inherited flag "-fembed-bitcode=all" is not supported by the currently used CC
 7:35.68    Compiling style_traits v0.0.1 (/home/berke/workdir/www/zen-browser/work/servo/components/style_traits)
 7:36.58    Compiling icu_provider_adapters v2.0.0
 7:37.28    Compiling uluru v3.0.0
 7:37.73    Compiling types v0.1.0 (https://github.com/mozilla/application-services?rev=cd04a4d1a74294ab08434d7a5a8152d25d25e53c#cd04a4d1)
 7:38.02    Compiling hashbrown v0.13.999 (/home/berke/workdir/www/zen-browser/work/build/rust/hashbrown-0.13)
 7:38.17    Compiling plane-split v0.18.0
 7:38.26    Compiling etagere v0.2.13
 7:38.82    Compiling bitflags v1.999.999 (/home/berke/workdir/www/zen-browser/work/build/rust/bitflags)
 7:39.04    Compiling clubcard v0.3.2
 7:39.35    Compiling rmp-serde v1.3.0
 7:39.37    Compiling trust-anchors v0.1.0 (/home/berke/workdir/www/zen-browser/work/security/manager/ssl/trust_anchors)
 7:39.84    Compiling bhttp v0.6.1 (https://github.com/martinthomson/ohttp.git?rev=bf6a983845cc0b540effb3a615e92d914dfcfd0b#bf6a9838)
 7:40.05    Compiling style_derive v0.0.1 (/home/berke/workdir/www/zen-browser/work/servo/components/style_derive)
 7:40.25    Compiling extend v1.2.0
 7:40.69    Compiling num-derive v0.4.2
 7:41.15    Compiling clubcard-crlite v0.3.0
 7:42.59    Compiling diplomat v0.11.0
 7:42.80 warning: hiding a lifetime that's elided elsewhere is confusing
 7:42.80    --> security/manager/ssl/trust_anchors/build.rs:109:13
 7:42.80     |
 7:42.80 109 | fn class(i: &str) -> IResult<&str, Ck> {
 7:42.80     |             ^^^^             ^^^^  ^^ the same lifetime is hidden here
 7:42.80     |             |                |
 7:42.80     |             |                the same lifetime is elided here
 7:42.80     |             the lifetime is elided here
 7:42.80     |
 7:42.80     = help: the same lifetime is referred to in inconsistent ways, making the signature confusing
 7:42.80     = note: `#[warn(mismatched_lifetime_syntaxes)]` on by default
 7:42.80 help: use `'_` for type paths
 7:42.80     |
 7:42.80 109 | fn class(i: &str) -> IResult<&str, Ck<'_>> {
 7:42.80     |                                      ++++
 7:42.80 warning: hiding a lifetime that's elided elsewhere is confusing
 7:42.80    --> security/manager/ssl/trust_anchors/build.rs:122:13
 7:42.80     |
 7:42.80 122 | fn trust(i: &str) -> IResult<&str, Ck> {
 7:42.80     |             ^^^^             ^^^^  ^^ the same lifetime is hidden here
 7:42.80     |             |                |
 7:42.80     |             |                the same lifetime is elided here
 7:42.80     |             the lifetime is elided here
 7:42.80     |
 7:42.80     = help: the same lifetime is referred to in inconsistent ways, making the signature confusing
 7:42.80 help: use `'_` for type paths
 7:42.80     |
 7:42.80 122 | fn trust(i: &str) -> IResult<&str, Ck<'_>> {
 7:42.80     |                                      ++++
 7:42.80 warning: hiding a lifetime that's elided elsewhere is confusing
 7:42.80    --> security/manager/ssl/trust_anchors/build.rs:137:20
 7:42.80     |
 7:42.80 137 | fn option_bbool(i: &str) -> IResult<&str, Ck> {
 7:42.80     |                    ^^^^             ^^^^  ^^ the same lifetime is hidden here
 7:42.80     |                    |                |
 7:42.80     |                    |                the same lifetime is elided here
 7:42.80     |                    the lifetime is elided here
 7:42.80     |
 7:42.80     = help: the same lifetime is referred to in inconsistent ways, making the signature confusing
 7:42.80 help: use `'_` for type paths
 7:42.80     |
 7:42.81 137 | fn option_bbool(i: &str) -> IResult<&str, Ck<'_>> {
 7:42.81     |                                             ++++
 7:42.81 warning: hiding a lifetime that's elided elsewhere is confusing
 7:42.81    --> security/manager/ssl/trust_anchors/build.rs:146:18
 7:42.81     |
 7:42.81 146 | fn bbool_true(i: &str) -> IResult<&str, Ck> {
 7:42.81     |                  ^^^^             ^^^^  ^^ the same lifetime is hidden here
 7:42.81     |                  |                |
 7:42.81     |                  |                the same lifetime is elided here
 7:42.81     |                  the lifetime is elided here
 7:42.81     |
 7:42.81     = help: the same lifetime is referred to in inconsistent ways, making the signature confusing
 7:42.81 help: use `'_` for type paths
 7:42.81     |
 7:42.81 146 | fn bbool_true(i: &str) -> IResult<&str, Ck<'_>> {
 7:42.81     |                                           ++++
 7:42.81 warning: hiding a lifetime that's elided elsewhere is confusing
 7:42.81    --> security/manager/ssl/trust_anchors/build.rs:155:19
 7:42.81     |
 7:42.81 155 | fn bbool_false(i: &str) -> IResult<&str, Ck> {
 7:42.81     |                   ^^^^             ^^^^  ^^ the same lifetime is hidden here
 7:42.81     |                   |                |
 7:42.81     |                   |                the same lifetime is elided here
 7:42.81     |                   the lifetime is elided here
 7:42.81     |
 7:42.81     = help: the same lifetime is referred to in inconsistent ways, making the signature confusing
 7:42.81 help: use `'_` for type paths
 7:42.81     |
 7:42.81 155 | fn bbool_false(i: &str) -> IResult<&str, Ck<'_>> {
 7:42.81     |                                            ++++
 7:42.81 warning: hiding a lifetime that's elided elsewhere is confusing
 7:42.81    --> security/manager/ssl/trust_anchors/build.rs:164:12
 7:42.81     |
 7:42.81 164 | fn utf8(i: &str) -> IResult<&str, Ck> {
 7:42.81     |            ^^^^             ^^^^  ^^ the same lifetime is hidden here
 7:42.81     |            |                |
 7:42.81     |            |                the same lifetime is elided here
 7:42.81     |            the lifetime is elided here
 7:42.81     |
 7:42.81     = help: the same lifetime is referred to in inconsistent ways, making the signature confusing
 7:42.81 help: use `'_` for type paths
 7:42.81     |
 7:42.81 164 | fn utf8(i: &str) -> IResult<&str, Ck<'_>> {
 7:42.81     |                                     ++++
 7:42.81 warning: hiding a lifetime that's elided elsewhere is confusing
 7:42.81    --> security/manager/ssl/trust_anchors/build.rs:175:24
 7:42.81     |
 7:42.81 175 | fn certificate_type(i: &str) -> IResult<&str, Ck> {
 7:42.81     |                        ^^^^             ^^^^  ^^ the same lifetime is hidden here
 7:42.81     |                        |                |
 7:42.81     |                        |                the same lifetime is elided here
 7:42.81     |                        the lifetime is elided here
 7:42.81     |
 7:42.81     = help: the same lifetime is referred to in inconsistent ways, making the signature confusing
 7:42.81 help: use `'_` for type paths
 7:42.81     |
 7:42.81 175 | fn certificate_type(i: &str) -> IResult<&str, Ck<'_>> {
 7:42.82     |                                                 ++++
 7:42.82 warning: hiding a lifetime that's elided elsewhere is confusing
 7:42.82    --> security/manager/ssl/trust_anchors/build.rs:186:22
 7:42.82     |
 7:42.82 186 | fn distrust_after(i: &str) -> IResult<&str, Ck> {
 7:42.82     |                      ^^^^             ^^^^  ^^ the same lifetime is hidden here
 7:42.82     |                      |                |
 7:42.82     |                      |                the same lifetime is elided here
 7:42.82     |                      the lifetime is elided here
 7:42.82     |
 7:42.82     = help: the same lifetime is referred to in inconsistent ways, making the signature confusing
 7:42.82 help: use `'_` for type paths
 7:42.82     |
 7:42.82 186 | fn distrust_after(i: &str) -> IResult<&str, Ck<'_>> {
 7:42.82     |                                               ++++
 7:42.82 warning: hiding a lifetime that's elided elsewhere is confusing
 7:42.82    --> security/manager/ssl/trust_anchors/build.rs:204:23
 7:42.82     |
 7:42.82 204 | fn multiline_octal(i: &str) -> IResult<&str, Ck> {
 7:42.82     |                       ^^^^             ^^^^  ^^ the same lifetime is hidden here
 7:42.82     |                       |                |
 7:42.82     |                       |                the same lifetime is elided here
 7:42.82     |                       the lifetime is elided here
 7:42.82     |
 7:42.82     = help: the same lifetime is referred to in inconsistent ways, making the signature confusing
 7:42.82 help: use `'_` for type paths
 7:42.82     |
 7:42.82 204 | fn multiline_octal(i: &str) -> IResult<&str, Ck<'_>> {
 7:42.82     |                                                ++++
 7:42.82 warning: hiding a lifetime that's elided elsewhere is confusing
 7:42.82    --> security/manager/ssl/trust_anchors/build.rs:215:24
 7:42.82     |
 7:42.82 215 | fn distrust_comment(i: &str) -> IResult<&str, (&str, Ck)> {
 7:42.82     |                        ^^^^             ^^^^   ^^^^  ^^ the same lifetime is hidden here
 7:42.82     |                        |                |      |
 7:42.82     |                        |                |      the same lifetime is elided here
 7:42.82     |                        |                the same lifetime is elided here
 7:42.82     |                        the lifetime is elided here
 7:42.82     |
 7:42.82     = help: the same lifetime is referred to in inconsistent ways, making the signature confusing
 7:42.82 help: use `'_` for type paths
 7:42.82     |
 7:42.82 215 | fn distrust_comment(i: &str) -> IResult<&str, (&str, Ck<'_>)> {
 7:42.82     |                                                        ++++
 7:42.82 warning: hiding a lifetime that's elided elsewhere is confusing
 7:42.82    --> security/manager/ssl/trust_anchors/build.rs:227:15
 7:42.82     |
 7:42.82 227 | fn comment(i: &str) -> IResult<&str, (&str, Ck)> {
 7:42.82     |               ^^^^             ^^^^   ^^^^  ^^ the same lifetime is hidden here
 7:42.82     |               |                |      |
 7:42.82     |               |                |      the same lifetime is elided here
 7:42.82     |               |                the same lifetime is elided here
 7:42.82     |               the lifetime is elided here
 7:42.82     |
 7:42.82     = help: the same lifetime is referred to in inconsistent ways, making the signature confusing
 7:42.82 help: use `'_` for type paths
 7:42.82     |
 7:42.82 227 | fn comment(i: &str) -> IResult<&str, (&str, Ck<'_>)> {
 7:42.82     |                                               ++++
 7:42.82 warning: hiding a lifetime that's elided elsewhere is confusing
 7:42.82    --> security/manager/ssl/trust_anchors/build.rs:232:21
 7:42.82     |
 7:42.82 232 | fn certdata_line(i: &str) -> IResult<&str, (&str, Ck)> {
 7:42.82     |                     ^^^^             ^^^^   ^^^^  ^^ the same lifetime is hidden here
 7:42.82     |                     |                |      |
 7:42.82     |                     |                |      the same lifetime is elided here
 7:42.82     |                     |                the same lifetime is elided here
 7:42.82     |                     the lifetime is elided here
 7:42.82     |
 7:42.82     = help: the same lifetime is referred to in inconsistent ways, making the signature confusing
 7:42.82 help: use `'_` for type paths
 7:42.82     |
 7:42.82 232 | fn certdata_line(i: &str) -> IResult<&str, (&str, Ck<'_>)> {
 7:42.82     |                                                     ++++
 7:42.83 warning: hiding a lifetime that's elided elsewhere is confusing
 7:42.83    --> security/manager/ssl/trust_anchors/build.rs:289:13
 7:42.83     |
 7:42.83 289 | fn parse(i: &str) -> IResult<&str, Vec<Block>> {
 7:42.83     |             ^^^^             ^^^^      ^^^^^ the same lifetime is hidden here
 7:42.83     |             |                |
 7:42.83     |             |                the same lifetime is elided here
 7:42.83     |             the lifetime is elided here
 7:42.83     |
 7:42.83     = help: the same lifetime is referred to in inconsistent ways, making the signature confusing
 7:42.83 help: use `'_` for type paths
 7:42.83     |
 7:42.83 289 | fn parse(i: &str) -> IResult<&str, Vec<Block<'_>>> {
 7:42.83     |                                             ++++
 7:48.31    Compiling mls-platform-api v0.1.0 (https://github.com/beurdouche/mls-platform-api?rev=5d88241b9765cae3669aba21f0946bd3700f7db1#5d88241b)
 7:51.31 warning: `trust-anchors` (build script) generated 13 warnings
 7:53.36    Compiling l10nregistry-ffi v0.1.0 (/home/berke/workdir/www/zen-browser/work/intl/l10n/rust/l10nregistry-ffi)
 7:53.50    Compiling neqo-http3 v0.16.1 (https://github.com/mozilla/neqo?tag=v0.16.1#b3d8f0d2)
 7:56.58    Compiling mp4parse v0.17.0 (https://github.com/mozilla/mp4parse-rust?rev=f955be5d2a04a631c0f1777d6f35370ea1a99e2d#f955be5d)
 7:57.37    Compiling buildid_reader v0.1.0 (/home/berke/workdir/www/zen-browser/work/toolkit/library/buildid_reader)
 7:57.85    Compiling init_rust_components v0.1.0 (https://github.com/mozilla/application-services?rev=cd04a4d1a74294ab08434d7a5a8152d25d25e53c#cd04a4d1)
 7:58.29    Compiling context_id v0.1.0 (https://github.com/mozilla/application-services?rev=cd04a4d1a74294ab08434d7a5a8152d25d25e53c#cd04a4d1)
 7:58.58    Compiling filter_adult v0.1.0 (https://github.com/mozilla/application-services?rev=cd04a4d1a74294ab08434d7a5a8152d25d25e53c#cd04a4d1)
 8:00.04    Compiling storage v0.1.0 (/home/berke/workdir/www/zen-browser/work/storage/rust)
 8:00.51    Compiling mozurl v0.0.1 (/home/berke/workdir/www/zen-browser/work/netwerk/base/mozurl)
 8:00.77    Compiling rsclientcerts v0.1.0 (/home/berke/workdir/www/zen-browser/work/security/manager/ssl/rsclientcerts)
 8:01.10    Compiling icu_capi v2.0.0 (/home/berke/workdir/www/zen-browser/work/intl/icu_capi)
 8:01.35    Compiling unic-langid-ffi v0.1.0 (/home/berke/workdir/www/zen-browser/work/intl/locale/rust/unic-langid-ffi)
 8:01.64    Compiling ipdl_utils v0.1.0 (/home/berke/workdir/www/zen-browser/work/ipc/rust/ipdl_utils)
 8:01.98    Compiling webrtc-sdp v0.3.13
 8:01.98    Compiling urlpattern v0.4.0
 8:02.52    Compiling origin-trial-token v0.1.1
 8:02.71    Compiling unicode-bidi-ffi v0.1.0 (/home/berke/workdir/www/zen-browser/work/intl/bidi/rust/unicode-bidi-ffi)
 8:03.60    Compiling prio v0.16.2
 8:03.61    Compiling typed-arena-nomut v0.1.0
 8:03.89    Compiling oxilangtag v0.1.3
 8:04.17    Compiling zlib-rs v0.4.2
 8:04.98    Compiling remove_dir_all v0.5.3
 8:05.19    Compiling rustc-demangle v0.1.21
 8:06.03    Compiling rsdparsa_capi v0.1.0 (/home/berke/workdir/www/zen-browser/work/dom/media/webrtc/sdp/rsdparsa_capi)
 8:06.97    Compiling profiler_helper v0.1.0 (/home/berke/workdir/www/zen-browser/work/tools/profiler/rust-helper)
 8:07.66    Compiling urlpattern_glue v0.0.1 (/home/berke/workdir/www/zen-browser/work/netwerk/base/urlpattern_glue)
 8:07.92    Compiling oxilangtag-ffi v0.1.0 (/home/berke/workdir/www/zen-browser/work/intl/locale/rust/oxilangtag-ffi)
 8:07.99    Compiling wpf-gpu-raster v0.1.0 (https://github.com/FirefoxGraphics/wpf-gpu-raster?rev=99979da091fd58fba8477e7fcdf5ec0727102916#99979da0)
 8:08.42    Compiling dap_ffi v0.1.0 (/home/berke/workdir/www/zen-browser/work/toolkit/components/telemetry/dap/ffi)
 8:08.58    Compiling origin-trials-ffi v0.1.0 (/home/berke/workdir/www/zen-browser/work/dom/origin-trials/ffi)
 8:08.80    Compiling jsrust_shared v0.1.0 (/home/berke/workdir/www/zen-browser/work/js/src/rust/shared)
 8:08.82 warning: unnecessary parentheses around closure body
 8:08.83    --> toolkit/components/telemetry/dap/ffi/src/lib.rs:145:64
 8:08.87     |
 8:08.87 145 |         let measurement: Vec<u128> = self.value.iter().map(|e| (*e as u128)).collect();
 8:08.87     |                                                                ^          ^
 8:08.87     |
 8:08.87     = note: `#[warn(unused_parens)]` (part of `#[warn(unused)]`) on by default
 8:08.87 help: remove these parentheses
 8:08.87     |
 8:08.87 145 -         let measurement: Vec<u128> = self.value.iter().map(|e| (*e as u128)).collect();
 8:08.87 145 +         let measurement: Vec<u128> = self.value.iter().map(|e| *e as u128).collect();
 8:08.87     |
 8:09.01    Compiling ipcclientcerts v0.1.0 (/home/berke/workdir/www/zen-browser/work/security/manager/ssl/ipcclientcerts)
 8:09.28    Compiling fluent-langneg-ffi v0.1.0 (/home/berke/workdir/www/zen-browser/work/intl/locale/rust/fluent-langneg-ffi)
 8:09.44    Compiling mp4parse_capi v0.17.0 (https://github.com/mozilla/mp4parse-rust?rev=f955be5d2a04a631c0f1777d6f35370ea1a99e2d#f955be5d)
 8:09.82    Compiling bookmark_sync v0.1.0 (/home/berke/workdir/www/zen-browser/work/toolkit/components/places/bookmark_sync)
 8:10.82 warning: `dap_ffi` (lib) generated 1 warning (run `cargo fix --lib -p dap_ffi` to apply 1 suggestion)
 8:10.82    Compiling buildid_reader_ffi v0.1.0 (/home/berke/workdir/www/zen-browser/work/toolkit/library/buildid_reader/ffi)
 8:11.08    Compiling authrs_bridge v0.1.0 (/home/berke/workdir/www/zen-browser/work/dom/webauthn/authrs_bridge)
 8:11.34    Compiling localization-ffi v0.1.0 (/home/berke/workdir/www/zen-browser/work/intl/l10n/rust/localization-ffi)
 8:13.07 warning: hiding a lifetime that's elided elsewhere is confusing
 8:13.09    --> dom/webauthn/authrs_bridge/src/test_token.rs:177:24
 8:13.09     |
 8:13.09 177 |     fn get_credentials(&self) -> Ref<Vec<TestTokenCredential>> {
 8:13.09     |                        ^^^^^     ^^^^^^^^^^^^^^^^^^^^^^^^^^^^^ the same lifetime is hidden here
 8:13.09     |                        |
 8:13.09     |                        the lifetime is elided here
 8:13.09     |
 8:13.09     = help: the same lifetime is referred to in inconsistent ways, making the signature confusing
 8:13.09     = note: `#[warn(mismatched_lifetime_syntaxes)]` on by default
 8:13.09 help: use `'_` for type paths
 8:13.09     |
 8:13.09 177 |     fn get_credentials(&self) -> Ref<'_, Vec<TestTokenCredential>> {
 8:13.09     |                                      +++
 8:13.41    Compiling mls_gk v0.1.0 (/home/berke/workdir/www/zen-browser/work/security/mls/mls_gk)
 8:13.49    Compiling binary_http v0.1.0 (/home/berke/workdir/www/zen-browser/work/netwerk/protocol/http/binary_http)
 8:14.97    Compiling kvstore v0.1.0 (/home/berke/workdir/www/zen-browser/work/toolkit/components/kvstore)
 8:15.23    Compiling oblivious_http v0.1.0 (/home/berke/workdir/www/zen-browser/work/netwerk/protocol/http/oblivious_http)
 8:15.51    Compiling gecko_tracing v0.1.0 (/home/berke/workdir/www/zen-browser/work/xpcom/rust/gecko_tracing)
 8:15.79    Compiling http_sfv v0.1.0 (/home/berke/workdir/www/zen-browser/work/netwerk/base/http-sfv)
 8:16.02    Compiling uritemplate_glue v0.1.0 (/home/berke/workdir/www/zen-browser/work/netwerk/base/uritemplate_glue)
 8:16.47    Compiling cascade_bloom_filter v0.1.0 (/home/berke/workdir/www/zen-browser/work/toolkit/components/cascade_bloom_filter)
 8:16.48    Compiling abridged_certs v0.1.0 (/home/berke/workdir/www/zen-browser/work/security/manager/ssl/abridged_certs)
 8:16.94    Compiling crypto_hash v0.1.0 (/home/berke/workdir/www/zen-browser/work/security/manager/ssl/crypto_hash)
 8:18.04    Compiling processtools v0.1.0 (/home/berke/workdir/www/zen-browser/work/toolkit/components/processtools)
 8:18.20    Compiling mdns_service v0.1.1 (/home/berke/workdir/www/zen-browser/work/dom/media/webrtc/transport/mdns_service)
 8:18.36    Compiling aa-stroke v0.1.0 (https://github.com/FirefoxGraphics/aa-stroke?rev=a821fa621c2def48e90c82774b4c6563b5a8ea4a#a821fa62)
 8:18.67 warning: `authrs_bridge` (lib) generated 1 warning (run `cargo fix --lib -p authrs_bridge` to apply 1 suggestion)
 8:18.67    Compiling signature_cache v0.1.0 (/home/berke/workdir/www/zen-browser/work/security/certverifier/signature_cache)
 8:18.79    Compiling gkrust_utils v0.1.0 (/home/berke/workdir/www/zen-browser/work/xpcom/rust/gkrust_utils)
 8:19.06    Compiling idna_glue v0.1.0 (/home/berke/workdir/www/zen-browser/work/netwerk/base/idna_glue)
 8:19.34    Compiling encoding_glue v0.1.0 (/home/berke/workdir/www/zen-browser/work/intl/encoding_glue)
 8:19.63    Compiling mime-guess-ffi v0.1.0 (/home/berke/workdir/www/zen-browser/work/dom/fs/parent/rust/mime-guess-ffi)
 8:19.76    Compiling netwerk_helper v0.0.1 (/home/berke/workdir/www/zen-browser/work/netwerk/base/rust-helper)
 8:19.91    Compiling dom_fragmentdirectives v0.1.0 (/home/berke/workdir/www/zen-browser/work/dom/base/fragmentdirectives)
 8:20.07    Compiling data-encoding-ffi v0.1.0 (/home/berke/workdir/www/zen-browser/work/dom/fs/parent/rust/data-encoding-ffi)
 8:20.16    Compiling chardetng_c v0.1.2 (https://github.com/hsivonen/chardetng_c?rev=2f0aba284677d098de14f91ffe5a9e5b9a4922c2#2f0aba28)
 8:20.44    Compiling cose-c v0.1.5
 8:20.52    Compiling mapped_hyph v0.4.3 (https://github.com/jfkthame/mapped_hyph.git?rev=eff105f6ad7ec9b79816cfc1985a28e5340ad14b#eff105f6)
 8:20.64    Compiling rure v0.2.2 (/home/berke/workdir/www/zen-browser/work/third_party/rust/rure)
 8:20.82    Compiling zerocopy v0.7.32
 8:20.99    Compiling gecko_logger v0.1.0 (/home/berke/workdir/www/zen-browser/work/xpcom/rust/gecko_logger)
 8:21.15    Compiling moz_asserts v0.1.0 (/home/berke/workdir/www/zen-browser/work/mozglue/static/rust/moz_asserts)
 8:21.37    Compiling audio_thread_priority v0.34.0
 8:22.18    Compiling prefs_parser v0.0.1 (/home/berke/workdir/www/zen-browser/work/modules/libpref/parser)
 8:24.10    Compiling wgpu_bindings v0.1.0 (/home/berke/workdir/www/zen-browser/work/gfx/wgpu_bindings)
 8:24.24    Compiling mozilla-central-workspace-hack v0.1.0 (/home/berke/workdir/www/zen-browser/work/build/workspace-hack)
 8:35.51    Compiling uniffi_build v0.29.3
 9:01.34    Compiling glean-core v65.2.3
 9:01.34    Compiling interrupt-support v0.1.0 (https://github.com/mozilla/application-services?rev=cd04a4d1a74294ab08434d7a5a8152d25d25e53c#cd04a4d1)
 9:01.34    Compiling sync15 v0.1.0 (https://github.com/mozilla/application-services?rev=cd04a4d1a74294ab08434d7a5a8152d25d25e53c#cd04a4d1)
 9:01.34    Compiling logins v0.1.0 (https://github.com/mozilla/application-services?rev=cd04a4d1a74294ab08434d7a5a8152d25d25e53c#cd04a4d1)
 9:01.34    Compiling webext-storage v0.1.0 (https://github.com/mozilla/application-services?rev=cd04a4d1a74294ab08434d7a5a8152d25d25e53c#cd04a4d1)
 9:01.34    Compiling tabs v0.1.0 (https://github.com/mozilla/application-services?rev=cd04a4d1a74294ab08434d7a5a8152d25d25e53c#cd04a4d1)
 9:02.78    Compiling sql-support v0.1.0 (https://github.com/mozilla/application-services?rev=cd04a4d1a74294ab08434d7a5a8152d25d25e53c#cd04a4d1)
 9:03.93    Compiling remote_settings v0.1.0 (https://github.com/mozilla/application-services?rev=cd04a4d1a74294ab08434d7a5a8152d25d25e53c#cd04a4d1)
 9:06.99    Compiling search v0.1.0 (https://github.com/mozilla/application-services?rev=cd04a4d1a74294ab08434d7a5a8152d25d25e53c#cd04a4d1)
 9:06.99    Compiling relevancy v0.1.0 (https://github.com/mozilla/application-services?rev=cd04a4d1a74294ab08434d7a5a8152d25d25e53c#cd04a4d1)
 9:06.99    Compiling suggest v0.1.0 (https://github.com/mozilla/application-services?rev=cd04a4d1a74294ab08434d7a5a8152d25d25e53c#cd04a4d1)
 9:11.81    Compiling glean v65.2.3
 9:13.07    Compiling firefox-on-glean v0.1.0 (/home/berke/workdir/www/zen-browser/work/toolkit/components/glean/api)
 9:18.12    Compiling gkrust-uniffi-components v0.1.0 (/home/berke/workdir/www/zen-browser/work/toolkit/components/uniffi-bindgen-gecko-js/components)
 9:54.68 warning: missing documentation for a variant
 9:54.68    --> servo/components/style/queries/feature_expression.rs:684:5
 9:54.68     |
 9:54.68 684 |     String(AtomString),
 9:54.68     |     ^^^^^^
 9:54.68     |
 9:54.68 note: the lint level is defined here
 9:54.68    --> servo/components/style/lib.rs:26:9
 9:54.68     |
 9:54.68  26 | #![deny(missing_docs)]
 9:54.69     |         ^^^^^^^^^^^^
 9:58.75    Compiling wr_glyph_rasterizer v0.1.0 (/home/berke/workdir/www/zen-browser/work/gfx/wr/wr_glyph_rasterizer)
 9:58.75    Compiling cert_storage v0.0.1 (/home/berke/workdir/www/zen-browser/work/security/manager/ssl/cert_storage)
 9:58.75    Compiling gecko-trace v0.1.0 (/home/berke/workdir/www/zen-browser/work/toolkit/components/gecko-trace)
 9:58.75    Compiling jog v0.1.0 (/home/berke/workdir/www/zen-browser/work/toolkit/components/glean/bindings/jog)
 9:58.75    Compiling data_storage v0.0.1 (/home/berke/workdir/www/zen-browser/work/security/manager/ssl/data_storage)
 9:58.75    Compiling fog_control v0.1.0 (/home/berke/workdir/www/zen-browser/work/toolkit/components/glean)
 9:58.75    Compiling neqo_glue v0.1.0 (/home/berke/workdir/www/zen-browser/work/netwerk/socket/neqo_glue)
10:01.11 warning: struct `TracesData` is never constructed
10:01.12   --> /home/berke/workdir/www/zen-browser/work/third_party/opentelemetry-cpp/third_party/opentelemetry-proto/opentelemetry.proto.trace.v1.rs:14:12
10:01.12    |
10:01.12 14 | pub struct TracesData {
10:01.12    |            ^^^^^^^^^^
10:01.12    |
10:01.12    = note: `#[warn(dead_code)]` (part of `#[warn(unused)]`) on by default
10:01.12 warning: struct `ExportTraceServiceResponse` is never constructed
10:01.12   --> /home/berke/workdir/www/zen-browser/work/third_party/opentelemetry-cpp/third_party/opentelemetry-proto/opentelemetry.proto.collector.trace.v1.rs:17:12
10:01.12    |
10:01.12 17 | pub struct ExportTraceServiceResponse {
10:01.12    |            ^^^^^^^^^^^^^^^^^^^^^^^^^^
10:01.12 warning: struct `ExportTracePartialSuccess` is never constructed
10:01.12   --> /home/berke/workdir/www/zen-browser/work/third_party/opentelemetry-cpp/third_party/opentelemetry-proto/opentelemetry.proto.collector.trace.v1.rs:38:12
10:01.12    |
10:01.12 38 | pub struct ExportTracePartialSuccess {
10:01.12    |            ^^^^^^^^^^^^^^^^^^^^^^^^^
10:03.39 warning: `gecko-trace` (lib) generated 3 warnings
10:05.93    Compiling geckoservo v0.0.1 (/home/berke/workdir/www/zen-browser/work/servo/ports/geckolib)
10:37.02 warning: `style` (lib) generated 1 warning
10:50.06 warning: swgl@0.1.0: Inherited flag "-fembed-bitcode=all" is not supported by the currently used CC
10:50.07 warning: swgl@0.1.0: Inherited flag "-fembed-bitcode=all" is not supported by the currently used CC
10:50.07 warning: swgl@0.1.0: Inherited flag "-fembed-bitcode=all" is not supported by the currently used CC
10:50.07 warning: swgl@0.1.0: Inherited flag "-fembed-bitcode=all" is not supported by the currently used CC
10:50.07 warning: swgl@0.1.0: Inherited flag "-fembed-bitcode=all" is not supported by the currently used CC
10:50.07 warning: swgl@0.1.0: Inherited flag "-fembed-bitcode=all" is not supported by the currently used CC
10:50.07 warning: swgl@0.1.0: Inherited flag "-fembed-bitcode=all" is not supported by the currently used CC
10:50.07 warning: swgl@0.1.0: Inherited flag "-fembed-bitcode=all" is not supported by the currently used CC
10:50.07 warning: swgl@0.1.0: Inherited flag "-fembed-bitcode=all" is not supported by the currently used CC
10:50.07 warning: swgl@0.1.0: Inherited flag "-fembed-bitcode=all" is not supported by the currently used CC
10:50.07 warning: swgl@0.1.0: Inherited flag "-fembed-bitcode=all" is not supported by the currently used CC
10:50.07 warning: swgl@0.1.0: Inherited flag "-fembed-bitcode=all" is not supported by the currently used CC
10:50.07 warning: swgl@0.1.0: Inherited flag "-fembed-bitcode=all" is not supported by the currently used CC
10:50.07 warning: swgl@0.1.0: Inherited flag "-fembed-bitcode=all" is not supported by the currently used CC
10:50.07 warning: swgl@0.1.0: Inherited flag "-fembed-bitcode=all" is not supported by the currently used CC
10:50.07 warning: swgl@0.1.0: Inherited flag "-fembed-bitcode=all" is not supported by the currently used CC
10:50.07 warning: swgl@0.1.0: Inherited flag "-fembed-bitcode=all" is not supported by the currently used CC
10:50.07 warning: swgl@0.1.0: Inherited flag "-fembed-bitcode=all" is not supported by the currently used CC
10:50.07 warning: swgl@0.1.0: Inherited flag "-fembed-bitcode=all" is not supported by the currently used CC
10:50.07 warning: swgl@0.1.0: Inherited flag "-fembed-bitcode=all" is not supported by the currently used CC
10:50.07 warning: swgl@0.1.0: Inherited flag "-fembed-bitcode=all" is not supported by the currently used CC
10:50.07 warning: swgl@0.1.0: Inherited flag "-fembed-bitcode=all" is not supported by the currently used CC
10:50.07 warning: swgl@0.1.0: Inherited flag "-fembed-bitcode=all" is not supported by the currently used CC
10:50.07 warning: swgl@0.1.0: Inherited flag "-fembed-bitcode=all" is not supported by the currently used CC
10:50.07 warning: swgl@0.1.0: Inherited flag "-fembed-bitcode=all" is not supported by the currently used CC
10:50.07 warning: swgl@0.1.0: Inherited flag "-fembed-bitcode=all" is not supported by the currently used CC
10:50.07 warning: swgl@0.1.0: Inherited flag "-fembed-bitcode=all" is not supported by the currently used CC
10:50.07 warning: swgl@0.1.0: Inherited flag "-fembed-bitcode=all" is not supported by the currently used CC
10:50.08 warning: swgl@0.1.0: Inherited flag "-fembed-bitcode=all" is not supported by the currently used CC
10:50.08 warning: swgl@0.1.0: Inherited flag "-fembed-bitcode=all" is not supported by the currently used CC
10:50.08 warning: swgl@0.1.0: Inherited flag "-fembed-bitcode=all" is not supported by the currently used CC
10:50.08 warning: swgl@0.1.0: Inherited flag "-fembed-bitcode=all" is not supported by the currently used CC
10:50.08 warning: swgl@0.1.0: Inherited flag "-fembed-bitcode=all" is not supported by the currently used CC
10:50.08 warning: swgl@0.1.0: Inherited flag "-fembed-bitcode=all" is not supported by the currently used CC
10:50.08 warning: swgl@0.1.0: Inherited flag "-fembed-bitcode=all" is not supported by the currently used CC
10:50.08 warning: swgl@0.1.0: Inherited flag "-fembed-bitcode=all" is not supported by the currently used CC
10:50.08 warning: swgl@0.1.0: Inherited flag "-fembed-bitcode=all" is not supported by the currently used CC
10:50.08 warning: swgl@0.1.0: Inherited flag "-fembed-bitcode=all" is not supported by the currently used CC
10:50.08 warning: swgl@0.1.0: Inherited flag "-fembed-bitcode=all" is not supported by the currently used CC
10:50.08 warning: swgl@0.1.0: Inherited flag "-fembed-bitcode=all" is not supported by the currently used CC
10:50.08 warning: swgl@0.1.0: Inherited flag "-fembed-bitcode=all" is not supported by the currently used CC
10:50.08 warning: swgl@0.1.0: Inherited flag "-fembed-bitcode=all" is not supported by the currently used CC
10:50.08 warning: swgl@0.1.0: Inherited flag "-fembed-bitcode=all" is not supported by the currently used CC
10:50.08 warning: swgl@0.1.0: Inherited flag "-fembed-bitcode=all" is not supported by the currently used CC
10:50.08 warning: swgl@0.1.0: Inherited flag "-fembed-bitcode=all" is not supported by the currently used CC
10:50.08 warning: swgl@0.1.0: Inherited flag "-fembed-bitcode=all" is not supported by the currently used CC
10:50.08 warning: swgl@0.1.0: Inherited flag "-fembed-bitcode=all" is not supported by the currently used CC
10:50.08 warning: swgl@0.1.0: Inherited flag "-fembed-bitcode=all" is not supported by the currently used CC
10:50.08 warning: swgl@0.1.0: Inherited flag "-fembed-bitcode=all" is not supported by the currently used CC
10:50.08 warning: swgl@0.1.0: Inherited flag "-fembed-bitcode=all" is not supported by the currently used CC
10:50.08 warning: swgl@0.1.0: Inherited flag "-fembed-bitcode=all" is not supported by the currently used CC
10:50.08 warning: swgl@0.1.0: Inherited flag "-fembed-bitcode=all" is not supported by the currently used CC
10:50.08 warning: swgl@0.1.0: Inherited flag "-fembed-bitcode=all" is not supported by the currently used CC
10:50.08 warning: swgl@0.1.0: Inherited flag "-fembed-bitcode=all" is not supported by the currently used CC
10:50.08 warning: swgl@0.1.0: Inherited flag "-fembed-bitcode=all" is not supported by the currently used CC
10:50.08 warning: swgl@0.1.0: Inherited flag "-fembed-bitcode=all" is not supported by the currently used CC
10:50.08 warning: swgl@0.1.0: Inherited flag "-fembed-bitcode=all" is not supported by the currently used CC
10:50.09 warning: swgl@0.1.0: Inherited flag "-fembed-bitcode=all" is not supported by the currently used CC
10:50.09 warning: swgl@0.1.0: Inherited flag "-fembed-bitcode=all" is not supported by the currently used CC
10:50.09 warning: swgl@0.1.0: Inherited flag "-fembed-bitcode=all" is not supported by the currently used CC
10:50.09 warning: swgl@0.1.0: Inherited flag "-fembed-bitcode=all" is not supported by the currently used CC
10:50.09 warning: swgl@0.1.0: Inherited flag "-fembed-bitcode=all" is not supported by the currently used CC
10:50.09 warning: swgl@0.1.0: Inherited flag "-fembed-bitcode=all" is not supported by the currently used CC
10:50.09 warning: swgl@0.1.0: Inherited flag "-fembed-bitcode=all" is not supported by the currently used CC
10:50.09 warning: swgl@0.1.0: Inherited flag "-fembed-bitcode=all" is not supported by the currently used CC
10:50.09 warning: swgl@0.1.0: Inherited flag "-fembed-bitcode=all" is not supported by the currently used CC
10:50.09 warning: swgl@0.1.0: Inherited flag "-fembed-bitcode=all" is not supported by the currently used CC
10:50.09 warning: swgl@0.1.0: Inherited flag "-fembed-bitcode=all" is not supported by the currently used CC
10:50.09 warning: swgl@0.1.0: Inherited flag "-fembed-bitcode=all" is not supported by the currently used CC
10:50.09 warning: swgl@0.1.0: Inherited flag "-fembed-bitcode=all" is not supported by the currently used CC
10:50.09 warning: swgl@0.1.0: Inherited flag "-fembed-bitcode=all" is not supported by the currently used CC
10:50.09 warning: swgl@0.1.0: Inherited flag "-fembed-bitcode=all" is not supported by the currently used CC
10:50.09 warning: swgl@0.1.0: Inherited flag "-fembed-bitcode=all" is not supported by the currently used CC
10:50.09 warning: swgl@0.1.0: Inherited flag "-fembed-bitcode=all" is not supported by the currently used CC
10:50.09 warning: swgl@0.1.0: Inherited flag "-fembed-bitcode=all" is not supported by the currently used CC
10:50.09 warning: swgl@0.1.0: Inherited flag "-fembed-bitcode=all" is not supported by the currently used CC
10:50.09 warning: swgl@0.1.0: Inherited flag "-fembed-bitcode=all" is not supported by the currently used CC
10:50.09 warning: swgl@0.1.0: Inherited flag "-fembed-bitcode=all" is not supported by the currently used CC
10:50.09 warning: swgl@0.1.0: Inherited flag "-fembed-bitcode=all" is not supported by the currently used CC
10:50.09 warning: swgl@0.1.0: Inherited flag "-fembed-bitcode=all" is not supported by the currently used CC
10:50.09 warning: swgl@0.1.0: Inherited flag "-fembed-bitcode=all" is not supported by the currently used CC
10:50.10 warning: swgl@0.1.0: Inherited flag "-fembed-bitcode=all" is not supported by the currently used CC
10:50.10 warning: swgl@0.1.0: Inherited flag "-fembed-bitcode=all" is not supported by the currently used CC
10:50.10 warning: swgl@0.1.0: Inherited flag "-fembed-bitcode=all" is not supported by the currently used CC
10:50.10 warning: swgl@0.1.0: Inherited flag "-fembed-bitcode=all" is not supported by the currently used CC
10:50.10 warning: swgl@0.1.0: Inherited flag "-fembed-bitcode=all" is not supported by the currently used CC
10:50.10 warning: swgl@0.1.0: Inherited flag "-fembed-bitcode=all" is not supported by the currently used CC
10:50.10 warning: swgl@0.1.0: Inherited flag "-fembed-bitcode=all" is not supported by the currently used CC
10:50.10 warning: swgl@0.1.0: Inherited flag "-fembed-bitcode=all" is not supported by the currently used CC
10:50.10 warning: swgl@0.1.0: Inherited flag "-fembed-bitcode=all" is not supported by the currently used CC
10:50.10 warning: swgl@0.1.0: Inherited flag "-fembed-bitcode=all" is not supported by the currently used CC
10:50.10 warning: swgl@0.1.0: Inherited flag "-fembed-bitcode=all" is not supported by the currently used CC
10:50.10 warning: swgl@0.1.0: Inherited flag "-fembed-bitcode=all" is not supported by the currently used CC
10:50.10 warning: swgl@0.1.0: Inherited flag "-fembed-bitcode=all" is not supported by the currently used CC
10:50.10 warning: swgl@0.1.0: Inherited flag "-fembed-bitcode=all" is not supported by the currently used CC
10:50.10 warning: swgl@0.1.0: Inherited flag "-fembed-bitcode=all" is not supported by the currently used CC
10:50.10 warning: swgl@0.1.0: Inherited flag "-fembed-bitcode=all" is not supported by the currently used CC
10:50.10 warning: swgl@0.1.0: Inherited flag "-fembed-bitcode=all" is not supported by the currently used CC
10:50.10 warning: swgl@0.1.0: Inherited flag "-fembed-bitcode=all" is not supported by the currently used CC
10:50.10 warning: swgl@0.1.0: Inherited flag "-fembed-bitcode=all" is not supported by the currently used CC
10:50.10 warning: swgl@0.1.0: Inherited flag "-fembed-bitcode=all" is not supported by the currently used CC
10:50.10 warning: swgl@0.1.0: Inherited flag "-fembed-bitcode=all" is not supported by the currently used CC
10:50.10 warning: swgl@0.1.0: Inherited flag "-fembed-bitcode=all" is not supported by the currently used CC
10:50.10 warning: swgl@0.1.0: Inherited flag "-fembed-bitcode=all" is not supported by the currently used CC
10:50.10 warning: swgl@0.1.0: Inherited flag "-fembed-bitcode=all" is not supported by the currently used CC
10:50.10 warning: swgl@0.1.0: Inherited flag "-fembed-bitcode=all" is not supported by the currently used CC
10:50.10 warning: swgl@0.1.0: Inherited flag "-fembed-bitcode=all" is not supported by the currently used CC
10:50.10 warning: swgl@0.1.0: Inherited flag "-fembed-bitcode=all" is not supported by the currently used CC
10:50.10 warning: swgl@0.1.0: Inherited flag "-fembed-bitcode=all" is not supported by the currently used CC
10:50.10 warning: swgl@0.1.0: Inherited flag "-fembed-bitcode=all" is not supported by the currently used CC
10:50.10 warning: swgl@0.1.0: Inherited flag "-fembed-bitcode=all" is not supported by the currently used CC
10:50.10 warning: swgl@0.1.0: Inherited flag "-fembed-bitcode=all" is not supported by the currently used CC
10:50.10 warning: swgl@0.1.0: Inherited flag "-fembed-bitcode=all" is not supported by the currently used CC
10:50.10 warning: swgl@0.1.0: Inherited flag "-fembed-bitcode=all" is not supported by the currently used CC
10:50.10 warning: swgl@0.1.0: Inherited flag "-fembed-bitcode=all" is not supported by the currently used CC
10:50.10 warning: swgl@0.1.0: Inherited flag "-fembed-bitcode=all" is not supported by the currently used CC
10:50.10 warning: swgl@0.1.0: Inherited flag "-fembed-bitcode=all" is not supported by the currently used CC
10:50.10 warning: swgl@0.1.0: Inherited flag "-fembed-bitcode=all" is not supported by the currently used CC
10:50.10 warning: swgl@0.1.0: Inherited flag "-fembed-bitcode=all" is not supported by the currently used CC
10:50.10 warning: swgl@0.1.0: Inherited flag "-fembed-bitcode=all" is not supported by the currently used CC
10:50.10 warning: swgl@0.1.0: Inherited flag "-fembed-bitcode=all" is not supported by the currently used CC
10:50.10 warning: swgl@0.1.0: Inherited flag "-fembed-bitcode=all" is not supported by the currently used CC
10:50.10 warning: swgl@0.1.0: Inherited flag "-fembed-bitcode=all" is not supported by the currently used CC
10:50.10 warning: swgl@0.1.0: Inherited flag "-fembed-bitcode=all" is not supported by the currently used CC
10:50.10 warning: swgl@0.1.0: Inherited flag "-fembed-bitcode=all" is not supported by the currently used CC
10:50.10 warning: swgl@0.1.0: Inherited flag "-fembed-bitcode=all" is not supported by the currently used CC
10:50.10 warning: swgl@0.1.0: Inherited flag "-fembed-bitcode=all" is not supported by the currently used CC
10:50.10 warning: swgl@0.1.0: Inherited flag "-fembed-bitcode=all" is not supported by the currently used CC
10:50.10 warning: swgl@0.1.0: Inherited flag "-fembed-bitcode=all" is not supported by the currently used CC
10:50.10 warning: swgl@0.1.0: Inherited flag "-fembed-bitcode=all" is not supported by the currently used CC
10:50.10 warning: swgl@0.1.0: Inherited flag "-fembed-bitcode=all" is not supported by the currently used CC
10:50.10 warning: swgl@0.1.0: Inherited flag "-fembed-bitcode=all" is not supported by the currently used CC
10:50.10 warning: swgl@0.1.0: Inherited flag "-fembed-bitcode=all" is not supported by the currently used CC
10:50.10 warning: swgl@0.1.0: Inherited flag "-fembed-bitcode=all" is not supported by the currently used CC
10:50.11 warning: swgl@0.1.0: Inherited flag "-fembed-bitcode=all" is not supported by the currently used CC
10:50.11 warning: swgl@0.1.0: Inherited flag "-fembed-bitcode=all" is not supported by the currently used CC
10:50.11 warning: swgl@0.1.0: Inherited flag "-fembed-bitcode=all" is not supported by the currently used CC
10:50.11 warning: swgl@0.1.0: Inherited flag "-fembed-bitcode=all" is not supported by the currently used CC
10:50.11 warning: swgl@0.1.0: Inherited flag "-fembed-bitcode=all" is not supported by the currently used CC
10:50.11 warning: swgl@0.1.0: Inherited flag "-fembed-bitcode=all" is not supported by the currently used CC
10:50.11 warning: swgl@0.1.0: Inherited flag "-fembed-bitcode=all" is not supported by the currently used CC
10:50.11 warning: swgl@0.1.0: Inherited flag "-fembed-bitcode=all" is not supported by the currently used CC
10:50.11 warning: swgl@0.1.0: Inherited flag "-fembed-bitcode=all" is not supported by the currently used CC
10:50.11 warning: swgl@0.1.0: Inherited flag "-fembed-bitcode=all" is not supported by the currently used CC
10:50.11 warning: swgl@0.1.0: Inherited flag "-fembed-bitcode=all" is not supported by the currently used CC
10:50.11 warning: swgl@0.1.0: Inherited flag "-fembed-bitcode=all" is not supported by the currently used CC
10:50.11 warning: swgl@0.1.0: Inherited flag "-fembed-bitcode=all" is not supported by the currently used CC
10:50.11 warning: swgl@0.1.0: Inherited flag "-fembed-bitcode=all" is not supported by the currently used CC
10:50.11 warning: swgl@0.1.0: Inherited flag "-fembed-bitcode=all" is not supported by the currently used CC
10:50.11 warning: swgl@0.1.0: Inherited flag "-fembed-bitcode=all" is not supported by the currently used CC
10:50.11 warning: swgl@0.1.0: Inherited flag "-fembed-bitcode=all" is not supported by the currently used CC
10:50.11 warning: swgl@0.1.0: Inherited flag "-fembed-bitcode=all" is not supported by the currently used CC
10:50.11 warning: swgl@0.1.0: Inherited flag "-fembed-bitcode=all" is not supported by the currently used CC
10:50.11 warning: swgl@0.1.0: Inherited flag "-fembed-bitcode=all" is not supported by the currently used CC
10:50.11 warning: swgl@0.1.0: Inherited flag "-fembed-bitcode=all" is not supported by the currently used CC
10:50.11 warning: swgl@0.1.0: Inherited flag "-fembed-bitcode=all" is not supported by the currently used CC
10:50.11 warning: swgl@0.1.0: Inherited flag "-fembed-bitcode=all" is not supported by the currently used CC
10:50.11 warning: swgl@0.1.0: Inherited flag "-fembed-bitcode=all" is not supported by the currently used CC
10:50.11 warning: swgl@0.1.0: Inherited flag "-fembed-bitcode=all" is not supported by the currently used CC
10:50.11 warning: swgl@0.1.0: Inherited flag "-fembed-bitcode=all" is not supported by the currently used CC
10:50.11 warning: swgl@0.1.0: Inherited flag "-fembed-bitcode=all" is not supported by the currently used CC
10:50.11 warning: swgl@0.1.0: Inherited flag "-fembed-bitcode=all" is not supported by the currently used CC
10:50.11 warning: swgl@0.1.0: Inherited flag "-fembed-bitcode=all" is not supported by the currently used CC
10:50.11 warning: swgl@0.1.0: Inherited flag "-fembed-bitcode=all" is not supported by the currently used CC
10:50.11 warning: swgl@0.1.0: Inherited flag "-fembed-bitcode=all" is not supported by the currently used CC
10:50.11 warning: swgl@0.1.0: Inherited flag "-fembed-bitcode=all" is not supported by the currently used CC
10:50.11 warning: swgl@0.1.0: Inherited flag "-fembed-bitcode=all" is not supported by the currently used CC
10:50.11 warning: swgl@0.1.0: Inherited flag "-fembed-bitcode=all" is not supported by the currently used CC
10:50.11 warning: swgl@0.1.0: Inherited flag "-fembed-bitcode=all" is not supported by the currently used CC
10:50.11 warning: swgl@0.1.0: Inherited flag "-fembed-bitcode=all" is not supported by the currently used CC
10:50.11 warning: swgl@0.1.0: Inherited flag "-fembed-bitcode=all" is not supported by the currently used CC
10:50.11 warning: swgl@0.1.0: Inherited flag "-fembed-bitcode=all" is not supported by the currently used CC
10:50.11 warning: swgl@0.1.0: Inherited flag "-fembed-bitcode=all" is not supported by the currently used CC
10:50.11 warning: swgl@0.1.0: Inherited flag "-fembed-bitcode=all" is not supported by the currently used CC
10:50.11 warning: swgl@0.1.0: Inherited flag "-fembed-bitcode=all" is not supported by the currently used CC
10:50.11 warning: swgl@0.1.0: Inherited flag "-fembed-bitcode=all" is not supported by the currently used CC
10:50.11 warning: swgl@0.1.0: Inherited flag "-fembed-bitcode=all" is not supported by the currently used CC
10:50.11 warning: swgl@0.1.0: Inherited flag "-fembed-bitcode=all" is not supported by the currently used CC
10:50.11 warning: swgl@0.1.0: Inherited flag "-fembed-bitcode=all" is not supported by the currently used CC
10:50.11 warning: swgl@0.1.0: Inherited flag "-fembed-bitcode=all" is not supported by the currently used CC
10:50.11 warning: swgl@0.1.0: Inherited flag "-fembed-bitcode=all" is not supported by the currently used CC
10:50.11 warning: swgl@0.1.0: Inherited flag "-fembed-bitcode=all" is not supported by the currently used CC
10:50.11 warning: swgl@0.1.0: Inherited flag "-fembed-bitcode=all" is not supported by the currently used CC
10:50.11 warning: swgl@0.1.0: Inherited flag "-fembed-bitcode=all" is not supported by the currently used CC
10:50.11 warning: swgl@0.1.0: Inherited flag "-fembed-bitcode=all" is not supported by the currently used CC
10:50.11 warning: swgl@0.1.0: Inherited flag "-fembed-bitcode=all" is not supported by the currently used CC
10:50.11 warning: swgl@0.1.0: Inherited flag "-fembed-bitcode=all" is not supported by the currently used CC
10:50.11 warning: swgl@0.1.0: Inherited flag "-fembed-bitcode=all" is not supported by the currently used CC
10:50.11 warning: swgl@0.1.0: Inherited flag "-fembed-bitcode=all" is not supported by the currently used CC
10:50.11 warning: swgl@0.1.0: Inherited flag "-fembed-bitcode=all" is not supported by the currently used CC
10:50.11 warning: swgl@0.1.0: Inherited flag "-fembed-bitcode=all" is not supported by the currently used CC
10:50.11 warning: swgl@0.1.0: Inherited flag "-fembed-bitcode=all" is not supported by the currently used CC
10:50.11 warning: swgl@0.1.0: Inherited flag "-fembed-bitcode=all" is not supported by the currently used CC
10:50.11 warning: swgl@0.1.0: Inherited flag "-fembed-bitcode=all" is not supported by the currently used CC
10:50.11 warning: swgl@0.1.0: Inherited flag "-fembed-bitcode=all" is not supported by the currently used CC
10:50.11 warning: swgl@0.1.0: Inherited flag "-fembed-bitcode=all" is not supported by the currently used CC
10:50.11 warning: swgl@0.1.0: Inherited flag "-fembed-bitcode=all" is not supported by the currently used CC
10:50.11 warning: swgl@0.1.0: Inherited flag "-fembed-bitcode=all" is not supported by the currently used CC
10:50.11 warning: swgl@0.1.0: Inherited flag "-fembed-bitcode=all" is not supported by the currently used CC
10:50.11 warning: swgl@0.1.0: Inherited flag "-fembed-bitcode=all" is not supported by the currently used CC
10:50.11 warning: swgl@0.1.0: Inherited flag "-fembed-bitcode=all" is not supported by the currently used CC
10:50.11 warning: swgl@0.1.0: Inherited flag "-fembed-bitcode=all" is not supported by the currently used CC
10:50.11 warning: swgl@0.1.0: Inherited flag "-fembed-bitcode=all" is not supported by the currently used CC
10:50.11 warning: swgl@0.1.0: Inherited flag "-fembed-bitcode=all" is not supported by the currently used CC
10:50.11 warning: swgl@0.1.0: Inherited flag "-fembed-bitcode=all" is not supported by the currently used CC
10:50.11 warning: swgl@0.1.0: Inherited flag "-fembed-bitcode=all" is not supported by the currently used CC
10:50.11 warning: swgl@0.1.0: Inherited flag "-fembed-bitcode=all" is not supported by the currently used CC
10:50.11 warning: swgl@0.1.0: Inherited flag "-fembed-bitcode=all" is not supported by the currently used CC
10:50.11 warning: swgl@0.1.0: Inherited flag "-fembed-bitcode=all" is not supported by the currently used CC
10:50.11 warning: swgl@0.1.0: Inherited flag "-fembed-bitcode=all" is not supported by the currently used CC
10:50.11 warning: swgl@0.1.0: Inherited flag "-fembed-bitcode=all" is not supported by the currently used CC
10:50.11 warning: swgl@0.1.0: Inherited flag "-fembed-bitcode=all" is not supported by the currently used CC
10:50.11 warning: swgl@0.1.0: Inherited flag "-fembed-bitcode=all" is not supported by the currently used CC
10:50.11 warning: swgl@0.1.0: Inherited flag "-fembed-bitcode=all" is not supported by the currently used CC
10:50.11 warning: swgl@0.1.0: Inherited flag "-fembed-bitcode=all" is not supported by the currently used CC
10:50.11 warning: swgl@0.1.0: Inherited flag "-fembed-bitcode=all" is not supported by the currently used CC
10:50.11 warning: swgl@0.1.0: Inherited flag "-fembed-bitcode=all" is not supported by the currently used CC
10:50.11 warning: swgl@0.1.0: Inherited flag "-fembed-bitcode=all" is not supported by the currently used CC
10:50.11 warning: swgl@0.1.0: Inherited flag "-fembed-bitcode=all" is not supported by the currently used CC
10:50.11 warning: swgl@0.1.0: Inherited flag "-fembed-bitcode=all" is not supported by the currently used CC
10:50.11 warning: swgl@0.1.0: Inherited flag "-fembed-bitcode=all" is not supported by the currently used CC
10:50.11 warning: swgl@0.1.0: Inherited flag "-fembed-bitcode=all" is not supported by the currently used CC
10:50.11 warning: swgl@0.1.0: Inherited flag "-fembed-bitcode=all" is not supported by the currently used CC
10:50.11 warning: swgl@0.1.0: Inherited flag "-fembed-bitcode=all" is not supported by the currently used CC
10:50.11 warning: swgl@0.1.0: Inherited flag "-fembed-bitcode=all" is not supported by the currently used CC
10:50.11 warning: swgl@0.1.0: Inherited flag "-fembed-bitcode=all" is not supported by the currently used CC
10:50.11 warning: swgl@0.1.0: Inherited flag "-fembed-bitcode=all" is not supported by the currently used CC
10:50.11 warning: swgl@0.1.0: Inherited flag "-fembed-bitcode=all" is not supported by the currently used CC
10:50.12 warning: swgl@0.1.0: Inherited flag "-fembed-bitcode=all" is not supported by the currently used CC
10:50.12 warning: swgl@0.1.0: Inherited flag "-fembed-bitcode=all" is not supported by the currently used CC
10:50.12 warning: swgl@0.1.0: Inherited flag "-fembed-bitcode=all" is not supported by the currently used CC
10:50.12 warning: swgl@0.1.0: Inherited flag "-fembed-bitcode=all" is not supported by the currently used CC
10:50.12 warning: swgl@0.1.0: Inherited flag "-fembed-bitcode=all" is not supported by the currently used CC
10:50.12 warning: swgl@0.1.0: Inherited flag "-fembed-bitcode=all" is not supported by the currently used CC
10:50.12 warning: swgl@0.1.0: Inherited flag "-fembed-bitcode=all" is not supported by the currently used CC
10:50.12 warning: swgl@0.1.0: Inherited flag "-fembed-bitcode=all" is not supported by the currently used CC
10:50.12 warning: swgl@0.1.0: Inherited flag "-fembed-bitcode=all" is not supported by the currently used CC
10:50.12 warning: swgl@0.1.0: Inherited flag "-fembed-bitcode=all" is not supported by the currently used CC
10:50.12 warning: swgl@0.1.0: Inherited flag "-fembed-bitcode=all" is not supported by the currently used CC
10:50.12 warning: swgl@0.1.0: Inherited flag "-fembed-bitcode=all" is not supported by the currently used CC
10:50.12 warning: swgl@0.1.0: Inherited flag "-fembed-bitcode=all" is not supported by the currently used CC
10:50.12 warning: swgl@0.1.0: Inherited flag "-fembed-bitcode=all" is not supported by the currently used CC
10:50.12 warning: swgl@0.1.0: Inherited flag "-fembed-bitcode=all" is not supported by the currently used CC
10:50.12 warning: swgl@0.1.0: Inherited flag "-fembed-bitcode=all" is not supported by the currently used CC
10:50.12 warning: swgl@0.1.0: Inherited flag "-fembed-bitcode=all" is not supported by the currently used CC
10:50.12 warning: swgl@0.1.0: Inherited flag "-fembed-bitcode=all" is not supported by the currently used CC
10:50.12 warning: swgl@0.1.0: Inherited flag "-fembed-bitcode=all" is not supported by the currently used CC
10:50.12 warning: swgl@0.1.0: Inherited flag "-fembed-bitcode=all" is not supported by the currently used CC
10:50.12 warning: swgl@0.1.0: Inherited flag "-fembed-bitcode=all" is not supported by the currently used CC
10:50.12 warning: swgl@0.1.0: Inherited flag "-fembed-bitcode=all" is not supported by the currently used CC
10:50.12 warning: swgl@0.1.0: Inherited flag "-fembed-bitcode=all" is not supported by the currently used CC
10:50.12 warning: swgl@0.1.0: Inherited flag "-fembed-bitcode=all" is not supported by the currently used CC
10:50.12 warning: swgl@0.1.0: Inherited flag "-fembed-bitcode=all" is not supported by the currently used CC
10:50.12 warning: swgl@0.1.0: Inherited flag "-fembed-bitcode=all" is not supported by the currently used CC
10:50.12 warning: swgl@0.1.0: Inherited flag "-fembed-bitcode=all" is not supported by the currently used CC
10:50.12 warning: swgl@0.1.0: Inherited flag "-fembed-bitcode=all" is not supported by the currently used CC
10:50.12 warning: swgl@0.1.0: Inherited flag "-fembed-bitcode=all" is not supported by the currently used CC
11:03.87    Compiling webrender_bindings v0.1.0 (/home/berke/workdir/www/zen-browser/work/gfx/webrender_bindings)
11:05.14    Compiling gkrust-shared v0.1.0 (/home/berke/workdir/www/zen-browser/work/toolkit/library/rust/shared)
11:20.38    Compiling gkrust v0.1.0 (/home/berke/workdir/www/zen-browser/work/toolkit/library/rust)
13:41.78     Finished `release` profile [unoptimized] target(s) in 11m 52s
13:42.33 toolkit/library/rust/libgkrust.a
13:42.33 gmake[3]: *** [/home/berke/workdir/www/zen-browser/work/config/recurse.mk:34: compile] Error 2
13:42.33 gmake[2]: *** [/home/berke/workdir/www/zen-browser/work/config/rules.mk:359: default] Error 2
13:42.33 gmake[1]: *** [client.mk:60: build] Error 2
13:42.44 W 12 compiler warnings present.
13:43.06 /usr/local/bin/notify-send '--app-name=Mozilla Build System' 'Mozilla Build System' 'Build failed'
 /home/berke/workdir/www/zen-browser/work/.build/config.status is out of date with respect to /home/berke/workdir/www/zen-browser/work/.build/.mozconfig.json
Configure complete!
Be sure to run |mach build| to pick up any changes
*** Error code 2

Stop.
make: stopped making "all" in /home/berke/workdir/www/zen-browser
